[2024-05-08T01:22:56.952+0000] {local_task_job_runner.py:120} INFO - ::group::Pre task execution logs
[2024-05-08T01:22:57.020+0000] {taskinstance.py:2073} INFO - Dependencies all met for dep_context=non-requeueable deps ti=<TaskInstance: sample.get_files scheduled__2024-05-08T00:00:00+00:00 [queued]>
[2024-05-08T01:22:57.076+0000] {taskinstance.py:2073} INFO - Dependencies all met for dep_context=requeueable deps ti=<TaskInstance: sample.get_files scheduled__2024-05-08T00:00:00+00:00 [queued]>
[2024-05-08T01:22:57.077+0000] {taskinstance.py:2303} INFO - Starting attempt 1 of 1
[2024-05-08T01:22:57.146+0000] {taskinstance.py:2327} INFO - Executing <Task(PythonOperator): get_files> on 2024-05-08 00:00:00+00:00
[2024-05-08T01:22:57.204+0000] {logging_mixin.py:188} WARNING - /home/***/.local/lib/python3.12/site-packages/***/task/task_runner/standard_task_runner.py:61 DeprecationWarning: This process (pid=160) is multi-threaded, use of fork() may lead to deadlocks in the child.
[2024-05-08T01:22:57.213+0000] {standard_task_runner.py:63} INFO - Started process 230 to run task
[2024-05-08T01:22:57.206+0000] {standard_task_runner.py:90} INFO - Running: ['***', 'tasks', 'run', 'sample', 'get_files', 'scheduled__2024-05-08T00:00:00+00:00', '--job-id', '237', '--raw', '--subdir', 'DAGS_FOLDER/my_dag.py', '--cfg-path', '/tmp/tmpxb29zj3g']
[2024-05-08T01:22:57.225+0000] {standard_task_runner.py:91} INFO - Job 237: Subtask get_files
[2024-05-08T01:22:57.395+0000] {task_command.py:426} INFO - Running <TaskInstance: sample.get_files scheduled__2024-05-08T00:00:00+00:00 [running]> on host 5bc5768c5236
[2024-05-08T01:22:57.659+0000] {taskinstance.py:2644} INFO - Exporting env vars: AIRFLOW_CTX_DAG_OWNER='***' AIRFLOW_CTX_DAG_ID='sample' AIRFLOW_CTX_TASK_ID='get_files' AIRFLOW_CTX_EXECUTION_DATE='2024-05-08T00:00:00+00:00' AIRFLOW_CTX_TRY_NUMBER='1' AIRFLOW_CTX_DAG_RUN_ID='scheduled__2024-05-08T00:00:00+00:00'
[2024-05-08T01:22:57.660+0000] {taskinstance.py:430} INFO - ::endgroup::
[2024-05-08T01:22:58.907+0000] {logging_mixin.py:188} WARNING - /home/***/.local/lib/python3.12/site-packages/urllib3/connectionpool.py:1061 InsecureRequestWarning: Unverified HTTPS request is being made to host 'opendata.onde.go.th'. Adding certificate verification is strongly advised. See: https://urllib3.readthedocs.io/en/1.26.x/advanced-usage.html#ssl-warnings
[2024-05-08T01:23:02.537+0000] {logging_mixin.py:188} WARNING - /home/***/.local/lib/python3.12/site-packages/urllib3/connectionpool.py:1061 InsecureRequestWarning: Unverified HTTPS request is being made to host 'opendata.onde.go.th'. Adding certificate verification is strongly advised. See: https://urllib3.readthedocs.io/en/1.26.x/advanced-usage.html#ssl-warnings
[2024-05-08T01:23:02.760+0000] {logging_mixin.py:188} WARNING - /home/***/.local/lib/python3.12/site-packages/urllib3/connectionpool.py:1061 InsecureRequestWarning: Unverified HTTPS request is being made to host 'opendata.onde.go.th'. Adding certificate verification is strongly advised. See: https://urllib3.readthedocs.io/en/1.26.x/advanced-usage.html#ssl-warnings
[2024-05-08T01:23:03.038+0000] {logging_mixin.py:188} WARNING - /home/***/.local/lib/python3.12/site-packages/urllib3/connectionpool.py:1061 InsecureRequestWarning: Unverified HTTPS request is being made to host 'opendata.onde.go.th'. Adding certificate verification is strongly advised. See: https://urllib3.readthedocs.io/en/1.26.x/advanced-usage.html#ssl-warnings
[2024-05-08T01:23:03.264+0000] {logging_mixin.py:188} WARNING - /home/***/.local/lib/python3.12/site-packages/urllib3/connectionpool.py:1061 InsecureRequestWarning: Unverified HTTPS request is being made to host 'opendata.onde.go.th'. Adding certificate verification is strongly advised. See: https://urllib3.readthedocs.io/en/1.26.x/advanced-usage.html#ssl-warnings
[2024-05-08T01:23:03.490+0000] {logging_mixin.py:188} WARNING - /home/***/.local/lib/python3.12/site-packages/urllib3/connectionpool.py:1061 InsecureRequestWarning: Unverified HTTPS request is being made to host 'opendata.onde.go.th'. Adding certificate verification is strongly advised. See: https://urllib3.readthedocs.io/en/1.26.x/advanced-usage.html#ssl-warnings
[2024-05-08T01:23:03.713+0000] {logging_mixin.py:188} WARNING - /home/***/.local/lib/python3.12/site-packages/urllib3/connectionpool.py:1061 InsecureRequestWarning: Unverified HTTPS request is being made to host 'opendata.onde.go.th'. Adding certificate verification is strongly advised. See: https://urllib3.readthedocs.io/en/1.26.x/advanced-usage.html#ssl-warnings
[2024-05-08T01:23:03.963+0000] {logging_mixin.py:188} WARNING - /home/***/.local/lib/python3.12/site-packages/urllib3/connectionpool.py:1061 InsecureRequestWarning: Unverified HTTPS request is being made to host 'opendata.onde.go.th'. Adding certificate verification is strongly advised. See: https://urllib3.readthedocs.io/en/1.26.x/advanced-usage.html#ssl-warnings
[2024-05-08T01:23:04.199+0000] {logging_mixin.py:188} WARNING - /home/***/.local/lib/python3.12/site-packages/urllib3/connectionpool.py:1061 InsecureRequestWarning: Unverified HTTPS request is being made to host 'opendata.onde.go.th'. Adding certificate verification is strongly advised. See: https://urllib3.readthedocs.io/en/1.26.x/advanced-usage.html#ssl-warnings
[2024-05-08T01:23:04.434+0000] {logging_mixin.py:188} WARNING - /home/***/.local/lib/python3.12/site-packages/urllib3/connectionpool.py:1061 InsecureRequestWarning: Unverified HTTPS request is being made to host 'opendata.onde.go.th'. Adding certificate verification is strongly advised. See: https://urllib3.readthedocs.io/en/1.26.x/advanced-usage.html#ssl-warnings
[2024-05-08T01:23:04.785+0000] {logging_mixin.py:188} WARNING - /home/***/.local/lib/python3.12/site-packages/urllib3/connectionpool.py:1061 InsecureRequestWarning: Unverified HTTPS request is being made to host 'opendata.onde.go.th'. Adding certificate verification is strongly advised. See: https://urllib3.readthedocs.io/en/1.26.x/advanced-usage.html#ssl-warnings
[2024-05-08T01:23:05.030+0000] {logging_mixin.py:188} WARNING - /home/***/.local/lib/python3.12/site-packages/urllib3/connectionpool.py:1061 InsecureRequestWarning: Unverified HTTPS request is being made to host 'opendata.onde.go.th'. Adding certificate verification is strongly advised. See: https://urllib3.readthedocs.io/en/1.26.x/advanced-usage.html#ssl-warnings
[2024-05-08T01:23:05.261+0000] {logging_mixin.py:188} WARNING - /home/***/.local/lib/python3.12/site-packages/urllib3/connectionpool.py:1061 InsecureRequestWarning: Unverified HTTPS request is being made to host 'opendata.onde.go.th'. Adding certificate verification is strongly advised. See: https://urllib3.readthedocs.io/en/1.26.x/advanced-usage.html#ssl-warnings
[2024-05-08T01:23:06.499+0000] {logging_mixin.py:188} WARNING - /home/***/.local/lib/python3.12/site-packages/urllib3/connectionpool.py:1061 InsecureRequestWarning: Unverified HTTPS request is being made to host 'opendata.onde.go.th'. Adding certificate verification is strongly advised. See: https://urllib3.readthedocs.io/en/1.26.x/advanced-usage.html#ssl-warnings
[2024-05-08T01:23:06.717+0000] {logging_mixin.py:188} WARNING - /home/***/.local/lib/python3.12/site-packages/urllib3/connectionpool.py:1061 InsecureRequestWarning: Unverified HTTPS request is being made to host 'opendata.onde.go.th'. Adding certificate verification is strongly advised. See: https://urllib3.readthedocs.io/en/1.26.x/advanced-usage.html#ssl-warnings
[2024-05-08T01:23:06.935+0000] {logging_mixin.py:188} WARNING - /home/***/.local/lib/python3.12/site-packages/urllib3/connectionpool.py:1061 InsecureRequestWarning: Unverified HTTPS request is being made to host 'opendata.onde.go.th'. Adding certificate verification is strongly advised. See: https://urllib3.readthedocs.io/en/1.26.x/advanced-usage.html#ssl-warnings
[2024-05-08T01:23:07.172+0000] {logging_mixin.py:188} WARNING - /home/***/.local/lib/python3.12/site-packages/urllib3/connectionpool.py:1061 InsecureRequestWarning: Unverified HTTPS request is being made to host 'opendata.onde.go.th'. Adding certificate verification is strongly advised. See: https://urllib3.readthedocs.io/en/1.26.x/advanced-usage.html#ssl-warnings
[2024-05-08T01:23:07.425+0000] {logging_mixin.py:188} WARNING - /home/***/.local/lib/python3.12/site-packages/urllib3/connectionpool.py:1061 InsecureRequestWarning: Unverified HTTPS request is being made to host 'opendata.onde.go.th'. Adding certificate verification is strongly advised. See: https://urllib3.readthedocs.io/en/1.26.x/advanced-usage.html#ssl-warnings
[2024-05-08T01:23:07.652+0000] {logging_mixin.py:188} WARNING - /home/***/.local/lib/python3.12/site-packages/urllib3/connectionpool.py:1061 InsecureRequestWarning: Unverified HTTPS request is being made to host 'opendata.onde.go.th'. Adding certificate verification is strongly advised. See: https://urllib3.readthedocs.io/en/1.26.x/advanced-usage.html#ssl-warnings
[2024-05-08T01:23:07.872+0000] {logging_mixin.py:188} WARNING - /home/***/.local/lib/python3.12/site-packages/urllib3/connectionpool.py:1061 InsecureRequestWarning: Unverified HTTPS request is being made to host 'opendata.onde.go.th'. Adding certificate verification is strongly advised. See: https://urllib3.readthedocs.io/en/1.26.x/advanced-usage.html#ssl-warnings
[2024-05-08T01:23:08.096+0000] {logging_mixin.py:188} WARNING - /home/***/.local/lib/python3.12/site-packages/urllib3/connectionpool.py:1061 InsecureRequestWarning: Unverified HTTPS request is being made to host 'opendata.onde.go.th'. Adding certificate verification is strongly advised. See: https://urllib3.readthedocs.io/en/1.26.x/advanced-usage.html#ssl-warnings
[2024-05-08T01:23:08.338+0000] {logging_mixin.py:188} WARNING - /home/***/.local/lib/python3.12/site-packages/urllib3/connectionpool.py:1061 InsecureRequestWarning: Unverified HTTPS request is being made to host 'opendata.onde.go.th'. Adding certificate verification is strongly advised. See: https://urllib3.readthedocs.io/en/1.26.x/advanced-usage.html#ssl-warnings
[2024-05-08T01:23:08.564+0000] {logging_mixin.py:188} WARNING - /home/***/.local/lib/python3.12/site-packages/urllib3/connectionpool.py:1061 InsecureRequestWarning: Unverified HTTPS request is being made to host 'opendata.onde.go.th'. Adding certificate verification is strongly advised. See: https://urllib3.readthedocs.io/en/1.26.x/advanced-usage.html#ssl-warnings
[2024-05-08T01:23:08.786+0000] {logging_mixin.py:188} WARNING - /home/***/.local/lib/python3.12/site-packages/urllib3/connectionpool.py:1061 InsecureRequestWarning: Unverified HTTPS request is being made to host 'opendata.onde.go.th'. Adding certificate verification is strongly advised. See: https://urllib3.readthedocs.io/en/1.26.x/advanced-usage.html#ssl-warnings
[2024-05-08T01:23:09.028+0000] {logging_mixin.py:188} WARNING - /home/***/.local/lib/python3.12/site-packages/urllib3/connectionpool.py:1061 InsecureRequestWarning: Unverified HTTPS request is being made to host 'opendata.onde.go.th'. Adding certificate verification is strongly advised. See: https://urllib3.readthedocs.io/en/1.26.x/advanced-usage.html#ssl-warnings
[2024-05-08T01:23:09.142+0000] {python.py:237} INFO - Done. Returned value was: None
[2024-05-08T01:23:09.143+0000] {taskinstance.py:441} INFO - ::group::Post task execution logs
[2024-05-08T01:23:09.162+0000] {taskinstance.py:1205} INFO - Marking task as SUCCESS. dag_id=sample, task_id=get_files, execution_date=20240508T000000, start_date=20240508T012257, end_date=20240508T012309
[2024-05-08T01:23:09.227+0000] {local_task_job_runner.py:240} INFO - Task exited with return code 0
[2024-05-08T01:23:09.280+0000] {taskinstance.py:3482} INFO - 2 downstream tasks scheduled from follow-on schedule check
[2024-05-08T01:23:09.291+0000] {local_task_job_runner.py:222} INFO - ::endgroup::
