[2024-05-05T09:04:20.748+0000] {local_task_job_runner.py:120} INFO - ::group::Pre task execution logs
[2024-05-05T09:04:20.790+0000] {taskinstance.py:2073} INFO - Dependencies all met for dep_context=non-requeueable deps ti=<TaskInstance: sample.upload_to_gcs manual__2024-05-05T09:04:09.920819+00:00 [queued]>
[2024-05-05T09:04:20.807+0000] {taskinstance.py:2073} INFO - Dependencies all met for dep_context=requeueable deps ti=<TaskInstance: sample.upload_to_gcs manual__2024-05-05T09:04:09.920819+00:00 [queued]>
[2024-05-05T09:04:20.807+0000] {taskinstance.py:2303} INFO - Starting attempt 1 of 1
[2024-05-05T09:04:20.836+0000] {taskinstance.py:2327} INFO - Executing <Task(LocalFilesystemToGCSOperator): upload_to_gcs> on 2024-05-05 09:04:09.920819+00:00
[2024-05-05T09:04:20.860+0000] {logging_mixin.py:188} WARNING - /home/***/.local/lib/python3.12/site-packages/***/task/task_runner/standard_task_runner.py:61 DeprecationWarning: This process (pid=45861) is multi-threaded, use of fork() may lead to deadlocks in the child.
[2024-05-05T09:04:20.869+0000] {standard_task_runner.py:63} INFO - Started process 45875 to run task
[2024-05-05T09:04:20.867+0000] {standard_task_runner.py:90} INFO - Running: ['***', 'tasks', 'run', 'sample', 'upload_to_gcs', 'manual__2024-05-05T09:04:09.920819+00:00', '--job-id', '172', '--raw', '--subdir', 'DAGS_FOLDER/my_dag.py', '--cfg-path', '/tmp/tmpsb1vwehs']
[2024-05-05T09:04:20.871+0000] {standard_task_runner.py:91} INFO - Job 172: Subtask upload_to_gcs
[2024-05-05T09:04:20.975+0000] {task_command.py:426} INFO - Running <TaskInstance: sample.upload_to_gcs manual__2024-05-05T09:04:09.920819+00:00 [running]> on host 5bc5768c5236
[2024-05-05T09:04:21.136+0000] {taskinstance.py:2644} INFO - Exporting env vars: AIRFLOW_CTX_DAG_OWNER='***' AIRFLOW_CTX_DAG_ID='sample' AIRFLOW_CTX_TASK_ID='upload_to_gcs' AIRFLOW_CTX_EXECUTION_DATE='2024-05-05T09:04:09.920819+00:00' AIRFLOW_CTX_TRY_NUMBER='1' AIRFLOW_CTX_DAG_RUN_ID='manual__2024-05-05T09:04:09.920819+00:00'
[2024-05-05T09:04:21.139+0000] {taskinstance.py:430} INFO - ::endgroup::
[2024-05-05T09:04:21.146+0000] {connection.py:274} WARNING - Connection schemes (type: google_cloud_platform) shall not contain '_' according to RFC3986.
[2024-05-05T09:04:21.151+0000] {base.py:84} INFO - Using connection ID 'my_gcp_conn' for task execution.
[2024-05-05T09:04:21.391+0000] {gcs.py:557} INFO - File /opt/***/dags/data/2024-05-05_1.csv uploaded to pm25_raw/2024-05-05_1.csv in dw-projec-swu-ds525 bucket
[2024-05-05T09:04:21.455+0000] {gcs.py:557} INFO - File /opt/***/dags/data/2024-05-05_5.csv uploaded to pm25_raw/2024-05-05_5.csv in dw-projec-swu-ds525 bucket
[2024-05-05T09:04:21.527+0000] {gcs.py:557} INFO - File /opt/***/dags/data/2024-05-04_2.csv uploaded to pm25_raw/2024-05-04_2.csv in dw-projec-swu-ds525 bucket
[2024-05-05T09:04:21.593+0000] {gcs.py:557} INFO - File /opt/***/dags/data/2024-05-02_19.csv uploaded to pm25_raw/2024-05-02_19.csv in dw-projec-swu-ds525 bucket
[2024-05-05T09:04:21.659+0000] {gcs.py:557} INFO - File /opt/***/dags/data/2024-05-02_21.csv uploaded to pm25_raw/2024-05-02_21.csv in dw-projec-swu-ds525 bucket
[2024-05-05T09:04:21.728+0000] {gcs.py:557} INFO - File /opt/***/dags/data/2024-05-03_22.csv uploaded to pm25_raw/2024-05-03_22.csv in dw-projec-swu-ds525 bucket
[2024-05-05T09:04:21.784+0000] {gcs.py:557} INFO - File /opt/***/dags/data/2024-05-03_1.csv uploaded to pm25_raw/2024-05-03_1.csv in dw-projec-swu-ds525 bucket
[2024-05-05T09:04:21.835+0000] {gcs.py:557} INFO - File /opt/***/dags/data/2024-05-05_10.csv uploaded to pm25_raw/2024-05-05_10.csv in dw-projec-swu-ds525 bucket
[2024-05-05T09:04:21.893+0000] {gcs.py:557} INFO - File /opt/***/dags/data/2024-05-02_18.csv uploaded to pm25_raw/2024-05-02_18.csv in dw-projec-swu-ds525 bucket
[2024-05-05T09:04:21.947+0000] {gcs.py:557} INFO - File /opt/***/dags/data/2024-05-02_10.csv uploaded to pm25_raw/2024-05-02_10.csv in dw-projec-swu-ds525 bucket
[2024-05-05T09:04:22.007+0000] {gcs.py:557} INFO - File /opt/***/dags/data/2024-05-04_10.csv uploaded to pm25_raw/2024-05-04_10.csv in dw-projec-swu-ds525 bucket
[2024-05-05T09:04:22.083+0000] {gcs.py:557} INFO - File /opt/***/dags/data/2024-05-02_15.csv uploaded to pm25_raw/2024-05-02_15.csv in dw-projec-swu-ds525 bucket
[2024-05-05T09:04:22.156+0000] {gcs.py:557} INFO - File /opt/***/dags/data/2024-05-05_13.csv uploaded to pm25_raw/2024-05-05_13.csv in dw-projec-swu-ds525 bucket
[2024-05-05T09:04:22.217+0000] {gcs.py:557} INFO - File /opt/***/dags/data/2024-05-04_22.csv uploaded to pm25_raw/2024-05-04_22.csv in dw-projec-swu-ds525 bucket
[2024-05-05T09:04:22.285+0000] {gcs.py:557} INFO - File /opt/***/dags/data/2024-05-04_6.csv uploaded to pm25_raw/2024-05-04_6.csv in dw-projec-swu-ds525 bucket
[2024-05-05T09:04:22.344+0000] {gcs.py:557} INFO - File /opt/***/dags/data/2024-05-04_19.csv uploaded to pm25_raw/2024-05-04_19.csv in dw-projec-swu-ds525 bucket
[2024-05-05T09:04:22.416+0000] {gcs.py:557} INFO - File /opt/***/dags/data/2024-05-04_9.csv uploaded to pm25_raw/2024-05-04_9.csv in dw-projec-swu-ds525 bucket
[2024-05-05T09:04:22.481+0000] {gcs.py:557} INFO - File /opt/***/dags/data/2024-05-04_15.csv uploaded to pm25_raw/2024-05-04_15.csv in dw-projec-swu-ds525 bucket
[2024-05-05T09:04:22.535+0000] {gcs.py:557} INFO - File /opt/***/dags/data/2024-05-02_13.csv uploaded to pm25_raw/2024-05-02_13.csv in dw-projec-swu-ds525 bucket
[2024-05-05T09:04:22.588+0000] {gcs.py:557} INFO - File /opt/***/dags/data/2024-05-04_18.csv uploaded to pm25_raw/2024-05-04_18.csv in dw-projec-swu-ds525 bucket
[2024-05-05T09:04:22.667+0000] {gcs.py:557} INFO - File /opt/***/dags/data/2024-05-04_21.csv uploaded to pm25_raw/2024-05-04_21.csv in dw-projec-swu-ds525 bucket
[2024-05-05T09:04:22.722+0000] {gcs.py:557} INFO - File /opt/***/dags/data/2024-05-03_19.csv uploaded to pm25_raw/2024-05-03_19.csv in dw-projec-swu-ds525 bucket
[2024-05-05T09:04:22.783+0000] {gcs.py:557} INFO - File /opt/***/dags/data/2024-05-03_21.csv uploaded to pm25_raw/2024-05-03_21.csv in dw-projec-swu-ds525 bucket
[2024-05-05T09:04:22.841+0000] {gcs.py:557} INFO - File /opt/***/dags/data/2024-05-02_7.csv uploaded to pm25_raw/2024-05-02_7.csv in dw-projec-swu-ds525 bucket
[2024-05-05T09:04:22.900+0000] {gcs.py:557} INFO - File /opt/***/dags/data/2024-05-03_23.csv uploaded to pm25_raw/2024-05-03_23.csv in dw-projec-swu-ds525 bucket
[2024-05-05T09:04:22.962+0000] {gcs.py:557} INFO - File /opt/***/dags/data/2024-05-02_2.csv uploaded to pm25_raw/2024-05-02_2.csv in dw-projec-swu-ds525 bucket
[2024-05-05T09:04:23.027+0000] {gcs.py:557} INFO - File /opt/***/dags/data/2024-05-05_4.csv uploaded to pm25_raw/2024-05-05_4.csv in dw-projec-swu-ds525 bucket
[2024-05-05T09:04:23.085+0000] {gcs.py:557} INFO - File /opt/***/dags/data/2024-05-04_5.csv uploaded to pm25_raw/2024-05-04_5.csv in dw-projec-swu-ds525 bucket
[2024-05-05T09:04:23.140+0000] {gcs.py:557} INFO - File /opt/***/dags/data/2024-05-04_23.csv uploaded to pm25_raw/2024-05-04_23.csv in dw-projec-swu-ds525 bucket
[2024-05-05T09:04:23.197+0000] {gcs.py:557} INFO - File /opt/***/dags/data/2024-05-03_15.csv uploaded to pm25_raw/2024-05-03_15.csv in dw-projec-swu-ds525 bucket
[2024-05-05T09:04:23.249+0000] {gcs.py:557} INFO - File /opt/***/dags/data/2024-05-03_10.csv uploaded to pm25_raw/2024-05-03_10.csv in dw-projec-swu-ds525 bucket
[2024-05-05T09:04:23.303+0000] {gcs.py:557} INFO - File /opt/***/dags/data/2024-05-05_12.csv uploaded to pm25_raw/2024-05-05_12.csv in dw-projec-swu-ds525 bucket
[2024-05-05T09:04:23.358+0000] {gcs.py:557} INFO - File /opt/***/dags/data/2024-05-02_17.csv uploaded to pm25_raw/2024-05-02_17.csv in dw-projec-swu-ds525 bucket
[2024-05-05T09:04:23.414+0000] {gcs.py:557} INFO - File /opt/***/dags/data/2024-05-04_17.csv uploaded to pm25_raw/2024-05-04_17.csv in dw-projec-swu-ds525 bucket
[2024-05-05T09:04:23.466+0000] {gcs.py:557} INFO - File /opt/***/dags/data/2024-05-02_3.csv uploaded to pm25_raw/2024-05-02_3.csv in dw-projec-swu-ds525 bucket
[2024-05-05T09:04:23.511+0000] {gcs.py:557} INFO - File /opt/***/dags/data/2024-05-05_15.csv uploaded to pm25_raw/2024-05-05_15.csv in dw-projec-swu-ds525 bucket
[2024-05-05T09:04:23.578+0000] {gcs.py:557} INFO - File /opt/***/dags/data/2024-05-04_8.csv uploaded to pm25_raw/2024-05-04_8.csv in dw-projec-swu-ds525 bucket
[2024-05-05T09:04:23.636+0000] {gcs.py:557} INFO - File /opt/***/dags/data/2024-05-03_4.csv uploaded to pm25_raw/2024-05-03_4.csv in dw-projec-swu-ds525 bucket
[2024-05-05T09:04:23.687+0000] {gcs.py:557} INFO - File /opt/***/dags/data/2024-05-02_22.csv uploaded to pm25_raw/2024-05-02_22.csv in dw-projec-swu-ds525 bucket
[2024-05-05T09:04:23.743+0000] {gcs.py:557} INFO - File /opt/***/dags/data/2024-05-03_5.csv uploaded to pm25_raw/2024-05-03_5.csv in dw-projec-swu-ds525 bucket
[2024-05-05T09:04:23.798+0000] {gcs.py:557} INFO - File /opt/***/dags/data/2024-05-05_0.csv uploaded to pm25_raw/2024-05-05_0.csv in dw-projec-swu-ds525 bucket
[2024-05-05T09:04:23.859+0000] {gcs.py:557} INFO - File /opt/***/dags/data/2024-05-02_9.csv uploaded to pm25_raw/2024-05-02_9.csv in dw-projec-swu-ds525 bucket
[2024-05-05T09:04:23.917+0000] {gcs.py:557} INFO - File /opt/***/dags/data/2024-05-02_23.csv uploaded to pm25_raw/2024-05-02_23.csv in dw-projec-swu-ds525 bucket
[2024-05-05T09:04:23.973+0000] {gcs.py:557} INFO - File /opt/***/dags/data/2024-05-04_20.csv uploaded to pm25_raw/2024-05-04_20.csv in dw-projec-swu-ds525 bucket
[2024-05-05T09:04:24.031+0000] {gcs.py:557} INFO - File /opt/***/dags/data/2024-05-05_11.csv uploaded to pm25_raw/2024-05-05_11.csv in dw-projec-swu-ds525 bucket
[2024-05-05T09:04:24.098+0000] {gcs.py:557} INFO - File /opt/***/dags/data/2024-05-04_0.csv uploaded to pm25_raw/2024-05-04_0.csv in dw-projec-swu-ds525 bucket
[2024-05-05T09:04:24.158+0000] {gcs.py:557} INFO - File /opt/***/dags/data/2024-05-04_14.csv uploaded to pm25_raw/2024-05-04_14.csv in dw-projec-swu-ds525 bucket
[2024-05-05T09:04:24.216+0000] {gcs.py:557} INFO - File /opt/***/dags/data/2024-05-03_6.csv uploaded to pm25_raw/2024-05-03_6.csv in dw-projec-swu-ds525 bucket
[2024-05-05T09:04:24.269+0000] {gcs.py:557} INFO - File /opt/***/dags/data/2024-05-03_20.csv uploaded to pm25_raw/2024-05-03_20.csv in dw-projec-swu-ds525 bucket
[2024-05-05T09:04:24.319+0000] {gcs.py:557} INFO - File /opt/***/dags/data/2024-05-03_12.csv uploaded to pm25_raw/2024-05-03_12.csv in dw-projec-swu-ds525 bucket
[2024-05-05T09:04:24.383+0000] {gcs.py:557} INFO - File /opt/***/dags/data/2024-05-03_16.csv uploaded to pm25_raw/2024-05-03_16.csv in dw-projec-swu-ds525 bucket
[2024-05-05T09:04:24.436+0000] {gcs.py:557} INFO - File /opt/***/dags/data/2024-05-02_14.csv uploaded to pm25_raw/2024-05-02_14.csv in dw-projec-swu-ds525 bucket
[2024-05-05T09:04:24.497+0000] {gcs.py:557} INFO - File /opt/***/dags/data/2024-05-02_12.csv uploaded to pm25_raw/2024-05-02_12.csv in dw-projec-swu-ds525 bucket
[2024-05-05T09:04:24.559+0000] {gcs.py:557} INFO - File /opt/***/dags/data/2024-05-03_17.csv uploaded to pm25_raw/2024-05-03_17.csv in dw-projec-swu-ds525 bucket
[2024-05-05T09:04:24.615+0000] {gcs.py:557} INFO - File /opt/***/dags/data/2024-05-02_16.csv uploaded to pm25_raw/2024-05-02_16.csv in dw-projec-swu-ds525 bucket
[2024-05-05T09:04:24.671+0000] {gcs.py:557} INFO - File /opt/***/dags/data/2024-05-02_6.csv uploaded to pm25_raw/2024-05-02_6.csv in dw-projec-swu-ds525 bucket
[2024-05-05T09:04:24.730+0000] {gcs.py:557} INFO - File /opt/***/dags/data/2024-05-03_11.csv uploaded to pm25_raw/2024-05-03_11.csv in dw-projec-swu-ds525 bucket
[2024-05-05T09:04:24.794+0000] {gcs.py:557} INFO - File /opt/***/dags/data/2024-05-03_7.csv uploaded to pm25_raw/2024-05-03_7.csv in dw-projec-swu-ds525 bucket
[2024-05-05T09:04:24.860+0000] {gcs.py:557} INFO - File /opt/***/dags/data/2024-05-02_8.csv uploaded to pm25_raw/2024-05-02_8.csv in dw-projec-swu-ds525 bucket
[2024-05-05T09:04:24.928+0000] {gcs.py:557} INFO - File /opt/***/dags/data/2024-05-03_2.csv uploaded to pm25_raw/2024-05-03_2.csv in dw-projec-swu-ds525 bucket
[2024-05-05T09:04:24.983+0000] {gcs.py:557} INFO - File /opt/***/dags/data/2024-05-05_6.csv uploaded to pm25_raw/2024-05-05_6.csv in dw-projec-swu-ds525 bucket
[2024-05-05T09:04:25.041+0000] {gcs.py:557} INFO - File /opt/***/dags/data/2024-05-03_9.csv uploaded to pm25_raw/2024-05-03_9.csv in dw-projec-swu-ds525 bucket
[2024-05-05T09:04:25.099+0000] {gcs.py:557} INFO - File /opt/***/dags/data/2024-05-02_5.csv uploaded to pm25_raw/2024-05-02_5.csv in dw-projec-swu-ds525 bucket
[2024-05-05T09:04:25.148+0000] {gcs.py:557} INFO - File /opt/***/dags/data/2024-05-04_3.csv uploaded to pm25_raw/2024-05-04_3.csv in dw-projec-swu-ds525 bucket
[2024-05-05T09:04:25.205+0000] {gcs.py:557} INFO - File /opt/***/dags/data/2024-05-02_4.csv uploaded to pm25_raw/2024-05-02_4.csv in dw-projec-swu-ds525 bucket
[2024-05-05T09:04:25.250+0000] {gcs.py:557} INFO - File /opt/***/dags/data/2024-05-03_18.csv uploaded to pm25_raw/2024-05-03_18.csv in dw-projec-swu-ds525 bucket
[2024-05-05T09:04:25.302+0000] {gcs.py:557} INFO - File /opt/***/dags/data/2024-05-05_14.csv uploaded to pm25_raw/2024-05-05_14.csv in dw-projec-swu-ds525 bucket
[2024-05-05T09:04:25.358+0000] {gcs.py:557} INFO - File /opt/***/dags/data/2024-05-02_11.csv uploaded to pm25_raw/2024-05-02_11.csv in dw-projec-swu-ds525 bucket
[2024-05-05T09:04:25.417+0000] {gcs.py:557} INFO - File /opt/***/dags/data/2024-05-04_16.csv uploaded to pm25_raw/2024-05-04_16.csv in dw-projec-swu-ds525 bucket
[2024-05-05T09:04:25.484+0000] {gcs.py:557} INFO - File /opt/***/dags/data/2024-05-04_4.csv uploaded to pm25_raw/2024-05-04_4.csv in dw-projec-swu-ds525 bucket
[2024-05-05T09:04:25.543+0000] {gcs.py:557} INFO - File /opt/***/dags/data/2024-05-02_1.csv uploaded to pm25_raw/2024-05-02_1.csv in dw-projec-swu-ds525 bucket
[2024-05-05T09:04:25.608+0000] {gcs.py:557} INFO - File /opt/***/dags/data/2024-05-02_0.csv uploaded to pm25_raw/2024-05-02_0.csv in dw-projec-swu-ds525 bucket
[2024-05-05T09:04:25.668+0000] {gcs.py:557} INFO - File /opt/***/dags/data/2024-05-04_7.csv uploaded to pm25_raw/2024-05-04_7.csv in dw-projec-swu-ds525 bucket
[2024-05-05T09:04:25.723+0000] {gcs.py:557} INFO - File /opt/***/dags/data/2024-05-01_23.csv uploaded to pm25_raw/2024-05-01_23.csv in dw-projec-swu-ds525 bucket
[2024-05-05T09:04:25.792+0000] {gcs.py:557} INFO - File /opt/***/dags/data/2024-05-04_1.csv uploaded to pm25_raw/2024-05-04_1.csv in dw-projec-swu-ds525 bucket
[2024-05-05T09:04:25.843+0000] {gcs.py:557} INFO - File /opt/***/dags/data/2024-05-03_0.csv uploaded to pm25_raw/2024-05-03_0.csv in dw-projec-swu-ds525 bucket
[2024-05-05T09:04:25.903+0000] {gcs.py:557} INFO - File /opt/***/dags/data/2024-05-05_9.csv uploaded to pm25_raw/2024-05-05_9.csv in dw-projec-swu-ds525 bucket
[2024-05-05T09:04:25.972+0000] {gcs.py:557} INFO - File /opt/***/dags/data/2024-05-05_7.csv uploaded to pm25_raw/2024-05-05_7.csv in dw-projec-swu-ds525 bucket
[2024-05-05T09:04:26.026+0000] {gcs.py:557} INFO - File /opt/***/dags/data/2024-05-05_8.csv uploaded to pm25_raw/2024-05-05_8.csv in dw-projec-swu-ds525 bucket
[2024-05-05T09:04:26.084+0000] {gcs.py:557} INFO - File /opt/***/dags/data/2024-05-04_12.csv uploaded to pm25_raw/2024-05-04_12.csv in dw-projec-swu-ds525 bucket
[2024-05-05T09:04:26.139+0000] {gcs.py:557} INFO - File /opt/***/dags/data/2024-05-03_3.csv uploaded to pm25_raw/2024-05-03_3.csv in dw-projec-swu-ds525 bucket
[2024-05-05T09:04:26.193+0000] {gcs.py:557} INFO - File /opt/***/dags/data/2024-05-02_20.csv uploaded to pm25_raw/2024-05-02_20.csv in dw-projec-swu-ds525 bucket
[2024-05-05T09:04:26.249+0000] {gcs.py:557} INFO - File /opt/***/dags/data/2024-05-05_3.csv uploaded to pm25_raw/2024-05-05_3.csv in dw-projec-swu-ds525 bucket
[2024-05-05T09:04:26.304+0000] {gcs.py:557} INFO - File /opt/***/dags/data/2024-05-05_2.csv uploaded to pm25_raw/2024-05-05_2.csv in dw-projec-swu-ds525 bucket
[2024-05-05T09:04:26.366+0000] {gcs.py:557} INFO - File /opt/***/dags/data/2024-05-03_8.csv uploaded to pm25_raw/2024-05-03_8.csv in dw-projec-swu-ds525 bucket
[2024-05-05T09:04:26.425+0000] {gcs.py:557} INFO - File /opt/***/dags/data/2024-05-04_13.csv uploaded to pm25_raw/2024-05-04_13.csv in dw-projec-swu-ds525 bucket
[2024-05-05T09:04:26.487+0000] {gcs.py:557} INFO - File /opt/***/dags/data/2024-05-04_11.csv uploaded to pm25_raw/2024-05-04_11.csv in dw-projec-swu-ds525 bucket
[2024-05-05T09:04:26.488+0000] {taskinstance.py:441} INFO - ::group::Post task execution logs
[2024-05-05T09:04:26.497+0000] {taskinstance.py:1205} INFO - Marking task as SUCCESS. dag_id=sample, task_id=upload_to_gcs, execution_date=20240505T090409, start_date=20240505T090420, end_date=20240505T090426
[2024-05-05T09:04:26.525+0000] {local_task_job_runner.py:240} INFO - Task exited with return code 0
[2024-05-05T09:04:26.539+0000] {taskinstance.py:3482} INFO - 0 downstream tasks scheduled from follow-on schedule check
[2024-05-05T09:04:26.546+0000] {local_task_job_runner.py:222} INFO - ::endgroup::
