[2024-05-04T13:01:38.851+0000] {local_task_job_runner.py:120} INFO - ::group::Pre task execution logs
[2024-05-04T13:01:38.864+0000] {taskinstance.py:2073} INFO - Dependencies all met for dep_context=non-requeueable deps ti=<TaskInstance: for_project.upload_clean_to_gcs scheduled__2024-05-04T12:00:00+00:00 [queued]>
[2024-05-04T13:01:38.870+0000] {taskinstance.py:2073} INFO - Dependencies all met for dep_context=requeueable deps ti=<TaskInstance: for_project.upload_clean_to_gcs scheduled__2024-05-04T12:00:00+00:00 [queued]>
[2024-05-04T13:01:38.870+0000] {taskinstance.py:2303} INFO - Starting attempt 3 of 3
[2024-05-04T13:01:38.886+0000] {taskinstance.py:2327} INFO - Executing <Task(LocalFilesystemToGCSOperator): upload_clean_to_gcs> on 2024-05-04 12:00:00+00:00
[2024-05-04T13:01:38.897+0000] {logging_mixin.py:188} WARNING - /home/***/.local/lib/python3.12/site-packages/***/task/task_runner/standard_task_runner.py:61 DeprecationWarning: This process (pid=102160) is multi-threaded, use of fork() may lead to deadlocks in the child.
[2024-05-04T13:01:38.898+0000] {standard_task_runner.py:63} INFO - Started process 102231 to run task
[2024-05-04T13:01:38.896+0000] {standard_task_runner.py:90} INFO - Running: ['***', 'tasks', 'run', 'for_project', 'upload_clean_to_gcs', 'scheduled__2024-05-04T12:00:00+00:00', '--job-id', '53', '--raw', '--subdir', 'DAGS_FOLDER/dag_for_project.py', '--cfg-path', '/tmp/tmpse07f62o']
[2024-05-04T13:01:38.900+0000] {standard_task_runner.py:91} INFO - Job 53: Subtask upload_clean_to_gcs
[2024-05-04T13:01:38.947+0000] {task_command.py:426} INFO - Running <TaskInstance: for_project.upload_clean_to_gcs scheduled__2024-05-04T12:00:00+00:00 [running]> on host 5bc5768c5236
[2024-05-04T13:01:39.061+0000] {taskinstance.py:2644} INFO - Exporting env vars: AIRFLOW_CTX_DAG_OWNER='***' AIRFLOW_CTX_DAG_ID='for_project' AIRFLOW_CTX_TASK_ID='upload_clean_to_gcs' AIRFLOW_CTX_EXECUTION_DATE='2024-05-04T12:00:00+00:00' AIRFLOW_CTX_TRY_NUMBER='3' AIRFLOW_CTX_DAG_RUN_ID='scheduled__2024-05-04T12:00:00+00:00'
[2024-05-04T13:01:39.063+0000] {taskinstance.py:430} INFO - ::endgroup::
[2024-05-04T13:01:39.079+0000] {connection.py:274} WARNING - Connection schemes (type: google_cloud_platform) shall not contain '_' according to RFC3986.
[2024-05-04T13:01:39.084+0000] {base.py:84} INFO - Using connection ID 'project_conn' for task execution.
[2024-05-04T13:01:39.470+0000] {gcs.py:557} INFO - File /opt/***/dags/data/cleaned/all_data.csv uploaded to pm25_cleaned/all_data.csv in swu-ds-525 bucket
[2024-05-04T13:01:39.471+0000] {taskinstance.py:441} INFO - ::group::Post task execution logs
[2024-05-04T13:01:39.481+0000] {taskinstance.py:1205} INFO - Marking task as SUCCESS. dag_id=for_project, task_id=upload_clean_to_gcs, execution_date=20240504T120000, start_date=20240504T130138, end_date=20240504T130139
[2024-05-04T13:01:39.524+0000] {local_task_job_runner.py:240} INFO - Task exited with return code 0
[2024-05-04T13:01:39.539+0000] {taskinstance.py:3482} INFO - 0 downstream tasks scheduled from follow-on schedule check
[2024-05-04T13:01:39.547+0000] {local_task_job_runner.py:222} INFO - ::endgroup::
