[2024-05-03T05:39:57.561+0000] {local_task_job_runner.py:120} INFO - ::group::Pre task execution logs
[2024-05-03T05:39:57.577+0000] {taskinstance.py:2073} INFO - Dependencies all met for dep_context=non-requeueable deps ti=<TaskInstance: sample.upload_to_gcs scheduled__2024-05-02T00:00:00+00:00 [queued]>
[2024-05-03T05:39:57.583+0000] {taskinstance.py:2073} INFO - Dependencies all met for dep_context=requeueable deps ti=<TaskInstance: sample.upload_to_gcs scheduled__2024-05-02T00:00:00+00:00 [queued]>
[2024-05-03T05:39:57.583+0000] {taskinstance.py:2303} INFO - Starting attempt 1 of 1
[2024-05-03T05:39:57.599+0000] {taskinstance.py:2327} INFO - Executing <Task(LocalFilesystemToGCSOperator): upload_to_gcs> on 2024-05-02 00:00:00+00:00
[2024-05-03T05:39:57.615+0000] {logging_mixin.py:188} WARNING - /home/***/.local/lib/python3.12/site-packages/***/task/task_runner/standard_task_runner.py:61 DeprecationWarning: This process (pid=8997) is multi-threaded, use of fork() may lead to deadlocks in the child.
[2024-05-03T05:39:57.616+0000] {standard_task_runner.py:63} INFO - Started process 8999 to run task
[2024-05-03T05:39:57.615+0000] {standard_task_runner.py:90} INFO - Running: ['***', 'tasks', 'run', 'sample', 'upload_to_gcs', 'scheduled__2024-05-02T00:00:00+00:00', '--job-id', '4', '--raw', '--subdir', 'DAGS_FOLDER/my_dag.py', '--cfg-path', '/tmp/tmpjqi05lcn']
[2024-05-03T05:39:57.617+0000] {standard_task_runner.py:91} INFO - Job 4: Subtask upload_to_gcs
[2024-05-03T05:39:57.660+0000] {task_command.py:426} INFO - Running <TaskInstance: sample.upload_to_gcs scheduled__2024-05-02T00:00:00+00:00 [running]> on host 5bc5768c5236
[2024-05-03T05:39:57.765+0000] {taskinstance.py:2644} INFO - Exporting env vars: AIRFLOW_CTX_DAG_OWNER='***' AIRFLOW_CTX_DAG_ID='sample' AIRFLOW_CTX_TASK_ID='upload_to_gcs' AIRFLOW_CTX_EXECUTION_DATE='2024-05-02T00:00:00+00:00' AIRFLOW_CTX_TRY_NUMBER='1' AIRFLOW_CTX_DAG_RUN_ID='scheduled__2024-05-02T00:00:00+00:00'
[2024-05-03T05:39:57.766+0000] {taskinstance.py:430} INFO - ::endgroup::
[2024-05-03T05:39:57.775+0000] {connection.py:274} WARNING - Connection schemes (type: google_cloud_platform) shall not contain '_' according to RFC3986.
[2024-05-03T05:39:57.781+0000] {base.py:84} INFO - Using connection ID 'my_scp_conn' for task execution.
[2024-05-03T05:39:58.144+0000] {gcs.py:557} INFO - File /opt/***/dags/data/2024-05-02_19.csv uploaded to gs://swu-ds-525-525/pm25/2024-05-02_19.csv in swu-ds-525-525 bucket
[2024-05-03T05:39:58.217+0000] {gcs.py:557} INFO - File /opt/***/dags/data/2024-05-02_21.csv uploaded to gs://swu-ds-525-525/pm25/2024-05-02_21.csv in swu-ds-525-525 bucket
[2024-05-03T05:39:58.286+0000] {gcs.py:557} INFO - File /opt/***/dags/data/2024-05-03_1.csv uploaded to gs://swu-ds-525-525/pm25/2024-05-03_1.csv in swu-ds-525-525 bucket
[2024-05-03T05:39:58.335+0000] {gcs.py:557} INFO - File /opt/***/dags/data/2024-05-02_18.csv uploaded to gs://swu-ds-525-525/pm25/2024-05-02_18.csv in swu-ds-525-525 bucket
[2024-05-03T05:39:58.399+0000] {gcs.py:557} INFO - File /opt/***/dags/data/2024-05-02_10.csv uploaded to gs://swu-ds-525-525/pm25/2024-05-02_10.csv in swu-ds-525-525 bucket
[2024-05-03T05:39:58.459+0000] {gcs.py:557} INFO - File /opt/***/dags/data/2024-05-02_15.csv uploaded to gs://swu-ds-525-525/pm25/2024-05-02_15.csv in swu-ds-525-525 bucket
[2024-05-03T05:39:58.522+0000] {gcs.py:557} INFO - File /opt/***/dags/data/2024-05-02_13.csv uploaded to gs://swu-ds-525-525/pm25/2024-05-02_13.csv in swu-ds-525-525 bucket
[2024-05-03T05:39:58.596+0000] {gcs.py:557} INFO - File /opt/***/dags/data/2024-05-02_7.csv uploaded to gs://swu-ds-525-525/pm25/2024-05-02_7.csv in swu-ds-525-525 bucket
[2024-05-03T05:39:58.649+0000] {gcs.py:557} INFO - File /opt/***/dags/data/2024-05-02_2.csv uploaded to gs://swu-ds-525-525/pm25/2024-05-02_2.csv in swu-ds-525-525 bucket
[2024-05-03T05:39:58.712+0000] {gcs.py:557} INFO - File /opt/***/dags/data/2024-05-03_10.csv uploaded to gs://swu-ds-525-525/pm25/2024-05-03_10.csv in swu-ds-525-525 bucket
[2024-05-03T05:39:58.769+0000] {gcs.py:557} INFO - File /opt/***/dags/data/2024-05-02_17.csv uploaded to gs://swu-ds-525-525/pm25/2024-05-02_17.csv in swu-ds-525-525 bucket
[2024-05-03T05:39:58.830+0000] {gcs.py:557} INFO - File /opt/***/dags/data/2024-05-02_3.csv uploaded to gs://swu-ds-525-525/pm25/2024-05-02_3.csv in swu-ds-525-525 bucket
[2024-05-03T05:39:58.886+0000] {gcs.py:557} INFO - File /opt/***/dags/data/2024-05-03_4.csv uploaded to gs://swu-ds-525-525/pm25/2024-05-03_4.csv in swu-ds-525-525 bucket
[2024-05-03T05:39:58.940+0000] {gcs.py:557} INFO - File /opt/***/dags/data/2024-05-02_22.csv uploaded to gs://swu-ds-525-525/pm25/2024-05-02_22.csv in swu-ds-525-525 bucket
[2024-05-03T05:39:58.999+0000] {gcs.py:557} INFO - File /opt/***/dags/data/2024-05-03_5.csv uploaded to gs://swu-ds-525-525/pm25/2024-05-03_5.csv in swu-ds-525-525 bucket
[2024-05-03T05:39:59.057+0000] {gcs.py:557} INFO - File /opt/***/dags/data/2024-05-02_9.csv uploaded to gs://swu-ds-525-525/pm25/2024-05-02_9.csv in swu-ds-525-525 bucket
[2024-05-03T05:39:59.116+0000] {gcs.py:557} INFO - File /opt/***/dags/data/2024-05-02_23.csv uploaded to gs://swu-ds-525-525/pm25/2024-05-02_23.csv in swu-ds-525-525 bucket
[2024-05-03T05:39:59.178+0000] {gcs.py:557} INFO - File /opt/***/dags/data/2024-05-03_6.csv uploaded to gs://swu-ds-525-525/pm25/2024-05-03_6.csv in swu-ds-525-525 bucket
[2024-05-03T05:39:59.248+0000] {gcs.py:557} INFO - File /opt/***/dags/data/2024-05-03_12.csv uploaded to gs://swu-ds-525-525/pm25/2024-05-03_12.csv in swu-ds-525-525 bucket
[2024-05-03T05:39:59.296+0000] {gcs.py:557} INFO - File /opt/***/dags/data/2024-05-02_14.csv uploaded to gs://swu-ds-525-525/pm25/2024-05-02_14.csv in swu-ds-525-525 bucket
[2024-05-03T05:39:59.363+0000] {gcs.py:557} INFO - File /opt/***/dags/data/2024-05-02_12.csv uploaded to gs://swu-ds-525-525/pm25/2024-05-02_12.csv in swu-ds-525-525 bucket
[2024-05-03T05:39:59.427+0000] {gcs.py:557} INFO - File /opt/***/dags/data/2024-05-02_16.csv uploaded to gs://swu-ds-525-525/pm25/2024-05-02_16.csv in swu-ds-525-525 bucket
[2024-05-03T05:39:59.479+0000] {gcs.py:557} INFO - File /opt/***/dags/data/2024-05-02_6.csv uploaded to gs://swu-ds-525-525/pm25/2024-05-02_6.csv in swu-ds-525-525 bucket
[2024-05-03T05:39:59.545+0000] {gcs.py:557} INFO - File /opt/***/dags/data/2024-05-03_11.csv uploaded to gs://swu-ds-525-525/pm25/2024-05-03_11.csv in swu-ds-525-525 bucket
[2024-05-03T05:39:59.600+0000] {gcs.py:557} INFO - File /opt/***/dags/data/2024-05-03_7.csv uploaded to gs://swu-ds-525-525/pm25/2024-05-03_7.csv in swu-ds-525-525 bucket
[2024-05-03T05:39:59.655+0000] {gcs.py:557} INFO - File /opt/***/dags/data/2024-05-02_8.csv uploaded to gs://swu-ds-525-525/pm25/2024-05-02_8.csv in swu-ds-525-525 bucket
[2024-05-03T05:39:59.717+0000] {gcs.py:557} INFO - File /opt/***/dags/data/2024-05-03_2.csv uploaded to gs://swu-ds-525-525/pm25/2024-05-03_2.csv in swu-ds-525-525 bucket
[2024-05-03T05:39:59.769+0000] {gcs.py:557} INFO - File /opt/***/dags/data/2024-05-03_9.csv uploaded to gs://swu-ds-525-525/pm25/2024-05-03_9.csv in swu-ds-525-525 bucket
[2024-05-03T05:39:59.838+0000] {gcs.py:557} INFO - File /opt/***/dags/data/2024-05-02_5.csv uploaded to gs://swu-ds-525-525/pm25/2024-05-02_5.csv in swu-ds-525-525 bucket
[2024-05-03T05:39:59.895+0000] {gcs.py:557} INFO - File /opt/***/dags/data/2024-05-02_4.csv uploaded to gs://swu-ds-525-525/pm25/2024-05-02_4.csv in swu-ds-525-525 bucket
[2024-05-03T05:39:59.953+0000] {gcs.py:557} INFO - File /opt/***/dags/data/2024-05-02_11.csv uploaded to gs://swu-ds-525-525/pm25/2024-05-02_11.csv in swu-ds-525-525 bucket
[2024-05-03T05:40:00.007+0000] {gcs.py:557} INFO - File /opt/***/dags/data/2024-05-02_1.csv uploaded to gs://swu-ds-525-525/pm25/2024-05-02_1.csv in swu-ds-525-525 bucket
[2024-05-03T05:40:00.073+0000] {gcs.py:557} INFO - File /opt/***/dags/data/2024-05-02_0.csv uploaded to gs://swu-ds-525-525/pm25/2024-05-02_0.csv in swu-ds-525-525 bucket
[2024-05-03T05:40:00.153+0000] {gcs.py:557} INFO - File /opt/***/dags/data/2024-05-01_23.csv uploaded to gs://swu-ds-525-525/pm25/2024-05-01_23.csv in swu-ds-525-525 bucket
[2024-05-03T05:40:00.220+0000] {gcs.py:557} INFO - File /opt/***/dags/data/2024-05-03_0.csv uploaded to gs://swu-ds-525-525/pm25/2024-05-03_0.csv in swu-ds-525-525 bucket
[2024-05-03T05:40:00.277+0000] {gcs.py:557} INFO - File /opt/***/dags/data/2024-05-03_3.csv uploaded to gs://swu-ds-525-525/pm25/2024-05-03_3.csv in swu-ds-525-525 bucket
[2024-05-03T05:40:00.342+0000] {gcs.py:557} INFO - File /opt/***/dags/data/2024-05-02_20.csv uploaded to gs://swu-ds-525-525/pm25/2024-05-02_20.csv in swu-ds-525-525 bucket
[2024-05-03T05:40:00.396+0000] {gcs.py:557} INFO - File /opt/***/dags/data/2024-05-03_8.csv uploaded to gs://swu-ds-525-525/pm25/2024-05-03_8.csv in swu-ds-525-525 bucket
[2024-05-03T05:40:00.397+0000] {taskinstance.py:441} INFO - ::group::Post task execution logs
[2024-05-03T05:40:00.406+0000] {taskinstance.py:1205} INFO - Marking task as SUCCESS. dag_id=sample, task_id=upload_to_gcs, execution_date=20240502T000000, start_date=20240503T053957, end_date=20240503T054000
[2024-05-03T05:40:00.466+0000] {local_task_job_runner.py:240} INFO - Task exited with return code 0
[2024-05-03T05:40:00.480+0000] {taskinstance.py:3482} INFO - 0 downstream tasks scheduled from follow-on schedule check
[2024-05-03T05:40:00.487+0000] {local_task_job_runner.py:222} INFO - ::endgroup::
