[2024-05-04T11:43:12.021+0000] {local_task_job_runner.py:120} INFO - ::group::Pre task execution logs
[2024-05-04T11:43:12.037+0000] {taskinstance.py:2073} INFO - Dependencies all met for dep_context=non-requeueable deps ti=<TaskInstance: sample.upload_to_gcs manual__2024-05-04T11:42:00.359037+00:00 [queued]>
[2024-05-04T11:43:12.045+0000] {taskinstance.py:2073} INFO - Dependencies all met for dep_context=requeueable deps ti=<TaskInstance: sample.upload_to_gcs manual__2024-05-04T11:42:00.359037+00:00 [queued]>
[2024-05-04T11:43:12.046+0000] {taskinstance.py:2303} INFO - Starting attempt 1 of 1
[2024-05-04T11:43:12.065+0000] {taskinstance.py:2327} INFO - Executing <Task(LocalFilesystemToGCSOperator): upload_to_gcs> on 2024-05-04 11:42:00.359037+00:00
[2024-05-04T11:43:12.075+0000] {standard_task_runner.py:90} INFO - Running: ['***', 'tasks', 'run', 'sample', 'upload_to_gcs', 'manual__2024-05-04T11:42:00.359037+00:00', '--job-id', '24', '--raw', '--subdir', 'DAGS_FOLDER/my_dag.py', '--cfg-path', '/tmp/tmpo8skocr1']
[2024-05-04T11:43:12.078+0000] {standard_task_runner.py:91} INFO - Job 24: Subtask upload_to_gcs
[2024-05-04T11:43:12.079+0000] {logging_mixin.py:188} WARNING - /home/***/.local/lib/python3.12/site-packages/***/task/task_runner/standard_task_runner.py:61 DeprecationWarning: This process (pid=60244) is multi-threaded, use of fork() may lead to deadlocks in the child.
[2024-05-04T11:43:12.080+0000] {standard_task_runner.py:63} INFO - Started process 60246 to run task
[2024-05-04T11:43:12.156+0000] {task_command.py:426} INFO - Running <TaskInstance: sample.upload_to_gcs manual__2024-05-04T11:42:00.359037+00:00 [running]> on host 5bc5768c5236
[2024-05-04T11:43:12.427+0000] {taskinstance.py:2644} INFO - Exporting env vars: AIRFLOW_CTX_DAG_OWNER='***' AIRFLOW_CTX_DAG_ID='sample' AIRFLOW_CTX_TASK_ID='upload_to_gcs' AIRFLOW_CTX_EXECUTION_DATE='2024-05-04T11:42:00.359037+00:00' AIRFLOW_CTX_TRY_NUMBER='1' AIRFLOW_CTX_DAG_RUN_ID='manual__2024-05-04T11:42:00.359037+00:00'
[2024-05-04T11:43:12.429+0000] {taskinstance.py:430} INFO - ::endgroup::
[2024-05-04T11:43:12.436+0000] {connection.py:274} WARNING - Connection schemes (type: google_cloud_platform) shall not contain '_' according to RFC3986.
[2024-05-04T11:43:12.440+0000] {base.py:84} INFO - Using connection ID 'my_gcp_conn' for task execution.
[2024-05-04T11:43:12.655+0000] {gcs.py:557} INFO - File /opt/***/dags/data/2024-05-04_18.csv uploaded to pm25_raw/2024-05-04_18.csv in dw-projec-swu-ds525 bucket
[2024-05-04T11:43:12.656+0000] {taskinstance.py:441} INFO - ::group::Post task execution logs
[2024-05-04T11:43:12.663+0000] {taskinstance.py:1205} INFO - Marking task as SUCCESS. dag_id=sample, task_id=upload_to_gcs, execution_date=20240504T114200, start_date=20240504T114312, end_date=20240504T114312
[2024-05-04T11:43:12.702+0000] {local_task_job_runner.py:240} INFO - Task exited with return code 0
[2024-05-04T11:43:12.717+0000] {taskinstance.py:3482} INFO - 0 downstream tasks scheduled from follow-on schedule check
[2024-05-04T11:43:12.724+0000] {local_task_job_runner.py:222} INFO - ::endgroup::
