[2024-05-05T05:52:01.777+0000] {local_task_job_runner.py:120} INFO - ::group::Pre task execution logs
[2024-05-05T05:52:01.789+0000] {taskinstance.py:2073} INFO - Dependencies all met for dep_context=non-requeueable deps ti=<TaskInstance: sample.feed_to_bigq manual__2024-05-05T05:49:01.286722+00:00 [queued]>
[2024-05-05T05:52:01.796+0000] {taskinstance.py:2073} INFO - Dependencies all met for dep_context=requeueable deps ti=<TaskInstance: sample.feed_to_bigq manual__2024-05-05T05:49:01.286722+00:00 [queued]>
[2024-05-05T05:52:01.796+0000] {taskinstance.py:2303} INFO - Starting attempt 3 of 3
[2024-05-05T05:52:01.816+0000] {taskinstance.py:2327} INFO - Executing <Task(PythonOperator): feed_to_bigq> on 2024-05-05 05:49:01.286722+00:00
[2024-05-05T05:52:01.850+0000] {standard_task_runner.py:90} INFO - Running: ['***', 'tasks', 'run', 'sample', 'feed_to_bigq', 'manual__2024-05-05T05:49:01.286722+00:00', '--job-id', '82', '--raw', '--subdir', 'DAGS_FOLDER/my_dag.py', '--cfg-path', '/tmp/tmpnr7p6ypp']
[2024-05-05T05:52:01.862+0000] {standard_task_runner.py:91} INFO - Job 82: Subtask feed_to_bigq
[2024-05-05T05:52:01.867+0000] {logging_mixin.py:188} WARNING - /home/***/.local/lib/python3.12/site-packages/***/task/task_runner/standard_task_runner.py:61 DeprecationWarning: This process (pid=52451) is multi-threaded, use of fork() may lead to deadlocks in the child.
[2024-05-05T05:52:01.868+0000] {standard_task_runner.py:63} INFO - Started process 52459 to run task
[2024-05-05T05:52:02.030+0000] {task_command.py:426} INFO - Running <TaskInstance: sample.feed_to_bigq manual__2024-05-05T05:49:01.286722+00:00 [running]> on host 5bc5768c5236
[2024-05-05T05:52:02.219+0000] {taskinstance.py:2644} INFO - Exporting env vars: AIRFLOW_CTX_DAG_OWNER='***' AIRFLOW_CTX_DAG_ID='sample' AIRFLOW_CTX_TASK_ID='feed_to_bigq' AIRFLOW_CTX_EXECUTION_DATE='2024-05-05T05:49:01.286722+00:00' AIRFLOW_CTX_TRY_NUMBER='3' AIRFLOW_CTX_DAG_RUN_ID='manual__2024-05-05T05:49:01.286722+00:00'
[2024-05-05T05:52:02.220+0000] {taskinstance.py:430} INFO - ::endgroup::
[2024-05-05T05:52:02.221+0000] {taskinstance.py:441} INFO - ::group::Post task execution logs
[2024-05-05T05:52:02.221+0000] {taskinstance.py:2890} ERROR - Task failed with exception
Traceback (most recent call last):
  File "/home/airflow/.local/lib/python3.12/site-packages/airflow/models/taskinstance.py", line 465, in _execute_task
    result = _execute_callable(context=context, **execute_callable_kwargs)
             ^^^^^^^^^^^^^^^^^^^^^^^^^^^^^^^^^^^^^^^^^^^^^^^^^^^^^^^^^^^^^
  File "/home/airflow/.local/lib/python3.12/site-packages/airflow/models/taskinstance.py", line 432, in _execute_callable
    return execute_callable(context=context, **execute_callable_kwargs)
           ^^^^^^^^^^^^^^^^^^^^^^^^^^^^^^^^^^^^^^^^^^^^^^^^^^^^^^^^^^^^
  File "/home/airflow/.local/lib/python3.12/site-packages/airflow/models/baseoperator.py", line 400, in wrapper
    return func(self, *args, **kwargs)
           ^^^^^^^^^^^^^^^^^^^^^^^^^^^
  File "/home/airflow/.local/lib/python3.12/site-packages/airflow/operators/python.py", line 235, in execute
    return_value = self.execute_callable()
                   ^^^^^^^^^^^^^^^^^^^^^^^
  File "/home/airflow/.local/lib/python3.12/site-packages/airflow/operators/python.py", line 252, in execute_callable
    return self.python_callable(*self.op_args, **self.op_kwargs)
           ^^^^^^^^^^^^^^^^^^^^^^^^^^^^^^^^^^^^^^^^^^^^^^^^^^^^^
  File "/opt/airflow/dags/my_dag.py", line 86, in _feed_to_bigq
    service_account_info = json.load(open(keyfile))
                                     ^^^^^^^^^^^^^
FileNotFoundError: [Errno 2] No such file or directory: '/opt/airflow/dags/data/credentials/admin.json'
[2024-05-05T05:52:02.228+0000] {taskinstance.py:1205} INFO - Marking task as FAILED. dag_id=sample, task_id=feed_to_bigq, execution_date=20240505T054901, start_date=20240505T055201, end_date=20240505T055202
[2024-05-05T05:52:02.242+0000] {standard_task_runner.py:110} ERROR - Failed to execute job 82 for task feed_to_bigq ([Errno 2] No such file or directory: '/opt/airflow/dags/data/credentials/admin.json'; 52459)
[2024-05-05T05:52:02.257+0000] {local_task_job_runner.py:240} INFO - Task exited with return code 1
[2024-05-05T05:52:02.274+0000] {taskinstance.py:3482} INFO - 0 downstream tasks scheduled from follow-on schedule check
[2024-05-05T05:52:02.284+0000] {local_task_job_runner.py:222} INFO - ::endgroup::
