[2024-05-08T01:22:56.818+0000] {processor.py:161} INFO - Started process (PID=223) to work on /home/airflow/.local/lib/python3.12/site-packages/airflow/example_dags/example_subdag_operator.py
[2024-05-08T01:22:56.821+0000] {processor.py:830} INFO - Processing file /home/airflow/.local/lib/python3.12/site-packages/airflow/example_dags/example_subdag_operator.py for tasks to queue
[2024-05-08T01:22:56.827+0000] {logging_mixin.py:188} INFO - [2024-05-08T01:22:56.827+0000] {dagbag.py:540} INFO - Filling up the DagBag from /home/airflow/.local/lib/python3.12/site-packages/airflow/example_dags/example_subdag_operator.py
[2024-05-08T01:22:56.898+0000] {processor.py:840} INFO - DAG(s) 'example_subdag_operator.section-1', 'example_subdag_operator.section-2', 'example_subdag_operator' retrieved from /home/airflow/.local/lib/python3.12/site-packages/airflow/example_dags/example_subdag_operator.py
[2024-05-08T01:22:57.062+0000] {logging_mixin.py:188} INFO - [2024-05-08T01:22:57.061+0000] {dag.py:3096} INFO - Sync 3 DAGs
[2024-05-08T01:22:57.155+0000] {logging_mixin.py:188} INFO - [2024-05-08T01:22:57.155+0000] {dag.py:3954} INFO - Setting next_dagrun for example_subdag_operator to 2022-01-01 00:00:00+00:00, run_after=2022-01-01 00:00:00+00:00
[2024-05-08T01:22:57.162+0000] {logging_mixin.py:188} INFO - [2024-05-08T01:22:57.162+0000] {dag.py:3954} INFO - Setting next_dagrun for example_subdag_operator.section-1 to None, run_after=None
[2024-05-08T01:22:57.166+0000] {logging_mixin.py:188} INFO - [2024-05-08T01:22:57.166+0000] {dag.py:3954} INFO - Setting next_dagrun for example_subdag_operator.section-2 to None, run_after=None
[2024-05-08T01:22:57.175+0000] {logging_mixin.py:188} INFO - [2024-05-08T01:22:57.175+0000] {dag.py:3096} INFO - Sync 2 DAGs
[2024-05-08T01:22:57.180+0000] {logging_mixin.py:188} INFO - [2024-05-08T01:22:57.180+0000] {dag.py:3954} INFO - Setting next_dagrun for example_subdag_operator.section-1 to None, run_after=None
[2024-05-08T01:22:57.182+0000] {logging_mixin.py:188} INFO - [2024-05-08T01:22:57.182+0000] {dag.py:3954} INFO - Setting next_dagrun for example_subdag_operator.section-2 to None, run_after=None
[2024-05-08T01:22:57.276+0000] {processor.py:183} INFO - Processing /home/airflow/.local/lib/python3.12/site-packages/airflow/example_dags/example_subdag_operator.py took 0.469 seconds
[2024-05-08T01:23:27.735+0000] {processor.py:161} INFO - Started process (PID=512) to work on /home/airflow/.local/lib/python3.12/site-packages/airflow/example_dags/example_subdag_operator.py
[2024-05-08T01:23:27.737+0000] {processor.py:830} INFO - Processing file /home/airflow/.local/lib/python3.12/site-packages/airflow/example_dags/example_subdag_operator.py for tasks to queue
[2024-05-08T01:23:27.743+0000] {logging_mixin.py:188} INFO - [2024-05-08T01:23:27.742+0000] {dagbag.py:540} INFO - Filling up the DagBag from /home/airflow/.local/lib/python3.12/site-packages/airflow/example_dags/example_subdag_operator.py
[2024-05-08T01:23:27.790+0000] {processor.py:840} INFO - DAG(s) 'example_subdag_operator.section-1', 'example_subdag_operator.section-2', 'example_subdag_operator' retrieved from /home/airflow/.local/lib/python3.12/site-packages/airflow/example_dags/example_subdag_operator.py
[2024-05-08T01:23:27.818+0000] {logging_mixin.py:188} INFO - [2024-05-08T01:23:27.817+0000] {dag.py:3096} INFO - Sync 3 DAGs
[2024-05-08T01:23:27.872+0000] {logging_mixin.py:188} INFO - [2024-05-08T01:23:27.872+0000] {dag.py:3954} INFO - Setting next_dagrun for example_subdag_operator to 2022-01-01 00:00:00+00:00, run_after=2022-01-01 00:00:00+00:00
[2024-05-08T01:23:27.877+0000] {logging_mixin.py:188} INFO - [2024-05-08T01:23:27.877+0000] {dag.py:3954} INFO - Setting next_dagrun for example_subdag_operator.section-1 to None, run_after=None
[2024-05-08T01:23:27.878+0000] {logging_mixin.py:188} INFO - [2024-05-08T01:23:27.878+0000] {dag.py:3954} INFO - Setting next_dagrun for example_subdag_operator.section-2 to None, run_after=None
[2024-05-08T01:23:27.890+0000] {logging_mixin.py:188} INFO - [2024-05-08T01:23:27.888+0000] {dag.py:3096} INFO - Sync 2 DAGs
[2024-05-08T01:23:27.898+0000] {logging_mixin.py:188} INFO - [2024-05-08T01:23:27.897+0000] {dag.py:3954} INFO - Setting next_dagrun for example_subdag_operator.section-1 to None, run_after=None
[2024-05-08T01:23:27.899+0000] {logging_mixin.py:188} INFO - [2024-05-08T01:23:27.899+0000] {dag.py:3954} INFO - Setting next_dagrun for example_subdag_operator.section-2 to None, run_after=None
[2024-05-08T01:23:27.934+0000] {processor.py:183} INFO - Processing /home/airflow/.local/lib/python3.12/site-packages/airflow/example_dags/example_subdag_operator.py took 0.206 seconds
