[2024-05-08T01:22:55.329+0000] {processor.py:161} INFO - Started process (PID=197) to work on /home/airflow/.local/lib/python3.12/site-packages/airflow/example_dags/example_latest_only_with_trigger.py
[2024-05-08T01:22:55.330+0000] {processor.py:830} INFO - Processing file /home/airflow/.local/lib/python3.12/site-packages/airflow/example_dags/example_latest_only_with_trigger.py for tasks to queue
[2024-05-08T01:22:55.337+0000] {logging_mixin.py:188} INFO - [2024-05-08T01:22:55.337+0000] {dagbag.py:540} INFO - Filling up the DagBag from /home/airflow/.local/lib/python3.12/site-packages/airflow/example_dags/example_latest_only_with_trigger.py
[2024-05-08T01:22:55.347+0000] {processor.py:840} INFO - DAG(s) 'latest_only_with_trigger' retrieved from /home/airflow/.local/lib/python3.12/site-packages/airflow/example_dags/example_latest_only_with_trigger.py
[2024-05-08T01:22:55.520+0000] {logging_mixin.py:188} INFO - [2024-05-08T01:22:55.513+0000] {dag.py:3096} INFO - Sync 1 DAGs
[2024-05-08T01:22:55.627+0000] {logging_mixin.py:188} INFO - [2024-05-08T01:22:55.627+0000] {dag.py:3954} INFO - Setting next_dagrun for latest_only_with_trigger to 2024-05-07 20:00:00+00:00, run_after=2024-05-08 00:00:00+00:00
[2024-05-08T01:22:55.802+0000] {processor.py:183} INFO - Processing /home/airflow/.local/lib/python3.12/site-packages/airflow/example_dags/example_latest_only_with_trigger.py took 0.480 seconds
[2024-05-08T01:23:26.878+0000] {processor.py:161} INFO - Started process (PID=487) to work on /home/airflow/.local/lib/python3.12/site-packages/airflow/example_dags/example_latest_only_with_trigger.py
[2024-05-08T01:23:26.888+0000] {processor.py:830} INFO - Processing file /home/airflow/.local/lib/python3.12/site-packages/airflow/example_dags/example_latest_only_with_trigger.py for tasks to queue
[2024-05-08T01:23:26.890+0000] {logging_mixin.py:188} INFO - [2024-05-08T01:23:26.890+0000] {dagbag.py:540} INFO - Filling up the DagBag from /home/airflow/.local/lib/python3.12/site-packages/airflow/example_dags/example_latest_only_with_trigger.py
[2024-05-08T01:23:26.901+0000] {processor.py:840} INFO - DAG(s) 'latest_only_with_trigger' retrieved from /home/airflow/.local/lib/python3.12/site-packages/airflow/example_dags/example_latest_only_with_trigger.py
[2024-05-08T01:23:26.968+0000] {logging_mixin.py:188} INFO - [2024-05-08T01:23:26.967+0000] {dag.py:3096} INFO - Sync 1 DAGs
[2024-05-08T01:23:27.032+0000] {logging_mixin.py:188} INFO - [2024-05-08T01:23:27.032+0000] {dag.py:3954} INFO - Setting next_dagrun for latest_only_with_trigger to 2024-05-07 20:00:00+00:00, run_after=2024-05-08 00:00:00+00:00
[2024-05-08T01:23:27.097+0000] {processor.py:183} INFO - Processing /home/airflow/.local/lib/python3.12/site-packages/airflow/example_dags/example_latest_only_with_trigger.py took 0.224 seconds
[2024-05-08T01:23:57.223+0000] {processor.py:161} INFO - Started process (PID=758) to work on /home/airflow/.local/lib/python3.12/site-packages/airflow/example_dags/example_latest_only_with_trigger.py
[2024-05-08T01:23:57.225+0000] {processor.py:830} INFO - Processing file /home/airflow/.local/lib/python3.12/site-packages/airflow/example_dags/example_latest_only_with_trigger.py for tasks to queue
[2024-05-08T01:23:57.231+0000] {logging_mixin.py:188} INFO - [2024-05-08T01:23:57.230+0000] {dagbag.py:540} INFO - Filling up the DagBag from /home/airflow/.local/lib/python3.12/site-packages/airflow/example_dags/example_latest_only_with_trigger.py
[2024-05-08T01:23:57.239+0000] {processor.py:840} INFO - DAG(s) 'latest_only_with_trigger' retrieved from /home/airflow/.local/lib/python3.12/site-packages/airflow/example_dags/example_latest_only_with_trigger.py
[2024-05-08T01:23:57.280+0000] {logging_mixin.py:188} INFO - [2024-05-08T01:23:57.279+0000] {dag.py:3096} INFO - Sync 1 DAGs
[2024-05-08T01:23:57.302+0000] {logging_mixin.py:188} INFO - [2024-05-08T01:23:57.302+0000] {dag.py:3954} INFO - Setting next_dagrun for latest_only_with_trigger to 2024-05-07 20:00:00+00:00, run_after=2024-05-08 00:00:00+00:00
[2024-05-08T01:23:57.325+0000] {processor.py:183} INFO - Processing /home/airflow/.local/lib/python3.12/site-packages/airflow/example_dags/example_latest_only_with_trigger.py took 0.116 seconds
