[2024-05-08T01:23:00.524+0000] {processor.py:161} INFO - Started process (PID=406) to work on /home/airflow/.local/lib/python3.12/site-packages/airflow/example_dags/example_datasets.py
[2024-05-08T01:23:00.525+0000] {processor.py:830} INFO - Processing file /home/airflow/.local/lib/python3.12/site-packages/airflow/example_dags/example_datasets.py for tasks to queue
[2024-05-08T01:23:00.527+0000] {logging_mixin.py:188} INFO - [2024-05-08T01:23:00.526+0000] {dagbag.py:540} INFO - Filling up the DagBag from /home/airflow/.local/lib/python3.12/site-packages/airflow/example_dags/example_datasets.py
[2024-05-08T01:23:00.543+0000] {processor.py:840} INFO - DAG(s) 'dataset_produces_1', 'consume_1_or_2_with_dataset_expressions', 'consume_1_or_both_2_and_3_with_dataset_expressions', 'dataset_consumes_unknown_never_scheduled', 'consume_1_and_2_with_dataset_expressions', 'dataset_consumes_1_and_2', 'dataset_consumes_1', 'conditional_dataset_and_time_based_timetable', 'dataset_produces_2', 'dataset_consumes_1_never_scheduled' retrieved from /home/airflow/.local/lib/python3.12/site-packages/airflow/example_dags/example_datasets.py
[2024-05-08T01:23:00.591+0000] {logging_mixin.py:188} INFO - [2024-05-08T01:23:00.591+0000] {dag.py:3096} INFO - Sync 10 DAGs
[2024-05-08T01:23:00.620+0000] {logging_mixin.py:188} INFO - [2024-05-08T01:23:00.620+0000] {dag.py:3954} INFO - Setting next_dagrun for conditional_dataset_and_time_based_timetable to 2024-05-08 01:00:00+00:00, run_after=2024-05-08 01:00:00+00:00
[2024-05-08T01:23:00.624+0000] {logging_mixin.py:188} INFO - [2024-05-08T01:23:00.624+0000] {dag.py:3954} INFO - Setting next_dagrun for consume_1_and_2_with_dataset_expressions to None, run_after=None
[2024-05-08T01:23:00.625+0000] {logging_mixin.py:188} INFO - [2024-05-08T01:23:00.625+0000] {dag.py:3954} INFO - Setting next_dagrun for consume_1_or_2_with_dataset_expressions to None, run_after=None
[2024-05-08T01:23:00.627+0000] {logging_mixin.py:188} INFO - [2024-05-08T01:23:00.627+0000] {dag.py:3954} INFO - Setting next_dagrun for consume_1_or_both_2_and_3_with_dataset_expressions to None, run_after=None
[2024-05-08T01:23:00.628+0000] {logging_mixin.py:188} INFO - [2024-05-08T01:23:00.628+0000] {dag.py:3954} INFO - Setting next_dagrun for dataset_consumes_1 to None, run_after=None
[2024-05-08T01:23:00.629+0000] {logging_mixin.py:188} INFO - [2024-05-08T01:23:00.629+0000] {dag.py:3954} INFO - Setting next_dagrun for dataset_consumes_1_and_2 to None, run_after=None
[2024-05-08T01:23:00.631+0000] {logging_mixin.py:188} INFO - [2024-05-08T01:23:00.631+0000] {dag.py:3954} INFO - Setting next_dagrun for dataset_consumes_1_never_scheduled to None, run_after=None
[2024-05-08T01:23:00.632+0000] {logging_mixin.py:188} INFO - [2024-05-08T01:23:00.632+0000] {dag.py:3954} INFO - Setting next_dagrun for dataset_consumes_unknown_never_scheduled to None, run_after=None
[2024-05-08T01:23:00.635+0000] {logging_mixin.py:188} INFO - [2024-05-08T01:23:00.635+0000] {dag.py:3954} INFO - Setting next_dagrun for dataset_produces_1 to 2024-05-07 00:00:00+00:00, run_after=2024-05-08 00:00:00+00:00
[2024-05-08T01:23:00.636+0000] {logging_mixin.py:188} INFO - [2024-05-08T01:23:00.636+0000] {dag.py:3954} INFO - Setting next_dagrun for dataset_produces_2 to None, run_after=None
[2024-05-08T01:23:00.686+0000] {processor.py:183} INFO - Processing /home/airflow/.local/lib/python3.12/site-packages/airflow/example_dags/example_datasets.py took 0.168 seconds
[2024-05-08T01:23:34.466+0000] {processor.py:161} INFO - Started process (PID=692) to work on /home/airflow/.local/lib/python3.12/site-packages/airflow/example_dags/example_datasets.py
[2024-05-08T01:23:34.467+0000] {processor.py:830} INFO - Processing file /home/airflow/.local/lib/python3.12/site-packages/airflow/example_dags/example_datasets.py for tasks to queue
[2024-05-08T01:23:34.470+0000] {logging_mixin.py:188} INFO - [2024-05-08T01:23:34.469+0000] {dagbag.py:540} INFO - Filling up the DagBag from /home/airflow/.local/lib/python3.12/site-packages/airflow/example_dags/example_datasets.py
[2024-05-08T01:23:34.553+0000] {processor.py:840} INFO - DAG(s) 'consume_1_or_2_with_dataset_expressions', 'consume_1_or_both_2_and_3_with_dataset_expressions', 'dataset_consumes_1_and_2', 'dataset_consumes_unknown_never_scheduled', 'dataset_consumes_1_never_scheduled', 'dataset_produces_1', 'consume_1_and_2_with_dataset_expressions', 'conditional_dataset_and_time_based_timetable', 'dataset_consumes_1', 'dataset_produces_2' retrieved from /home/airflow/.local/lib/python3.12/site-packages/airflow/example_dags/example_datasets.py
[2024-05-08T01:23:34.803+0000] {logging_mixin.py:188} INFO - [2024-05-08T01:23:34.802+0000] {dag.py:3096} INFO - Sync 10 DAGs
[2024-05-08T01:23:34.886+0000] {logging_mixin.py:188} INFO - [2024-05-08T01:23:34.886+0000] {dag.py:3954} INFO - Setting next_dagrun for conditional_dataset_and_time_based_timetable to 2024-05-08 01:00:00+00:00, run_after=2024-05-08 01:00:00+00:00
[2024-05-08T01:23:34.907+0000] {logging_mixin.py:188} INFO - [2024-05-08T01:23:34.907+0000] {dag.py:3954} INFO - Setting next_dagrun for consume_1_and_2_with_dataset_expressions to None, run_after=None
[2024-05-08T01:23:34.913+0000] {logging_mixin.py:188} INFO - [2024-05-08T01:23:34.912+0000] {dag.py:3954} INFO - Setting next_dagrun for consume_1_or_2_with_dataset_expressions to None, run_after=None
[2024-05-08T01:23:34.927+0000] {logging_mixin.py:188} INFO - [2024-05-08T01:23:34.926+0000] {dag.py:3954} INFO - Setting next_dagrun for consume_1_or_both_2_and_3_with_dataset_expressions to None, run_after=None
[2024-05-08T01:23:34.930+0000] {logging_mixin.py:188} INFO - [2024-05-08T01:23:34.929+0000] {dag.py:3954} INFO - Setting next_dagrun for dataset_consumes_1 to None, run_after=None
[2024-05-08T01:23:34.934+0000] {logging_mixin.py:188} INFO - [2024-05-08T01:23:34.934+0000] {dag.py:3954} INFO - Setting next_dagrun for dataset_consumes_1_and_2 to None, run_after=None
[2024-05-08T01:23:34.936+0000] {logging_mixin.py:188} INFO - [2024-05-08T01:23:34.936+0000] {dag.py:3954} INFO - Setting next_dagrun for dataset_consumes_1_never_scheduled to None, run_after=None
[2024-05-08T01:23:34.939+0000] {logging_mixin.py:188} INFO - [2024-05-08T01:23:34.939+0000] {dag.py:3954} INFO - Setting next_dagrun for dataset_consumes_unknown_never_scheduled to None, run_after=None
[2024-05-08T01:23:34.944+0000] {logging_mixin.py:188} INFO - [2024-05-08T01:23:34.944+0000] {dag.py:3954} INFO - Setting next_dagrun for dataset_produces_1 to 2024-05-07 00:00:00+00:00, run_after=2024-05-08 00:00:00+00:00
[2024-05-08T01:23:34.948+0000] {logging_mixin.py:188} INFO - [2024-05-08T01:23:34.948+0000] {dag.py:3954} INFO - Setting next_dagrun for dataset_produces_2 to None, run_after=None
[2024-05-08T01:23:35.040+0000] {processor.py:183} INFO - Processing /home/airflow/.local/lib/python3.12/site-packages/airflow/example_dags/example_datasets.py took 0.600 seconds
