[2024-05-04T13:00:14.230+0000] {local_task_job_runner.py:120} INFO - ::group::Pre task execution logs
[2024-05-04T13:00:14.272+0000] {taskinstance.py:2073} INFO - Dependencies all met for dep_context=non-requeueable deps ti=<TaskInstance: for_project.upload_to_gcs manual__2024-05-04T12:59:59.038920+00:00 [queued]>
[2024-05-04T13:00:14.316+0000] {taskinstance.py:2073} INFO - Dependencies all met for dep_context=requeueable deps ti=<TaskInstance: for_project.upload_to_gcs manual__2024-05-04T12:59:59.038920+00:00 [queued]>
[2024-05-04T13:00:14.317+0000] {taskinstance.py:2303} INFO - Starting attempt 1 of 1
[2024-05-04T13:00:14.391+0000] {taskinstance.py:2327} INFO - Executing <Task(LocalFilesystemToGCSOperator): upload_to_gcs> on 2024-05-04 12:59:59.038920+00:00
[2024-05-04T13:00:14.410+0000] {logging_mixin.py:188} WARNING - /home/***/.local/lib/python3.12/site-packages/***/task/task_runner/standard_task_runner.py:61 DeprecationWarning: This process (pid=101382) is multi-threaded, use of fork() may lead to deadlocks in the child.
[2024-05-04T13:00:14.411+0000] {standard_task_runner.py:63} INFO - Started process 101455 to run task
[2024-05-04T13:00:14.437+0000] {standard_task_runner.py:90} INFO - Running: ['***', 'tasks', 'run', 'for_project', 'upload_to_gcs', 'manual__2024-05-04T12:59:59.038920+00:00', '--job-id', '47', '--raw', '--subdir', 'DAGS_FOLDER/dag_for_project.py', '--cfg-path', '/tmp/tmpc1s829qe']
[2024-05-04T13:00:14.442+0000] {standard_task_runner.py:91} INFO - Job 47: Subtask upload_to_gcs
[2024-05-04T13:00:14.573+0000] {task_command.py:426} INFO - Running <TaskInstance: for_project.upload_to_gcs manual__2024-05-04T12:59:59.038920+00:00 [running]> on host 5bc5768c5236
[2024-05-04T13:00:15.246+0000] {taskinstance.py:2644} INFO - Exporting env vars: AIRFLOW_CTX_DAG_OWNER='***' AIRFLOW_CTX_DAG_ID='for_project' AIRFLOW_CTX_TASK_ID='upload_to_gcs' AIRFLOW_CTX_EXECUTION_DATE='2024-05-04T12:59:59.038920+00:00' AIRFLOW_CTX_TRY_NUMBER='1' AIRFLOW_CTX_DAG_RUN_ID='manual__2024-05-04T12:59:59.038920+00:00'
[2024-05-04T13:00:15.262+0000] {taskinstance.py:430} INFO - ::endgroup::
[2024-05-04T13:00:15.323+0000] {connection.py:274} WARNING - Connection schemes (type: google_cloud_platform) shall not contain '_' according to RFC3986.
[2024-05-04T13:00:15.358+0000] {base.py:84} INFO - Using connection ID 'project_conn' for task execution.
[2024-05-04T13:00:16.365+0000] {gcs.py:557} INFO - File /opt/***/dags/data/2024-05-04_2.csv uploaded to pm25_raw/2024-05-04_2.csv in swu-ds-525 bucket
[2024-05-04T13:00:16.434+0000] {gcs.py:557} INFO - File /opt/***/dags/data/2024-05-02_19.csv uploaded to pm25_raw/2024-05-02_19.csv in swu-ds-525 bucket
[2024-05-04T13:00:16.498+0000] {gcs.py:557} INFO - File /opt/***/dags/data/2024-05-02_21.csv uploaded to pm25_raw/2024-05-02_21.csv in swu-ds-525 bucket
[2024-05-04T13:00:16.566+0000] {gcs.py:557} INFO - File /opt/***/dags/data/2024-05-03_22.csv uploaded to pm25_raw/2024-05-03_22.csv in swu-ds-525 bucket
[2024-05-04T13:00:16.626+0000] {gcs.py:557} INFO - File /opt/***/dags/data/2024-05-03_1.csv uploaded to pm25_raw/2024-05-03_1.csv in swu-ds-525 bucket
[2024-05-04T13:00:16.684+0000] {gcs.py:557} INFO - File /opt/***/dags/data/2024-05-02_18.csv uploaded to pm25_raw/2024-05-02_18.csv in swu-ds-525 bucket
[2024-05-04T13:00:16.747+0000] {gcs.py:557} INFO - File /opt/***/dags/data/2024-05-02_10.csv uploaded to pm25_raw/2024-05-02_10.csv in swu-ds-525 bucket
[2024-05-04T13:00:16.834+0000] {gcs.py:557} INFO - File /opt/***/dags/data/2024-05-04_10.csv uploaded to pm25_raw/2024-05-04_10.csv in swu-ds-525 bucket
[2024-05-04T13:00:16.899+0000] {gcs.py:557} INFO - File /opt/***/dags/data/2024-05-02_15.csv uploaded to pm25_raw/2024-05-02_15.csv in swu-ds-525 bucket
[2024-05-04T13:00:16.969+0000] {gcs.py:557} INFO - File /opt/***/dags/data/2024-05-04_6.csv uploaded to pm25_raw/2024-05-04_6.csv in swu-ds-525 bucket
[2024-05-04T13:00:17.045+0000] {gcs.py:557} INFO - File /opt/***/dags/data/2024-05-04_19.csv uploaded to pm25_raw/2024-05-04_19.csv in swu-ds-525 bucket
[2024-05-04T13:00:17.098+0000] {gcs.py:557} INFO - File /opt/***/dags/data/2024-05-04_9.csv uploaded to pm25_raw/2024-05-04_9.csv in swu-ds-525 bucket
[2024-05-04T13:00:17.165+0000] {gcs.py:557} INFO - File /opt/***/dags/data/2024-05-04_15.csv uploaded to pm25_raw/2024-05-04_15.csv in swu-ds-525 bucket
[2024-05-04T13:00:17.227+0000] {gcs.py:557} INFO - File /opt/***/dags/data/2024-05-02_13.csv uploaded to pm25_raw/2024-05-02_13.csv in swu-ds-525 bucket
[2024-05-04T13:00:17.295+0000] {gcs.py:557} INFO - File /opt/***/dags/data/2024-05-04_18.csv uploaded to pm25_raw/2024-05-04_18.csv in swu-ds-525 bucket
[2024-05-04T13:00:17.361+0000] {gcs.py:557} INFO - File /opt/***/dags/data/2024-05-03_19.csv uploaded to pm25_raw/2024-05-03_19.csv in swu-ds-525 bucket
[2024-05-04T13:00:17.475+0000] {gcs.py:557} INFO - File /opt/***/dags/data/2024-05-03_21.csv uploaded to pm25_raw/2024-05-03_21.csv in swu-ds-525 bucket
[2024-05-04T13:00:17.545+0000] {gcs.py:557} INFO - File /opt/***/dags/data/2024-05-02_7.csv uploaded to pm25_raw/2024-05-02_7.csv in swu-ds-525 bucket
[2024-05-04T13:00:17.625+0000] {gcs.py:557} INFO - File /opt/***/dags/data/2024-05-03_23.csv uploaded to pm25_raw/2024-05-03_23.csv in swu-ds-525 bucket
[2024-05-04T13:00:17.705+0000] {gcs.py:557} INFO - File /opt/***/dags/data/2024-05-02_2.csv uploaded to pm25_raw/2024-05-02_2.csv in swu-ds-525 bucket
[2024-05-04T13:00:17.761+0000] {gcs.py:557} INFO - File /opt/***/dags/data/2024-05-04_5.csv uploaded to pm25_raw/2024-05-04_5.csv in swu-ds-525 bucket
[2024-05-04T13:00:17.834+0000] {gcs.py:557} INFO - File /opt/***/dags/data/2024-05-03_15.csv uploaded to pm25_raw/2024-05-03_15.csv in swu-ds-525 bucket
[2024-05-04T13:00:17.890+0000] {gcs.py:557} INFO - File /opt/***/dags/data/2024-05-03_10.csv uploaded to pm25_raw/2024-05-03_10.csv in swu-ds-525 bucket
[2024-05-04T13:00:17.961+0000] {gcs.py:557} INFO - File /opt/***/dags/data/2024-05-02_17.csv uploaded to pm25_raw/2024-05-02_17.csv in swu-ds-525 bucket
[2024-05-04T13:00:18.035+0000] {gcs.py:557} INFO - File /opt/***/dags/data/2024-05-04_17.csv uploaded to pm25_raw/2024-05-04_17.csv in swu-ds-525 bucket
[2024-05-04T13:00:18.115+0000] {gcs.py:557} INFO - File /opt/***/dags/data/2024-05-02_3.csv uploaded to pm25_raw/2024-05-02_3.csv in swu-ds-525 bucket
[2024-05-04T13:00:18.181+0000] {gcs.py:557} INFO - File /opt/***/dags/data/2024-05-04_8.csv uploaded to pm25_raw/2024-05-04_8.csv in swu-ds-525 bucket
[2024-05-04T13:00:18.255+0000] {gcs.py:557} INFO - File /opt/***/dags/data/2024-05-03_4.csv uploaded to pm25_raw/2024-05-03_4.csv in swu-ds-525 bucket
[2024-05-04T13:00:18.335+0000] {gcs.py:557} INFO - File /opt/***/dags/data/2024-05-02_22.csv uploaded to pm25_raw/2024-05-02_22.csv in swu-ds-525 bucket
[2024-05-04T13:00:18.403+0000] {gcs.py:557} INFO - File /opt/***/dags/data/2024-05-03_5.csv uploaded to pm25_raw/2024-05-03_5.csv in swu-ds-525 bucket
[2024-05-04T13:00:18.458+0000] {gcs.py:557} INFO - File /opt/***/dags/data/2024-05-02_9.csv uploaded to pm25_raw/2024-05-02_9.csv in swu-ds-525 bucket
[2024-05-04T13:00:18.511+0000] {gcs.py:557} INFO - File /opt/***/dags/data/2024-05-02_23.csv uploaded to pm25_raw/2024-05-02_23.csv in swu-ds-525 bucket
[2024-05-04T13:00:18.579+0000] {gcs.py:557} INFO - File /opt/***/dags/data/2024-05-04_0.csv uploaded to pm25_raw/2024-05-04_0.csv in swu-ds-525 bucket
[2024-05-04T13:00:18.638+0000] {gcs.py:557} INFO - File /opt/***/dags/data/2024-05-04_14.csv uploaded to pm25_raw/2024-05-04_14.csv in swu-ds-525 bucket
[2024-05-04T13:00:18.696+0000] {gcs.py:557} INFO - File /opt/***/dags/data/2024-05-03_6.csv uploaded to pm25_raw/2024-05-03_6.csv in swu-ds-525 bucket
[2024-05-04T13:00:18.758+0000] {gcs.py:557} INFO - File /opt/***/dags/data/2024-05-03_20.csv uploaded to pm25_raw/2024-05-03_20.csv in swu-ds-525 bucket
[2024-05-04T13:00:18.820+0000] {gcs.py:557} INFO - File /opt/***/dags/data/2024-05-03_12.csv uploaded to pm25_raw/2024-05-03_12.csv in swu-ds-525 bucket
[2024-05-04T13:00:18.898+0000] {gcs.py:557} INFO - File /opt/***/dags/data/2024-05-03_16.csv uploaded to pm25_raw/2024-05-03_16.csv in swu-ds-525 bucket
[2024-05-04T13:00:18.953+0000] {gcs.py:557} INFO - File /opt/***/dags/data/2024-05-02_14.csv uploaded to pm25_raw/2024-05-02_14.csv in swu-ds-525 bucket
[2024-05-04T13:00:19.017+0000] {gcs.py:557} INFO - File /opt/***/dags/data/2024-05-02_12.csv uploaded to pm25_raw/2024-05-02_12.csv in swu-ds-525 bucket
[2024-05-04T13:00:19.075+0000] {gcs.py:557} INFO - File /opt/***/dags/data/2024-05-03_17.csv uploaded to pm25_raw/2024-05-03_17.csv in swu-ds-525 bucket
[2024-05-04T13:00:19.129+0000] {gcs.py:557} INFO - File /opt/***/dags/data/2024-05-02_16.csv uploaded to pm25_raw/2024-05-02_16.csv in swu-ds-525 bucket
[2024-05-04T13:00:19.209+0000] {gcs.py:557} INFO - File /opt/***/dags/data/2024-05-02_6.csv uploaded to pm25_raw/2024-05-02_6.csv in swu-ds-525 bucket
[2024-05-04T13:00:19.348+0000] {gcs.py:557} INFO - File /opt/***/dags/data/2024-05-03_11.csv uploaded to pm25_raw/2024-05-03_11.csv in swu-ds-525 bucket
[2024-05-04T13:00:19.407+0000] {gcs.py:557} INFO - File /opt/***/dags/data/2024-05-03_7.csv uploaded to pm25_raw/2024-05-03_7.csv in swu-ds-525 bucket
[2024-05-04T13:00:19.470+0000] {gcs.py:557} INFO - File /opt/***/dags/data/2024-05-02_8.csv uploaded to pm25_raw/2024-05-02_8.csv in swu-ds-525 bucket
[2024-05-04T13:00:19.544+0000] {gcs.py:557} INFO - File /opt/***/dags/data/2024-05-03_2.csv uploaded to pm25_raw/2024-05-03_2.csv in swu-ds-525 bucket
[2024-05-04T13:00:19.618+0000] {gcs.py:557} INFO - File /opt/***/dags/data/2024-05-03_9.csv uploaded to pm25_raw/2024-05-03_9.csv in swu-ds-525 bucket
[2024-05-04T13:00:19.672+0000] {gcs.py:557} INFO - File /opt/***/dags/data/2024-05-02_5.csv uploaded to pm25_raw/2024-05-02_5.csv in swu-ds-525 bucket
[2024-05-04T13:00:19.768+0000] {gcs.py:557} INFO - File /opt/***/dags/data/2024-05-04_3.csv uploaded to pm25_raw/2024-05-04_3.csv in swu-ds-525 bucket
[2024-05-04T13:00:19.823+0000] {gcs.py:557} INFO - File /opt/***/dags/data/2024-05-02_4.csv uploaded to pm25_raw/2024-05-02_4.csv in swu-ds-525 bucket
[2024-05-04T13:00:19.886+0000] {gcs.py:557} INFO - File /opt/***/dags/data/2024-05-03_18.csv uploaded to pm25_raw/2024-05-03_18.csv in swu-ds-525 bucket
[2024-05-04T13:00:19.934+0000] {gcs.py:557} INFO - File /opt/***/dags/data/2024-05-02_11.csv uploaded to pm25_raw/2024-05-02_11.csv in swu-ds-525 bucket
[2024-05-04T13:00:19.997+0000] {gcs.py:557} INFO - File /opt/***/dags/data/2024-05-04_16.csv uploaded to pm25_raw/2024-05-04_16.csv in swu-ds-525 bucket
[2024-05-04T13:00:20.119+0000] {gcs.py:557} INFO - File /opt/***/dags/data/2024-05-04_4.csv uploaded to pm25_raw/2024-05-04_4.csv in swu-ds-525 bucket
[2024-05-04T13:00:20.177+0000] {gcs.py:557} INFO - File /opt/***/dags/data/2024-05-02_1.csv uploaded to pm25_raw/2024-05-02_1.csv in swu-ds-525 bucket
[2024-05-04T13:00:20.236+0000] {gcs.py:557} INFO - File /opt/***/dags/data/2024-05-02_0.csv uploaded to pm25_raw/2024-05-02_0.csv in swu-ds-525 bucket
[2024-05-04T13:00:20.292+0000] {gcs.py:557} INFO - File /opt/***/dags/data/2024-05-04_7.csv uploaded to pm25_raw/2024-05-04_7.csv in swu-ds-525 bucket
[2024-05-04T13:00:20.349+0000] {gcs.py:557} INFO - File /opt/***/dags/data/2024-05-01_23.csv uploaded to pm25_raw/2024-05-01_23.csv in swu-ds-525 bucket
[2024-05-04T13:00:20.417+0000] {gcs.py:557} INFO - File /opt/***/dags/data/2024-05-04_1.csv uploaded to pm25_raw/2024-05-04_1.csv in swu-ds-525 bucket
[2024-05-04T13:00:20.476+0000] {gcs.py:557} INFO - File /opt/***/dags/data/2024-05-03_0.csv uploaded to pm25_raw/2024-05-03_0.csv in swu-ds-525 bucket
[2024-05-04T13:00:20.546+0000] {gcs.py:557} INFO - File /opt/***/dags/data/2024-05-04_12.csv uploaded to pm25_raw/2024-05-04_12.csv in swu-ds-525 bucket
[2024-05-04T13:00:20.605+0000] {gcs.py:557} INFO - File /opt/***/dags/data/2024-05-03_3.csv uploaded to pm25_raw/2024-05-03_3.csv in swu-ds-525 bucket
[2024-05-04T13:00:20.658+0000] {gcs.py:557} INFO - File /opt/***/dags/data/2024-05-02_20.csv uploaded to pm25_raw/2024-05-02_20.csv in swu-ds-525 bucket
[2024-05-04T13:00:20.722+0000] {gcs.py:557} INFO - File /opt/***/dags/data/2024-05-03_8.csv uploaded to pm25_raw/2024-05-03_8.csv in swu-ds-525 bucket
[2024-05-04T13:00:20.789+0000] {gcs.py:557} INFO - File /opt/***/dags/data/2024-05-04_13.csv uploaded to pm25_raw/2024-05-04_13.csv in swu-ds-525 bucket
[2024-05-04T13:00:20.862+0000] {gcs.py:557} INFO - File /opt/***/dags/data/2024-05-04_11.csv uploaded to pm25_raw/2024-05-04_11.csv in swu-ds-525 bucket
[2024-05-04T13:00:20.865+0000] {taskinstance.py:441} INFO - ::group::Post task execution logs
[2024-05-04T13:00:20.887+0000] {taskinstance.py:1205} INFO - Marking task as SUCCESS. dag_id=for_project, task_id=upload_to_gcs, execution_date=20240504T125959, start_date=20240504T130014, end_date=20240504T130020
[2024-05-04T13:00:21.065+0000] {local_task_job_runner.py:240} INFO - Task exited with return code 0
[2024-05-04T13:00:21.189+0000] {taskinstance.py:3482} INFO - 0 downstream tasks scheduled from follow-on schedule check
[2024-05-04T13:00:21.196+0000] {local_task_job_runner.py:222} INFO - ::endgroup::
