[2024-05-04T13:02:25.830+0000] {local_task_job_runner.py:120} INFO - ::group::Pre task execution logs
[2024-05-04T13:02:25.850+0000] {taskinstance.py:2073} INFO - Dependencies all met for dep_context=non-requeueable deps ti=<TaskInstance: for_project.upload_to_gcs manual__2024-05-04T13:02:15.428289+00:00 [queued]>
[2024-05-04T13:02:25.860+0000] {taskinstance.py:2073} INFO - Dependencies all met for dep_context=requeueable deps ti=<TaskInstance: for_project.upload_to_gcs manual__2024-05-04T13:02:15.428289+00:00 [queued]>
[2024-05-04T13:02:25.861+0000] {taskinstance.py:2303} INFO - Starting attempt 1 of 1
[2024-05-04T13:02:25.882+0000] {taskinstance.py:2327} INFO - Executing <Task(LocalFilesystemToGCSOperator): upload_to_gcs> on 2024-05-04 13:02:15.428289+00:00
[2024-05-04T13:02:25.897+0000] {logging_mixin.py:188} WARNING - /home/***/.local/lib/python3.12/site-packages/***/task/task_runner/standard_task_runner.py:61 DeprecationWarning: This process (pid=102650) is multi-threaded, use of fork() may lead to deadlocks in the child.
[2024-05-04T13:02:25.898+0000] {standard_task_runner.py:63} INFO - Started process 102659 to run task
[2024-05-04T13:02:25.914+0000] {standard_task_runner.py:90} INFO - Running: ['***', 'tasks', 'run', 'for_project', 'upload_to_gcs', 'manual__2024-05-04T13:02:15.428289+00:00', '--job-id', '55', '--raw', '--subdir', 'DAGS_FOLDER/dag_for_project.py', '--cfg-path', '/tmp/tmp_5irvvam']
[2024-05-04T13:02:25.915+0000] {standard_task_runner.py:91} INFO - Job 55: Subtask upload_to_gcs
[2024-05-04T13:02:25.988+0000] {task_command.py:426} INFO - Running <TaskInstance: for_project.upload_to_gcs manual__2024-05-04T13:02:15.428289+00:00 [running]> on host 5bc5768c5236
[2024-05-04T13:02:26.191+0000] {taskinstance.py:2644} INFO - Exporting env vars: AIRFLOW_CTX_DAG_OWNER='***' AIRFLOW_CTX_DAG_ID='for_project' AIRFLOW_CTX_TASK_ID='upload_to_gcs' AIRFLOW_CTX_EXECUTION_DATE='2024-05-04T13:02:15.428289+00:00' AIRFLOW_CTX_TRY_NUMBER='1' AIRFLOW_CTX_DAG_RUN_ID='manual__2024-05-04T13:02:15.428289+00:00'
[2024-05-04T13:02:26.193+0000] {taskinstance.py:430} INFO - ::endgroup::
[2024-05-04T13:02:26.209+0000] {connection.py:274} WARNING - Connection schemes (type: google_cloud_platform) shall not contain '_' according to RFC3986.
[2024-05-04T13:02:26.215+0000] {base.py:84} INFO - Using connection ID 'project_conn' for task execution.
[2024-05-04T13:02:26.577+0000] {gcs.py:557} INFO - File /opt/***/dags/data/2024-05-04_2.csv uploaded to pm25_raw/2024-05-04_2.csv in swu-ds-525 bucket
[2024-05-04T13:02:26.653+0000] {gcs.py:557} INFO - File /opt/***/dags/data/2024-05-02_19.csv uploaded to pm25_raw/2024-05-02_19.csv in swu-ds-525 bucket
[2024-05-04T13:02:26.720+0000] {gcs.py:557} INFO - File /opt/***/dags/data/2024-05-02_21.csv uploaded to pm25_raw/2024-05-02_21.csv in swu-ds-525 bucket
[2024-05-04T13:02:26.811+0000] {gcs.py:557} INFO - File /opt/***/dags/data/2024-05-03_22.csv uploaded to pm25_raw/2024-05-03_22.csv in swu-ds-525 bucket
[2024-05-04T13:02:26.880+0000] {gcs.py:557} INFO - File /opt/***/dags/data/2024-05-03_1.csv uploaded to pm25_raw/2024-05-03_1.csv in swu-ds-525 bucket
[2024-05-04T13:02:26.947+0000] {gcs.py:557} INFO - File /opt/***/dags/data/2024-05-02_18.csv uploaded to pm25_raw/2024-05-02_18.csv in swu-ds-525 bucket
[2024-05-04T13:02:27.010+0000] {gcs.py:557} INFO - File /opt/***/dags/data/2024-05-02_10.csv uploaded to pm25_raw/2024-05-02_10.csv in swu-ds-525 bucket
[2024-05-04T13:02:27.076+0000] {gcs.py:557} INFO - File /opt/***/dags/data/2024-05-04_10.csv uploaded to pm25_raw/2024-05-04_10.csv in swu-ds-525 bucket
[2024-05-04T13:02:27.132+0000] {gcs.py:557} INFO - File /opt/***/dags/data/2024-05-02_15.csv uploaded to pm25_raw/2024-05-02_15.csv in swu-ds-525 bucket
[2024-05-04T13:02:27.195+0000] {gcs.py:557} INFO - File /opt/***/dags/data/2024-05-04_6.csv uploaded to pm25_raw/2024-05-04_6.csv in swu-ds-525 bucket
[2024-05-04T13:02:27.353+0000] {gcs.py:557} INFO - File /opt/***/dags/data/2024-05-04_19.csv uploaded to pm25_raw/2024-05-04_19.csv in swu-ds-525 bucket
[2024-05-04T13:02:27.417+0000] {gcs.py:557} INFO - File /opt/***/dags/data/2024-05-04_9.csv uploaded to pm25_raw/2024-05-04_9.csv in swu-ds-525 bucket
[2024-05-04T13:02:27.482+0000] {gcs.py:557} INFO - File /opt/***/dags/data/2024-05-04_15.csv uploaded to pm25_raw/2024-05-04_15.csv in swu-ds-525 bucket
[2024-05-04T13:02:27.560+0000] {gcs.py:557} INFO - File /opt/***/dags/data/2024-05-02_13.csv uploaded to pm25_raw/2024-05-02_13.csv in swu-ds-525 bucket
[2024-05-04T13:02:27.616+0000] {gcs.py:557} INFO - File /opt/***/dags/data/2024-05-04_18.csv uploaded to pm25_raw/2024-05-04_18.csv in swu-ds-525 bucket
[2024-05-04T13:02:27.680+0000] {gcs.py:557} INFO - File /opt/***/dags/data/2024-05-03_19.csv uploaded to pm25_raw/2024-05-03_19.csv in swu-ds-525 bucket
[2024-05-04T13:02:27.730+0000] {gcs.py:557} INFO - File /opt/***/dags/data/2024-05-03_21.csv uploaded to pm25_raw/2024-05-03_21.csv in swu-ds-525 bucket
[2024-05-04T13:02:27.802+0000] {gcs.py:557} INFO - File /opt/***/dags/data/2024-05-02_7.csv uploaded to pm25_raw/2024-05-02_7.csv in swu-ds-525 bucket
[2024-05-04T13:02:27.864+0000] {gcs.py:557} INFO - File /opt/***/dags/data/2024-05-03_23.csv uploaded to pm25_raw/2024-05-03_23.csv in swu-ds-525 bucket
[2024-05-04T13:02:27.929+0000] {gcs.py:557} INFO - File /opt/***/dags/data/2024-05-02_2.csv uploaded to pm25_raw/2024-05-02_2.csv in swu-ds-525 bucket
[2024-05-04T13:02:28.001+0000] {gcs.py:557} INFO - File /opt/***/dags/data/2024-05-04_5.csv uploaded to pm25_raw/2024-05-04_5.csv in swu-ds-525 bucket
[2024-05-04T13:02:28.060+0000] {gcs.py:557} INFO - File /opt/***/dags/data/2024-05-03_15.csv uploaded to pm25_raw/2024-05-03_15.csv in swu-ds-525 bucket
[2024-05-04T13:02:28.119+0000] {gcs.py:557} INFO - File /opt/***/dags/data/2024-05-03_10.csv uploaded to pm25_raw/2024-05-03_10.csv in swu-ds-525 bucket
[2024-05-04T13:02:28.188+0000] {gcs.py:557} INFO - File /opt/***/dags/data/2024-05-02_17.csv uploaded to pm25_raw/2024-05-02_17.csv in swu-ds-525 bucket
[2024-05-04T13:02:28.257+0000] {gcs.py:557} INFO - File /opt/***/dags/data/2024-05-04_17.csv uploaded to pm25_raw/2024-05-04_17.csv in swu-ds-525 bucket
[2024-05-04T13:02:28.338+0000] {gcs.py:557} INFO - File /opt/***/dags/data/2024-05-02_3.csv uploaded to pm25_raw/2024-05-02_3.csv in swu-ds-525 bucket
[2024-05-04T13:02:28.409+0000] {gcs.py:557} INFO - File /opt/***/dags/data/2024-05-04_8.csv uploaded to pm25_raw/2024-05-04_8.csv in swu-ds-525 bucket
[2024-05-04T13:02:28.472+0000] {gcs.py:557} INFO - File /opt/***/dags/data/2024-05-03_4.csv uploaded to pm25_raw/2024-05-03_4.csv in swu-ds-525 bucket
[2024-05-04T13:02:28.532+0000] {gcs.py:557} INFO - File /opt/***/dags/data/2024-05-02_22.csv uploaded to pm25_raw/2024-05-02_22.csv in swu-ds-525 bucket
[2024-05-04T13:02:28.589+0000] {gcs.py:557} INFO - File /opt/***/dags/data/2024-05-03_5.csv uploaded to pm25_raw/2024-05-03_5.csv in swu-ds-525 bucket
[2024-05-04T13:02:28.651+0000] {gcs.py:557} INFO - File /opt/***/dags/data/2024-05-02_9.csv uploaded to pm25_raw/2024-05-02_9.csv in swu-ds-525 bucket
[2024-05-04T13:02:28.732+0000] {gcs.py:557} INFO - File /opt/***/dags/data/2024-05-02_23.csv uploaded to pm25_raw/2024-05-02_23.csv in swu-ds-525 bucket
[2024-05-04T13:02:28.790+0000] {gcs.py:557} INFO - File /opt/***/dags/data/2024-05-04_0.csv uploaded to pm25_raw/2024-05-04_0.csv in swu-ds-525 bucket
[2024-05-04T13:02:28.853+0000] {gcs.py:557} INFO - File /opt/***/dags/data/2024-05-04_14.csv uploaded to pm25_raw/2024-05-04_14.csv in swu-ds-525 bucket
[2024-05-04T13:02:28.906+0000] {gcs.py:557} INFO - File /opt/***/dags/data/2024-05-03_6.csv uploaded to pm25_raw/2024-05-03_6.csv in swu-ds-525 bucket
[2024-05-04T13:02:28.961+0000] {gcs.py:557} INFO - File /opt/***/dags/data/2024-05-03_20.csv uploaded to pm25_raw/2024-05-03_20.csv in swu-ds-525 bucket
[2024-05-04T13:02:29.019+0000] {gcs.py:557} INFO - File /opt/***/dags/data/2024-05-03_12.csv uploaded to pm25_raw/2024-05-03_12.csv in swu-ds-525 bucket
[2024-05-04T13:02:29.079+0000] {gcs.py:557} INFO - File /opt/***/dags/data/2024-05-03_16.csv uploaded to pm25_raw/2024-05-03_16.csv in swu-ds-525 bucket
[2024-05-04T13:02:29.135+0000] {gcs.py:557} INFO - File /opt/***/dags/data/2024-05-02_14.csv uploaded to pm25_raw/2024-05-02_14.csv in swu-ds-525 bucket
[2024-05-04T13:02:29.202+0000] {gcs.py:557} INFO - File /opt/***/dags/data/2024-05-02_12.csv uploaded to pm25_raw/2024-05-02_12.csv in swu-ds-525 bucket
[2024-05-04T13:02:29.275+0000] {gcs.py:557} INFO - File /opt/***/dags/data/2024-05-03_17.csv uploaded to pm25_raw/2024-05-03_17.csv in swu-ds-525 bucket
[2024-05-04T13:02:29.343+0000] {gcs.py:557} INFO - File /opt/***/dags/data/2024-05-02_16.csv uploaded to pm25_raw/2024-05-02_16.csv in swu-ds-525 bucket
[2024-05-04T13:02:29.407+0000] {gcs.py:557} INFO - File /opt/***/dags/data/2024-05-02_6.csv uploaded to pm25_raw/2024-05-02_6.csv in swu-ds-525 bucket
[2024-05-04T13:02:29.469+0000] {gcs.py:557} INFO - File /opt/***/dags/data/2024-05-03_11.csv uploaded to pm25_raw/2024-05-03_11.csv in swu-ds-525 bucket
[2024-05-04T13:02:29.538+0000] {gcs.py:557} INFO - File /opt/***/dags/data/2024-05-03_7.csv uploaded to pm25_raw/2024-05-03_7.csv in swu-ds-525 bucket
[2024-05-04T13:02:29.598+0000] {gcs.py:557} INFO - File /opt/***/dags/data/2024-05-02_8.csv uploaded to pm25_raw/2024-05-02_8.csv in swu-ds-525 bucket
[2024-05-04T13:02:29.674+0000] {gcs.py:557} INFO - File /opt/***/dags/data/2024-05-03_2.csv uploaded to pm25_raw/2024-05-03_2.csv in swu-ds-525 bucket
[2024-05-04T13:02:29.753+0000] {gcs.py:557} INFO - File /opt/***/dags/data/2024-05-03_9.csv uploaded to pm25_raw/2024-05-03_9.csv in swu-ds-525 bucket
[2024-05-04T13:02:29.808+0000] {gcs.py:557} INFO - File /opt/***/dags/data/2024-05-02_5.csv uploaded to pm25_raw/2024-05-02_5.csv in swu-ds-525 bucket
[2024-05-04T13:02:29.866+0000] {gcs.py:557} INFO - File /opt/***/dags/data/2024-05-04_3.csv uploaded to pm25_raw/2024-05-04_3.csv in swu-ds-525 bucket
[2024-05-04T13:02:29.927+0000] {gcs.py:557} INFO - File /opt/***/dags/data/2024-05-02_4.csv uploaded to pm25_raw/2024-05-02_4.csv in swu-ds-525 bucket
[2024-05-04T13:02:29.997+0000] {gcs.py:557} INFO - File /opt/***/dags/data/2024-05-03_18.csv uploaded to pm25_raw/2024-05-03_18.csv in swu-ds-525 bucket
[2024-05-04T13:02:30.048+0000] {gcs.py:557} INFO - File /opt/***/dags/data/2024-05-02_11.csv uploaded to pm25_raw/2024-05-02_11.csv in swu-ds-525 bucket
[2024-05-04T13:02:30.114+0000] {gcs.py:557} INFO - File /opt/***/dags/data/2024-05-04_16.csv uploaded to pm25_raw/2024-05-04_16.csv in swu-ds-525 bucket
[2024-05-04T13:02:30.177+0000] {gcs.py:557} INFO - File /opt/***/dags/data/2024-05-04_4.csv uploaded to pm25_raw/2024-05-04_4.csv in swu-ds-525 bucket
[2024-05-04T13:02:30.243+0000] {gcs.py:557} INFO - File /opt/***/dags/data/2024-05-02_1.csv uploaded to pm25_raw/2024-05-02_1.csv in swu-ds-525 bucket
[2024-05-04T13:02:30.322+0000] {gcs.py:557} INFO - File /opt/***/dags/data/2024-05-02_0.csv uploaded to pm25_raw/2024-05-02_0.csv in swu-ds-525 bucket
[2024-05-04T13:02:30.373+0000] {gcs.py:557} INFO - File /opt/***/dags/data/2024-05-04_7.csv uploaded to pm25_raw/2024-05-04_7.csv in swu-ds-525 bucket
[2024-05-04T13:02:30.427+0000] {gcs.py:557} INFO - File /opt/***/dags/data/2024-05-01_23.csv uploaded to pm25_raw/2024-05-01_23.csv in swu-ds-525 bucket
[2024-05-04T13:02:30.500+0000] {gcs.py:557} INFO - File /opt/***/dags/data/2024-05-04_1.csv uploaded to pm25_raw/2024-05-04_1.csv in swu-ds-525 bucket
[2024-05-04T13:02:30.571+0000] {gcs.py:557} INFO - File /opt/***/dags/data/2024-05-03_0.csv uploaded to pm25_raw/2024-05-03_0.csv in swu-ds-525 bucket
[2024-05-04T13:02:30.645+0000] {gcs.py:557} INFO - File /opt/***/dags/data/2024-05-04_12.csv uploaded to pm25_raw/2024-05-04_12.csv in swu-ds-525 bucket
[2024-05-04T13:02:30.703+0000] {gcs.py:557} INFO - File /opt/***/dags/data/2024-05-03_3.csv uploaded to pm25_raw/2024-05-03_3.csv in swu-ds-525 bucket
[2024-05-04T13:02:30.758+0000] {gcs.py:557} INFO - File /opt/***/dags/data/2024-05-02_20.csv uploaded to pm25_raw/2024-05-02_20.csv in swu-ds-525 bucket
[2024-05-04T13:02:30.810+0000] {gcs.py:557} INFO - File /opt/***/dags/data/2024-05-03_8.csv uploaded to pm25_raw/2024-05-03_8.csv in swu-ds-525 bucket
[2024-05-04T13:02:30.871+0000] {gcs.py:557} INFO - File /opt/***/dags/data/2024-05-04_13.csv uploaded to pm25_raw/2024-05-04_13.csv in swu-ds-525 bucket
[2024-05-04T13:02:30.939+0000] {gcs.py:557} INFO - File /opt/***/dags/data/2024-05-04_11.csv uploaded to pm25_raw/2024-05-04_11.csv in swu-ds-525 bucket
[2024-05-04T13:02:30.940+0000] {taskinstance.py:441} INFO - ::group::Post task execution logs
[2024-05-04T13:02:30.953+0000] {taskinstance.py:1205} INFO - Marking task as SUCCESS. dag_id=for_project, task_id=upload_to_gcs, execution_date=20240504T130215, start_date=20240504T130225, end_date=20240504T130230
[2024-05-04T13:02:31.040+0000] {local_task_job_runner.py:240} INFO - Task exited with return code 0
[2024-05-04T13:02:31.104+0000] {taskinstance.py:3482} INFO - 0 downstream tasks scheduled from follow-on schedule check
[2024-05-04T13:02:31.116+0000] {local_task_job_runner.py:222} INFO - ::endgroup::
