[2024-05-05T05:21:24.737+0000] {local_task_job_runner.py:120} INFO - ::group::Pre task execution logs
[2024-05-05T05:21:24.749+0000] {taskinstance.py:2073} INFO - Dependencies all met for dep_context=non-requeueable deps ti=<TaskInstance: sample.load_csv_delimiter scheduled__2024-05-04T00:00:00+00:00 [queued]>
[2024-05-05T05:21:24.756+0000] {taskinstance.py:2073} INFO - Dependencies all met for dep_context=requeueable deps ti=<TaskInstance: sample.load_csv_delimiter scheduled__2024-05-04T00:00:00+00:00 [queued]>
[2024-05-05T05:21:24.756+0000] {taskinstance.py:2303} INFO - Starting attempt 4 of 4
[2024-05-05T05:21:24.771+0000] {taskinstance.py:2327} INFO - Executing <Task(GCSToBigQueryOperator): load_csv_delimiter> on 2024-05-04 00:00:00+00:00
[2024-05-05T05:21:24.781+0000] {standard_task_runner.py:90} INFO - Running: ['***', 'tasks', 'run', 'sample', 'load_csv_delimiter', 'scheduled__2024-05-04T00:00:00+00:00', '--job-id', '74', '--raw', '--subdir', 'DAGS_FOLDER/my_dag.py', '--cfg-path', '/tmp/tmpwzob7j9m']
[2024-05-05T05:21:24.783+0000] {standard_task_runner.py:91} INFO - Job 74: Subtask load_csv_delimiter
[2024-05-05T05:21:24.786+0000] {logging_mixin.py:188} WARNING - /home/***/.local/lib/python3.12/site-packages/***/task/task_runner/standard_task_runner.py:61 DeprecationWarning: This process (pid=35899) is multi-threaded, use of fork() may lead to deadlocks in the child.
[2024-05-05T05:21:24.787+0000] {standard_task_runner.py:63} INFO - Started process 35906 to run task
[2024-05-05T05:21:24.825+0000] {task_command.py:426} INFO - Running <TaskInstance: sample.load_csv_delimiter scheduled__2024-05-04T00:00:00+00:00 [running]> on host 5bc5768c5236
[2024-05-05T05:21:24.901+0000] {taskinstance.py:2644} INFO - Exporting env vars: AIRFLOW_CTX_DAG_OWNER='***' AIRFLOW_CTX_DAG_ID='sample' AIRFLOW_CTX_TASK_ID='load_csv_delimiter' AIRFLOW_CTX_EXECUTION_DATE='2024-05-04T00:00:00+00:00' AIRFLOW_CTX_TRY_NUMBER='4' AIRFLOW_CTX_DAG_RUN_ID='scheduled__2024-05-04T00:00:00+00:00'
[2024-05-05T05:21:24.902+0000] {taskinstance.py:430} INFO - ::endgroup::
[2024-05-05T05:21:24.908+0000] {connection.py:274} WARNING - Connection schemes (type: google_cloud_platform) shall not contain '_' according to RFC3986.
[2024-05-05T05:21:24.913+0000] {base.py:84} INFO - Using connection ID 'gsc_to_bigq' for task execution.
[2024-05-05T05:21:24.913+0000] {gcs_to_bigquery.py:379} INFO - Using existing BigQuery table for storing data...
[2024-05-05T05:21:24.960+0000] {gcs_to_bigquery.py:383} INFO - Executing: {'load': {'autodetect': True, 'createDisposition': 'CREATE_IF_NEEDED', 'destinationTable': {'projectId': 'upbeat-task-421414', 'datasetId': 'pm25', 'tableId': 'pm25_data'}, 'sourceFormat': 'CSV', 'sourceUris': ['gs://dw-projec-swu-ds525/pm25_cleaned/all_data.csv'], 'writeDisposition': 'WRITE_TRUNCATE', 'ignoreUnknownValues': False, 'skipLeadingRows': None, 'fieldDelimiter': '\t', 'quote': '', 'allowQuotedNewlines': False, 'encoding': 'UTF-8'}}
[2024-05-05T05:21:24.961+0000] {bigquery.py:1613} INFO - Inserting job ***_sample_load_csv_delimiter_2024_05_04T00_00_00_00_00_e86db5baf18b8aea1615d6d8595cf4e0
[2024-05-05T05:21:25.516+0000] {bigquery.py:62} INFO - Using the connection  gsc_to_bigq .
[2024-05-05T05:21:25.517+0000] {taskinstance.py:441} INFO - ::group::Post task execution logs
[2024-05-05T05:21:25.518+0000] {crypto.py:82} WARNING - empty cryptography key - values will not be stored encrypted.
[2024-05-05T05:21:25.542+0000] {taskinstance.py:2486} INFO - Pausing task as DEFERRED. dag_id=sample, task_id=load_csv_delimiter, execution_date=20240504T000000, start_date=20240505T052124
[2024-05-05T05:21:25.603+0000] {local_task_job_runner.py:237} INFO - Task exited with return code 100 (task deferral)
[2024-05-05T05:21:25.604+0000] {local_task_job_runner.py:222} INFO - ::endgroup::
[2024-05-05T05:26:55.133+0000] {local_task_job_runner.py:120} INFO - ::group::Pre task execution logs
[2024-05-05T05:26:55.146+0000] {taskinstance.py:2073} INFO - Dependencies all met for dep_context=non-requeueable deps ti=<TaskInstance: sample.load_csv_delimiter scheduled__2024-05-04T00:00:00+00:00 [queued]>
[2024-05-05T05:26:55.152+0000] {taskinstance.py:2073} INFO - Dependencies all met for dep_context=requeueable deps ti=<TaskInstance: sample.load_csv_delimiter scheduled__2024-05-04T00:00:00+00:00 [queued]>
[2024-05-05T05:26:55.152+0000] {taskinstance.py:2303} INFO - Starting attempt 4 of 4
[2024-05-05T05:26:55.168+0000] {taskinstance.py:2327} INFO - Executing <Task(GCSToBigQueryOperator): load_csv_delimiter> on 2024-05-04 00:00:00+00:00
[2024-05-05T05:26:55.177+0000] {standard_task_runner.py:90} INFO - Running: ['***', 'tasks', 'run', 'sample', 'load_csv_delimiter', 'scheduled__2024-05-04T00:00:00+00:00', '--job-id', '75', '--raw', '--subdir', 'DAGS_FOLDER/my_dag.py', '--cfg-path', '/tmp/tmp6lum4zo2']
[2024-05-05T05:26:55.179+0000] {standard_task_runner.py:91} INFO - Job 75: Subtask load_csv_delimiter
[2024-05-05T05:26:55.182+0000] {logging_mixin.py:188} WARNING - /home/***/.local/lib/python3.12/site-packages/***/task/task_runner/standard_task_runner.py:61 DeprecationWarning: This process (pid=38924) is multi-threaded, use of fork() may lead to deadlocks in the child.
[2024-05-05T05:26:55.183+0000] {standard_task_runner.py:63} INFO - Started process 38926 to run task
[2024-05-05T05:26:55.222+0000] {task_command.py:426} INFO - Running <TaskInstance: sample.load_csv_delimiter scheduled__2024-05-04T00:00:00+00:00 [running]> on host 5bc5768c5236
[2024-05-05T05:26:55.304+0000] {taskinstance.py:2644} INFO - Exporting env vars: AIRFLOW_CTX_DAG_OWNER='***' AIRFLOW_CTX_DAG_ID='sample' AIRFLOW_CTX_TASK_ID='load_csv_delimiter' AIRFLOW_CTX_EXECUTION_DATE='2024-05-04T00:00:00+00:00' AIRFLOW_CTX_TRY_NUMBER='4' AIRFLOW_CTX_DAG_RUN_ID='scheduled__2024-05-04T00:00:00+00:00'
[2024-05-05T05:26:55.306+0000] {taskinstance.py:430} INFO - ::endgroup::
[2024-05-05T05:26:55.312+0000] {connection.py:274} WARNING - Connection schemes (type: google_cloud_platform) shall not contain '_' according to RFC3986.
[2024-05-05T05:26:55.316+0000] {base.py:84} INFO - Using connection ID 'gsc_to_bigq' for task execution.
[2024-05-05T05:26:55.317+0000] {gcs_to_bigquery.py:379} INFO - Using existing BigQuery table for storing data...
[2024-05-05T05:26:55.363+0000] {gcs_to_bigquery.py:383} INFO - Executing: {'load': {'autodetect': True, 'createDisposition': 'CREATE_IF_NEEDED', 'destinationTable': {'projectId': 'upbeat-task-421414', 'datasetId': 'pm25', 'tableId': 'pm25_data'}, 'sourceFormat': 'CSV', 'sourceUris': ['gs://dw-projec-swu-ds525/pm25_cleaned/all_data.csv'], 'writeDisposition': 'WRITE_TRUNCATE', 'ignoreUnknownValues': False, 'skipLeadingRows': None, 'fieldDelimiter': ',', 'quote': None, 'allowQuotedNewlines': False, 'encoding': 'UTF-8'}}
[2024-05-05T05:26:55.364+0000] {bigquery.py:1613} INFO - Inserting job ***_sample_load_csv_delimiter_2024_05_04T00_00_00_00_00_b1dc5a972b8038359f0c274d93c1e7e8
[2024-05-05T05:26:56.020+0000] {taskinstance.py:441} INFO - ::group::Post task execution logs
[2024-05-05T05:26:56.020+0000] {taskinstance.py:2890} ERROR - Task failed with exception
Traceback (most recent call last):
  File "/home/airflow/.local/lib/python3.12/site-packages/airflow/models/taskinstance.py", line 465, in _execute_task
    result = _execute_callable(context=context, **execute_callable_kwargs)
             ^^^^^^^^^^^^^^^^^^^^^^^^^^^^^^^^^^^^^^^^^^^^^^^^^^^^^^^^^^^^^
  File "/home/airflow/.local/lib/python3.12/site-packages/airflow/models/taskinstance.py", line 432, in _execute_callable
    return execute_callable(context=context, **execute_callable_kwargs)
           ^^^^^^^^^^^^^^^^^^^^^^^^^^^^^^^^^^^^^^^^^^^^^^^^^^^^^^^^^^^^
  File "/home/airflow/.local/lib/python3.12/site-packages/airflow/models/baseoperator.py", line 400, in wrapper
    return func(self, *args, **kwargs)
           ^^^^^^^^^^^^^^^^^^^^^^^^^^^
  File "/home/airflow/.local/lib/python3.12/site-packages/airflow/providers/google/cloud/transfers/gcs_to_bigquery.py", line 444, in execute
    job.result(timeout=self.result_timeout, retry=self.result_retry)
  File "/home/airflow/.local/lib/python3.12/site-packages/google/cloud/bigquery/job/base.py", line 971, in result
    return super(_AsyncJob, self).result(timeout=timeout, **kwargs)
           ^^^^^^^^^^^^^^^^^^^^^^^^^^^^^^^^^^^^^^^^^^^^^^^^^^^^^^^^
  File "/home/airflow/.local/lib/python3.12/site-packages/google/api_core/future/polling.py", line 261, in result
    raise self._exception
google.api_core.exceptions.Forbidden: 403 Access Denied: File gs://dw-projec-swu-ds525/pm25_cleaned/all_data.csv: Access Denied; reason: accessDenied, message: Access Denied: File gs://dw-projec-swu-ds525/pm25_cleaned/all_data.csv: Access Denied
[2024-05-05T05:26:56.028+0000] {taskinstance.py:1205} INFO - Marking task as FAILED. dag_id=sample, task_id=load_csv_delimiter, execution_date=20240504T000000, start_date=20240505T052655, end_date=20240505T052656
[2024-05-05T05:26:56.043+0000] {standard_task_runner.py:110} ERROR - Failed to execute job 75 for task load_csv_delimiter (403 Access Denied: File gs://dw-projec-swu-ds525/pm25_cleaned/all_data.csv: Access Denied; reason: accessDenied, message: Access Denied: File gs://dw-projec-swu-ds525/pm25_cleaned/all_data.csv: Access Denied; 38926)
[2024-05-05T05:26:56.080+0000] {local_task_job_runner.py:240} INFO - Task exited with return code 1
[2024-05-05T05:26:56.097+0000] {taskinstance.py:3482} INFO - 0 downstream tasks scheduled from follow-on schedule check
[2024-05-05T05:26:56.112+0000] {local_task_job_runner.py:222} INFO - ::endgroup::
