[2024-05-05T09:12:04.212+0000] {local_task_job_runner.py:120} INFO - ::group::Pre task execution logs
[2024-05-05T09:12:04.238+0000] {taskinstance.py:2073} INFO - Dependencies all met for dep_context=non-requeueable deps ti=<TaskInstance: sample.clean_df manual__2024-05-05T09:04:09.920819+00:00 [queued]>
[2024-05-05T09:12:04.259+0000] {taskinstance.py:2073} INFO - Dependencies all met for dep_context=requeueable deps ti=<TaskInstance: sample.clean_df manual__2024-05-05T09:04:09.920819+00:00 [queued]>
[2024-05-05T09:12:04.259+0000] {taskinstance.py:2303} INFO - Starting attempt 7 of 7
[2024-05-05T09:12:04.312+0000] {taskinstance.py:2327} INFO - Executing <Task(PythonOperator): clean_df> on 2024-05-05 09:04:09.920819+00:00
[2024-05-05T09:12:04.355+0000] {logging_mixin.py:188} WARNING - /home/***/.local/lib/python3.12/site-packages/***/task/task_runner/standard_task_runner.py:61 DeprecationWarning: This process (pid=50052) is multi-threaded, use of fork() may lead to deadlocks in the child.
[2024-05-05T09:12:04.360+0000] {standard_task_runner.py:63} INFO - Started process 50070 to run task
[2024-05-05T09:12:04.378+0000] {standard_task_runner.py:90} INFO - Running: ['***', 'tasks', 'run', 'sample', 'clean_df', 'manual__2024-05-05T09:04:09.920819+00:00', '--job-id', '184', '--raw', '--subdir', 'DAGS_FOLDER/my_dag.py', '--cfg-path', '/tmp/tmpdye_0kub']
[2024-05-05T09:12:04.379+0000] {standard_task_runner.py:91} INFO - Job 184: Subtask clean_df
[2024-05-05T09:12:04.463+0000] {task_command.py:426} INFO - Running <TaskInstance: sample.clean_df manual__2024-05-05T09:04:09.920819+00:00 [running]> on host 5bc5768c5236
[2024-05-05T09:12:04.593+0000] {taskinstance.py:2644} INFO - Exporting env vars: AIRFLOW_CTX_DAG_OWNER='***' AIRFLOW_CTX_DAG_ID='sample' AIRFLOW_CTX_TASK_ID='clean_df' AIRFLOW_CTX_EXECUTION_DATE='2024-05-05T09:04:09.920819+00:00' AIRFLOW_CTX_TRY_NUMBER='7' AIRFLOW_CTX_DAG_RUN_ID='manual__2024-05-05T09:04:09.920819+00:00'
[2024-05-05T09:12:04.594+0000] {taskinstance.py:430} INFO - ::endgroup::
[2024-05-05T09:12:04.609+0000] {logging_mixin.py:188} WARNING - /opt/***/dags/my_dag.py:80 FutureWarning: The behavior of DataFrame concatenation with empty or all-NA entries is deprecated. In a future version, this will no longer exclude empty or all-NA columns when determining the result dtypes. To retain the old behavior, exclude the relevant entries before the concat operation.
[2024-05-05T09:12:04.612+0000] {taskinstance.py:441} INFO - ::group::Post task execution logs
[2024-05-05T09:12:04.613+0000] {taskinstance.py:2890} ERROR - Task failed with exception
Traceback (most recent call last):
  File "/home/airflow/.local/lib/python3.12/site-packages/airflow/models/taskinstance.py", line 465, in _execute_task
    result = _execute_callable(context=context, **execute_callable_kwargs)
             ^^^^^^^^^^^^^^^^^^^^^^^^^^^^^^^^^^^^^^^^^^^^^^^^^^^^^^^^^^^^^
  File "/home/airflow/.local/lib/python3.12/site-packages/airflow/models/taskinstance.py", line 432, in _execute_callable
    return execute_callable(context=context, **execute_callable_kwargs)
           ^^^^^^^^^^^^^^^^^^^^^^^^^^^^^^^^^^^^^^^^^^^^^^^^^^^^^^^^^^^^
  File "/home/airflow/.local/lib/python3.12/site-packages/airflow/models/baseoperator.py", line 400, in wrapper
    return func(self, *args, **kwargs)
           ^^^^^^^^^^^^^^^^^^^^^^^^^^^
  File "/home/airflow/.local/lib/python3.12/site-packages/airflow/operators/python.py", line 235, in execute
    return_value = self.execute_callable()
                   ^^^^^^^^^^^^^^^^^^^^^^^
  File "/home/airflow/.local/lib/python3.12/site-packages/airflow/operators/python.py", line 252, in execute_callable
    return self.python_callable(*self.op_args, **self.op_kwargs)
           ^^^^^^^^^^^^^^^^^^^^^^^^^^^^^^^^^^^^^^^^^^^^^^^^^^^^^
  File "/opt/airflow/dags/my_dag.py", line 82, in _clean_df
    af_all.dropna(axis=1, inplace=True)
    ^^^^^^
NameError: name 'af_all' is not defined. Did you mean: 'df_all'?
[2024-05-05T09:12:04.620+0000] {taskinstance.py:1205} INFO - Marking task as FAILED. dag_id=sample, task_id=clean_df, execution_date=20240505T090409, start_date=20240505T091204, end_date=20240505T091204
[2024-05-05T09:12:04.634+0000] {standard_task_runner.py:110} ERROR - Failed to execute job 184 for task clean_df (name 'af_all' is not defined; 50070)
[2024-05-05T09:12:04.677+0000] {local_task_job_runner.py:240} INFO - Task exited with return code 1
[2024-05-05T09:12:04.697+0000] {taskinstance.py:3482} INFO - 0 downstream tasks scheduled from follow-on schedule check
[2024-05-05T09:12:04.705+0000] {local_task_job_runner.py:222} INFO - ::endgroup::
