[2024-05-05T11:01:11.650+0000] {local_task_job_runner.py:120} INFO - ::group::Pre task execution logs
[2024-05-05T11:01:11.666+0000] {taskinstance.py:2073} INFO - Dependencies all met for dep_context=non-requeueable deps ti=<TaskInstance: sample.upload_to_gcs scheduled__2024-05-05T10:00:00+00:00 [queued]>
[2024-05-05T11:01:11.675+0000] {taskinstance.py:2073} INFO - Dependencies all met for dep_context=requeueable deps ti=<TaskInstance: sample.upload_to_gcs scheduled__2024-05-05T10:00:00+00:00 [queued]>
[2024-05-05T11:01:11.675+0000] {taskinstance.py:2303} INFO - Starting attempt 1 of 1
[2024-05-05T11:01:11.694+0000] {taskinstance.py:2327} INFO - Executing <Task(LocalFilesystemToGCSOperator): upload_to_gcs> on 2024-05-05 10:00:00+00:00
[2024-05-05T11:01:11.709+0000] {logging_mixin.py:188} WARNING - /home/***/.local/lib/python3.12/site-packages/***/task/task_runner/standard_task_runner.py:61 DeprecationWarning: This process (pid=109146) is multi-threaded, use of fork() may lead to deadlocks in the child.
[2024-05-05T11:01:11.710+0000] {standard_task_runner.py:63} INFO - Started process 109267 to run task
[2024-05-05T11:01:11.715+0000] {standard_task_runner.py:90} INFO - Running: ['***', 'tasks', 'run', 'sample', 'upload_to_gcs', 'scheduled__2024-05-05T10:00:00+00:00', '--job-id', '231', '--raw', '--subdir', 'DAGS_FOLDER/my_dag.py', '--cfg-path', '/tmp/tmpme1jsukn']
[2024-05-05T11:01:11.716+0000] {standard_task_runner.py:91} INFO - Job 231: Subtask upload_to_gcs
[2024-05-05T11:01:11.771+0000] {task_command.py:426} INFO - Running <TaskInstance: sample.upload_to_gcs scheduled__2024-05-05T10:00:00+00:00 [running]> on host 5bc5768c5236
[2024-05-05T11:01:11.978+0000] {taskinstance.py:2644} INFO - Exporting env vars: AIRFLOW_CTX_DAG_OWNER='***' AIRFLOW_CTX_DAG_ID='sample' AIRFLOW_CTX_TASK_ID='upload_to_gcs' AIRFLOW_CTX_EXECUTION_DATE='2024-05-05T10:00:00+00:00' AIRFLOW_CTX_TRY_NUMBER='1' AIRFLOW_CTX_DAG_RUN_ID='scheduled__2024-05-05T10:00:00+00:00'
[2024-05-05T11:01:11.979+0000] {taskinstance.py:430} INFO - ::endgroup::
[2024-05-05T11:01:11.990+0000] {connection.py:274} WARNING - Connection schemes (type: google_cloud_platform) shall not contain '_' according to RFC3986.
[2024-05-05T11:01:12.006+0000] {base.py:84} INFO - Using connection ID 'my_gcp_conn' for task execution.
[2024-05-05T11:01:12.340+0000] {gcs.py:557} INFO - File /opt/***/dags/data/2024-05-05_1.csv uploaded to pm25_raw/2024-05-05_1.csv in dw-projec-swu-ds525 bucket
[2024-05-05T11:01:12.400+0000] {gcs.py:557} INFO - File /opt/***/dags/data/2024-05-05_5.csv uploaded to pm25_raw/2024-05-05_5.csv in dw-projec-swu-ds525 bucket
[2024-05-05T11:01:12.471+0000] {gcs.py:557} INFO - File /opt/***/dags/data/2024-05-04_2.csv uploaded to pm25_raw/2024-05-04_2.csv in dw-projec-swu-ds525 bucket
[2024-05-05T11:01:12.533+0000] {gcs.py:557} INFO - File /opt/***/dags/data/2024-05-02_19.csv uploaded to pm25_raw/2024-05-02_19.csv in dw-projec-swu-ds525 bucket
[2024-05-05T11:01:12.601+0000] {gcs.py:557} INFO - File /opt/***/dags/data/2024-05-02_21.csv uploaded to pm25_raw/2024-05-02_21.csv in dw-projec-swu-ds525 bucket
[2024-05-05T11:01:12.655+0000] {gcs.py:557} INFO - File /opt/***/dags/data/2024-05-03_22.csv uploaded to pm25_raw/2024-05-03_22.csv in dw-projec-swu-ds525 bucket
[2024-05-05T11:01:12.719+0000] {gcs.py:557} INFO - File /opt/***/dags/data/2024-05-03_1.csv uploaded to pm25_raw/2024-05-03_1.csv in dw-projec-swu-ds525 bucket
[2024-05-05T11:01:12.778+0000] {gcs.py:557} INFO - File /opt/***/dags/data/2024-05-05_10.csv uploaded to pm25_raw/2024-05-05_10.csv in dw-projec-swu-ds525 bucket
[2024-05-05T11:01:12.850+0000] {gcs.py:557} INFO - File /opt/***/dags/data/2024-05-02_18.csv uploaded to pm25_raw/2024-05-02_18.csv in dw-projec-swu-ds525 bucket
[2024-05-05T11:01:12.931+0000] {gcs.py:557} INFO - File /opt/***/dags/data/2024-05-02_10.csv uploaded to pm25_raw/2024-05-02_10.csv in dw-projec-swu-ds525 bucket
[2024-05-05T11:01:12.995+0000] {gcs.py:557} INFO - File /opt/***/dags/data/2024-05-04_10.csv uploaded to pm25_raw/2024-05-04_10.csv in dw-projec-swu-ds525 bucket
[2024-05-05T11:01:13.053+0000] {gcs.py:557} INFO - File /opt/***/dags/data/2024-05-02_15.csv uploaded to pm25_raw/2024-05-02_15.csv in dw-projec-swu-ds525 bucket
[2024-05-05T11:01:13.113+0000] {gcs.py:557} INFO - File /opt/***/dags/data/2024-05-05_13.csv uploaded to pm25_raw/2024-05-05_13.csv in dw-projec-swu-ds525 bucket
[2024-05-05T11:01:13.169+0000] {gcs.py:557} INFO - File /opt/***/dags/data/2024-05-04_22.csv uploaded to pm25_raw/2024-05-04_22.csv in dw-projec-swu-ds525 bucket
[2024-05-05T11:01:13.227+0000] {gcs.py:557} INFO - File /opt/***/dags/data/2024-05-04_6.csv uploaded to pm25_raw/2024-05-04_6.csv in dw-projec-swu-ds525 bucket
[2024-05-05T11:01:13.284+0000] {gcs.py:557} INFO - File /opt/***/dags/data/2024-05-05_17.csv uploaded to pm25_raw/2024-05-05_17.csv in dw-projec-swu-ds525 bucket
[2024-05-05T11:01:13.339+0000] {gcs.py:557} INFO - File /opt/***/dags/data/2024-05-04_19.csv uploaded to pm25_raw/2024-05-04_19.csv in dw-projec-swu-ds525 bucket
[2024-05-05T11:01:13.402+0000] {gcs.py:557} INFO - File /opt/***/dags/data/2024-05-04_9.csv uploaded to pm25_raw/2024-05-04_9.csv in dw-projec-swu-ds525 bucket
[2024-05-05T11:01:13.470+0000] {gcs.py:557} INFO - File /opt/***/dags/data/2024-05-04_15.csv uploaded to pm25_raw/2024-05-04_15.csv in dw-projec-swu-ds525 bucket
[2024-05-05T11:01:13.532+0000] {gcs.py:557} INFO - File /opt/***/dags/data/2024-05-02_13.csv uploaded to pm25_raw/2024-05-02_13.csv in dw-projec-swu-ds525 bucket
[2024-05-05T11:01:13.604+0000] {gcs.py:557} INFO - File /opt/***/dags/data/2024-05-04_18.csv uploaded to pm25_raw/2024-05-04_18.csv in dw-projec-swu-ds525 bucket
[2024-05-05T11:01:13.663+0000] {gcs.py:557} INFO - File /opt/***/dags/data/2024-05-04_21.csv uploaded to pm25_raw/2024-05-04_21.csv in dw-projec-swu-ds525 bucket
[2024-05-05T11:01:13.720+0000] {gcs.py:557} INFO - File /opt/***/dags/data/2024-05-03_19.csv uploaded to pm25_raw/2024-05-03_19.csv in dw-projec-swu-ds525 bucket
[2024-05-05T11:01:13.799+0000] {gcs.py:557} INFO - File /opt/***/dags/data/2024-05-03_21.csv uploaded to pm25_raw/2024-05-03_21.csv in dw-projec-swu-ds525 bucket
[2024-05-05T11:01:13.867+0000] {gcs.py:557} INFO - File /opt/***/dags/data/2024-05-02_7.csv uploaded to pm25_raw/2024-05-02_7.csv in dw-projec-swu-ds525 bucket
[2024-05-05T11:01:13.923+0000] {gcs.py:557} INFO - File /opt/***/dags/data/2024-05-03_23.csv uploaded to pm25_raw/2024-05-03_23.csv in dw-projec-swu-ds525 bucket
[2024-05-05T11:01:14.002+0000] {gcs.py:557} INFO - File /opt/***/dags/data/2024-05-02_2.csv uploaded to pm25_raw/2024-05-02_2.csv in dw-projec-swu-ds525 bucket
[2024-05-05T11:01:14.061+0000] {gcs.py:557} INFO - File /opt/***/dags/data/2024-05-05_4.csv uploaded to pm25_raw/2024-05-05_4.csv in dw-projec-swu-ds525 bucket
[2024-05-05T11:01:14.146+0000] {gcs.py:557} INFO - File /opt/***/dags/data/2024-05-04_5.csv uploaded to pm25_raw/2024-05-04_5.csv in dw-projec-swu-ds525 bucket
[2024-05-05T11:01:14.204+0000] {gcs.py:557} INFO - File /opt/***/dags/data/2024-05-04_23.csv uploaded to pm25_raw/2024-05-04_23.csv in dw-projec-swu-ds525 bucket
[2024-05-05T11:01:14.263+0000] {gcs.py:557} INFO - File /opt/***/dags/data/2024-05-03_15.csv uploaded to pm25_raw/2024-05-03_15.csv in dw-projec-swu-ds525 bucket
[2024-05-05T11:01:14.342+0000] {gcs.py:557} INFO - File /opt/***/dags/data/2024-05-03_10.csv uploaded to pm25_raw/2024-05-03_10.csv in dw-projec-swu-ds525 bucket
[2024-05-05T11:01:14.401+0000] {gcs.py:557} INFO - File /opt/***/dags/data/2024-05-05_12.csv uploaded to pm25_raw/2024-05-05_12.csv in dw-projec-swu-ds525 bucket
[2024-05-05T11:01:14.463+0000] {gcs.py:557} INFO - File /opt/***/dags/data/2024-05-02_17.csv uploaded to pm25_raw/2024-05-02_17.csv in dw-projec-swu-ds525 bucket
[2024-05-05T11:01:14.524+0000] {gcs.py:557} INFO - File /opt/***/dags/data/2024-05-04_17.csv uploaded to pm25_raw/2024-05-04_17.csv in dw-projec-swu-ds525 bucket
[2024-05-05T11:01:14.597+0000] {gcs.py:557} INFO - File /opt/***/dags/data/2024-05-02_3.csv uploaded to pm25_raw/2024-05-02_3.csv in dw-projec-swu-ds525 bucket
[2024-05-05T11:01:14.659+0000] {gcs.py:557} INFO - File /opt/***/dags/data/2024-05-05_15.csv uploaded to pm25_raw/2024-05-05_15.csv in dw-projec-swu-ds525 bucket
[2024-05-05T11:01:14.714+0000] {gcs.py:557} INFO - File /opt/***/dags/data/2024-05-04_8.csv uploaded to pm25_raw/2024-05-04_8.csv in dw-projec-swu-ds525 bucket
[2024-05-05T11:01:14.795+0000] {gcs.py:557} INFO - File /opt/***/dags/data/2024-05-03_4.csv uploaded to pm25_raw/2024-05-03_4.csv in dw-projec-swu-ds525 bucket
[2024-05-05T11:01:14.859+0000] {gcs.py:557} INFO - File /opt/***/dags/data/2024-05-02_22.csv uploaded to pm25_raw/2024-05-02_22.csv in dw-projec-swu-ds525 bucket
[2024-05-05T11:01:14.922+0000] {gcs.py:557} INFO - File /opt/***/dags/data/2024-05-03_5.csv uploaded to pm25_raw/2024-05-03_5.csv in dw-projec-swu-ds525 bucket
[2024-05-05T11:01:14.980+0000] {gcs.py:557} INFO - File /opt/***/dags/data/2024-05-05_0.csv uploaded to pm25_raw/2024-05-05_0.csv in dw-projec-swu-ds525 bucket
[2024-05-05T11:01:15.057+0000] {gcs.py:557} INFO - File /opt/***/dags/data/2024-05-02_9.csv uploaded to pm25_raw/2024-05-02_9.csv in dw-projec-swu-ds525 bucket
[2024-05-05T11:01:15.125+0000] {gcs.py:557} INFO - File /opt/***/dags/data/2024-05-02_23.csv uploaded to pm25_raw/2024-05-02_23.csv in dw-projec-swu-ds525 bucket
[2024-05-05T11:01:15.187+0000] {gcs.py:557} INFO - File /opt/***/dags/data/2024-05-04_20.csv uploaded to pm25_raw/2024-05-04_20.csv in dw-projec-swu-ds525 bucket
[2024-05-05T11:01:15.251+0000] {gcs.py:557} INFO - File /opt/***/dags/data/2024-05-05_11.csv uploaded to pm25_raw/2024-05-05_11.csv in dw-projec-swu-ds525 bucket
[2024-05-05T11:01:15.305+0000] {gcs.py:557} INFO - File /opt/***/dags/data/2024-05-04_0.csv uploaded to pm25_raw/2024-05-04_0.csv in dw-projec-swu-ds525 bucket
[2024-05-05T11:01:15.366+0000] {gcs.py:557} INFO - File /opt/***/dags/data/2024-05-04_14.csv uploaded to pm25_raw/2024-05-04_14.csv in dw-projec-swu-ds525 bucket
[2024-05-05T11:01:15.433+0000] {gcs.py:557} INFO - File /opt/***/dags/data/2024-05-03_6.csv uploaded to pm25_raw/2024-05-03_6.csv in dw-projec-swu-ds525 bucket
[2024-05-05T11:01:15.487+0000] {gcs.py:557} INFO - File /opt/***/dags/data/2024-05-03_20.csv uploaded to pm25_raw/2024-05-03_20.csv in dw-projec-swu-ds525 bucket
[2024-05-05T11:01:15.549+0000] {gcs.py:557} INFO - File /opt/***/dags/data/2024-05-03_12.csv uploaded to pm25_raw/2024-05-03_12.csv in dw-projec-swu-ds525 bucket
[2024-05-05T11:01:15.605+0000] {gcs.py:557} INFO - File /opt/***/dags/data/2024-05-03_16.csv uploaded to pm25_raw/2024-05-03_16.csv in dw-projec-swu-ds525 bucket
[2024-05-05T11:01:15.673+0000] {gcs.py:557} INFO - File /opt/***/dags/data/2024-05-02_14.csv uploaded to pm25_raw/2024-05-02_14.csv in dw-projec-swu-ds525 bucket
[2024-05-05T11:01:15.727+0000] {gcs.py:557} INFO - File /opt/***/dags/data/2024-05-02_12.csv uploaded to pm25_raw/2024-05-02_12.csv in dw-projec-swu-ds525 bucket
[2024-05-05T11:01:15.791+0000] {gcs.py:557} INFO - File /opt/***/dags/data/2024-05-03_17.csv uploaded to pm25_raw/2024-05-03_17.csv in dw-projec-swu-ds525 bucket
[2024-05-05T11:01:15.845+0000] {gcs.py:557} INFO - File /opt/***/dags/data/2024-05-02_16.csv uploaded to pm25_raw/2024-05-02_16.csv in dw-projec-swu-ds525 bucket
[2024-05-05T11:01:15.906+0000] {gcs.py:557} INFO - File /opt/***/dags/data/2024-05-02_6.csv uploaded to pm25_raw/2024-05-02_6.csv in dw-projec-swu-ds525 bucket
[2024-05-05T11:01:15.967+0000] {gcs.py:557} INFO - File /opt/***/dags/data/2024-05-05_16.csv uploaded to pm25_raw/2024-05-05_16.csv in dw-projec-swu-ds525 bucket
[2024-05-05T11:01:16.029+0000] {gcs.py:557} INFO - File /opt/***/dags/data/2024-05-03_11.csv uploaded to pm25_raw/2024-05-03_11.csv in dw-projec-swu-ds525 bucket
[2024-05-05T11:01:16.082+0000] {gcs.py:557} INFO - File /opt/***/dags/data/2024-05-03_7.csv uploaded to pm25_raw/2024-05-03_7.csv in dw-projec-swu-ds525 bucket
[2024-05-05T11:01:16.136+0000] {gcs.py:557} INFO - File /opt/***/dags/data/2024-05-02_8.csv uploaded to pm25_raw/2024-05-02_8.csv in dw-projec-swu-ds525 bucket
[2024-05-05T11:01:16.193+0000] {gcs.py:557} INFO - File /opt/***/dags/data/2024-05-03_2.csv uploaded to pm25_raw/2024-05-03_2.csv in dw-projec-swu-ds525 bucket
[2024-05-05T11:01:16.258+0000] {gcs.py:557} INFO - File /opt/***/dags/data/2024-05-05_6.csv uploaded to pm25_raw/2024-05-05_6.csv in dw-projec-swu-ds525 bucket
[2024-05-05T11:01:16.313+0000] {gcs.py:557} INFO - File /opt/***/dags/data/2024-05-03_9.csv uploaded to pm25_raw/2024-05-03_9.csv in dw-projec-swu-ds525 bucket
[2024-05-05T11:01:16.373+0000] {gcs.py:557} INFO - File /opt/***/dags/data/2024-05-02_5.csv uploaded to pm25_raw/2024-05-02_5.csv in dw-projec-swu-ds525 bucket
[2024-05-05T11:01:16.430+0000] {gcs.py:557} INFO - File /opt/***/dags/data/2024-05-04_3.csv uploaded to pm25_raw/2024-05-04_3.csv in dw-projec-swu-ds525 bucket
[2024-05-05T11:01:16.491+0000] {gcs.py:557} INFO - File /opt/***/dags/data/2024-05-02_4.csv uploaded to pm25_raw/2024-05-02_4.csv in dw-projec-swu-ds525 bucket
[2024-05-05T11:01:16.563+0000] {gcs.py:557} INFO - File /opt/***/dags/data/2024-05-03_18.csv uploaded to pm25_raw/2024-05-03_18.csv in dw-projec-swu-ds525 bucket
[2024-05-05T11:01:16.617+0000] {gcs.py:557} INFO - File /opt/***/dags/data/2024-05-05_14.csv uploaded to pm25_raw/2024-05-05_14.csv in dw-projec-swu-ds525 bucket
[2024-05-05T11:01:16.673+0000] {gcs.py:557} INFO - File /opt/***/dags/data/2024-05-02_11.csv uploaded to pm25_raw/2024-05-02_11.csv in dw-projec-swu-ds525 bucket
[2024-05-05T11:01:16.750+0000] {gcs.py:557} INFO - File /opt/***/dags/data/2024-05-04_16.csv uploaded to pm25_raw/2024-05-04_16.csv in dw-projec-swu-ds525 bucket
[2024-05-05T11:01:16.817+0000] {gcs.py:557} INFO - File /opt/***/dags/data/2024-05-04_4.csv uploaded to pm25_raw/2024-05-04_4.csv in dw-projec-swu-ds525 bucket
[2024-05-05T11:01:16.875+0000] {gcs.py:557} INFO - File /opt/***/dags/data/2024-05-02_1.csv uploaded to pm25_raw/2024-05-02_1.csv in dw-projec-swu-ds525 bucket
[2024-05-05T11:01:16.938+0000] {gcs.py:557} INFO - File /opt/***/dags/data/2024-05-02_0.csv uploaded to pm25_raw/2024-05-02_0.csv in dw-projec-swu-ds525 bucket
[2024-05-05T11:01:16.997+0000] {gcs.py:557} INFO - File /opt/***/dags/data/2024-05-04_7.csv uploaded to pm25_raw/2024-05-04_7.csv in dw-projec-swu-ds525 bucket
[2024-05-05T11:01:17.061+0000] {gcs.py:557} INFO - File /opt/***/dags/data/2024-05-01_23.csv uploaded to pm25_raw/2024-05-01_23.csv in dw-projec-swu-ds525 bucket
[2024-05-05T11:01:17.120+0000] {gcs.py:557} INFO - File /opt/***/dags/data/2024-05-04_1.csv uploaded to pm25_raw/2024-05-04_1.csv in dw-projec-swu-ds525 bucket
[2024-05-05T11:01:17.194+0000] {gcs.py:557} INFO - File /opt/***/dags/data/2024-05-03_0.csv uploaded to pm25_raw/2024-05-03_0.csv in dw-projec-swu-ds525 bucket
[2024-05-05T11:01:17.251+0000] {gcs.py:557} INFO - File /opt/***/dags/data/2024-05-05_9.csv uploaded to pm25_raw/2024-05-05_9.csv in dw-projec-swu-ds525 bucket
[2024-05-05T11:01:17.305+0000] {gcs.py:557} INFO - File /opt/***/dags/data/2024-05-05_7.csv uploaded to pm25_raw/2024-05-05_7.csv in dw-projec-swu-ds525 bucket
[2024-05-05T11:01:17.358+0000] {gcs.py:557} INFO - File /opt/***/dags/data/2024-05-05_8.csv uploaded to pm25_raw/2024-05-05_8.csv in dw-projec-swu-ds525 bucket
[2024-05-05T11:01:17.409+0000] {gcs.py:557} INFO - File /opt/***/dags/data/2024-05-04_12.csv uploaded to pm25_raw/2024-05-04_12.csv in dw-projec-swu-ds525 bucket
[2024-05-05T11:01:17.462+0000] {gcs.py:557} INFO - File /opt/***/dags/data/2024-05-03_3.csv uploaded to pm25_raw/2024-05-03_3.csv in dw-projec-swu-ds525 bucket
[2024-05-05T11:01:17.531+0000] {gcs.py:557} INFO - File /opt/***/dags/data/2024-05-02_20.csv uploaded to pm25_raw/2024-05-02_20.csv in dw-projec-swu-ds525 bucket
[2024-05-05T11:01:17.589+0000] {gcs.py:557} INFO - File /opt/***/dags/data/2024-05-05_3.csv uploaded to pm25_raw/2024-05-05_3.csv in dw-projec-swu-ds525 bucket
[2024-05-05T11:01:17.646+0000] {gcs.py:557} INFO - File /opt/***/dags/data/2024-05-05_2.csv uploaded to pm25_raw/2024-05-05_2.csv in dw-projec-swu-ds525 bucket
[2024-05-05T11:01:17.712+0000] {gcs.py:557} INFO - File /opt/***/dags/data/2024-05-03_8.csv uploaded to pm25_raw/2024-05-03_8.csv in dw-projec-swu-ds525 bucket
[2024-05-05T11:01:17.777+0000] {gcs.py:557} INFO - File /opt/***/dags/data/2024-05-04_13.csv uploaded to pm25_raw/2024-05-04_13.csv in dw-projec-swu-ds525 bucket
[2024-05-05T11:01:17.834+0000] {gcs.py:557} INFO - File /opt/***/dags/data/2024-05-04_11.csv uploaded to pm25_raw/2024-05-04_11.csv in dw-projec-swu-ds525 bucket
[2024-05-05T11:01:17.834+0000] {taskinstance.py:441} INFO - ::group::Post task execution logs
[2024-05-05T11:01:17.844+0000] {taskinstance.py:1205} INFO - Marking task as SUCCESS. dag_id=sample, task_id=upload_to_gcs, execution_date=20240505T100000, start_date=20240505T110111, end_date=20240505T110117
[2024-05-05T11:01:17.911+0000] {local_task_job_runner.py:240} INFO - Task exited with return code 0
[2024-05-05T11:01:18.054+0000] {taskinstance.py:3482} INFO - 0 downstream tasks scheduled from follow-on schedule check
[2024-05-05T11:01:18.061+0000] {local_task_job_runner.py:222} INFO - ::endgroup::
