[2024-05-05T07:49:53.981+0000] {local_task_job_runner.py:120} INFO - ::group::Pre task execution logs
[2024-05-05T07:49:53.993+0000] {taskinstance.py:2073} INFO - Dependencies all met for dep_context=non-requeueable deps ti=<TaskInstance: sample.upload_clean_to_gcs manual__2024-05-05T06:09:12.404579+00:00 [queued]>
[2024-05-05T07:49:54.000+0000] {taskinstance.py:2073} INFO - Dependencies all met for dep_context=requeueable deps ti=<TaskInstance: sample.upload_clean_to_gcs manual__2024-05-05T06:09:12.404579+00:00 [queued]>
[2024-05-05T07:49:54.000+0000] {taskinstance.py:2303} INFO - Starting attempt 5 of 5
[2024-05-05T07:49:54.018+0000] {taskinstance.py:2327} INFO - Executing <Task(LocalFilesystemToGCSOperator): upload_clean_to_gcs> on 2024-05-05 06:09:12.404579+00:00
[2024-05-05T07:49:54.028+0000] {standard_task_runner.py:90} INFO - Running: ['***', 'tasks', 'run', 'sample', 'upload_clean_to_gcs', 'manual__2024-05-05T06:09:12.404579+00:00', '--job-id', '117', '--raw', '--subdir', 'DAGS_FOLDER/my_dag.py', '--cfg-path', '/tmp/tmpik4_2ijc']
[2024-05-05T07:49:54.029+0000] {standard_task_runner.py:91} INFO - Job 117: Subtask upload_clean_to_gcs
[2024-05-05T07:49:54.033+0000] {logging_mixin.py:188} WARNING - /home/***/.local/lib/python3.12/site-packages/***/task/task_runner/standard_task_runner.py:61 DeprecationWarning: This process (pid=5705) is multi-threaded, use of fork() may lead to deadlocks in the child.
[2024-05-05T07:49:54.033+0000] {standard_task_runner.py:63} INFO - Started process 5707 to run task
[2024-05-05T07:49:54.089+0000] {task_command.py:426} INFO - Running <TaskInstance: sample.upload_clean_to_gcs manual__2024-05-05T06:09:12.404579+00:00 [running]> on host 5bc5768c5236
[2024-05-05T07:49:54.200+0000] {taskinstance.py:2644} INFO - Exporting env vars: AIRFLOW_CTX_DAG_OWNER='***' AIRFLOW_CTX_DAG_ID='sample' AIRFLOW_CTX_TASK_ID='upload_clean_to_gcs' AIRFLOW_CTX_EXECUTION_DATE='2024-05-05T06:09:12.404579+00:00' AIRFLOW_CTX_TRY_NUMBER='5' AIRFLOW_CTX_DAG_RUN_ID='manual__2024-05-05T06:09:12.404579+00:00'
[2024-05-05T07:49:54.202+0000] {taskinstance.py:430} INFO - ::endgroup::
[2024-05-05T07:49:54.210+0000] {connection.py:274} WARNING - Connection schemes (type: google_cloud_platform) shall not contain '_' according to RFC3986.
[2024-05-05T07:49:54.215+0000] {base.py:84} INFO - Using connection ID 'my_gcp_conn' for task execution.
[2024-05-05T07:49:54.450+0000] {gcs.py:557} INFO - File /opt/***/dags/data/cleaned/2024-05-05_1.csv uploaded to pm25_cleaned/2024-05-05_1.csv in dw-projec-swu-ds525 bucket
[2024-05-05T07:49:54.511+0000] {gcs.py:557} INFO - File /opt/***/dags/data/cleaned/2024-05-05_5.csv uploaded to pm25_cleaned/2024-05-05_5.csv in dw-projec-swu-ds525 bucket
[2024-05-05T07:49:54.574+0000] {gcs.py:557} INFO - File /opt/***/dags/data/cleaned/2024-05-04_2.csv uploaded to pm25_cleaned/2024-05-04_2.csv in dw-projec-swu-ds525 bucket
[2024-05-05T07:49:54.644+0000] {gcs.py:557} INFO - File /opt/***/dags/data/cleaned/2024-05-02_19.csv uploaded to pm25_cleaned/2024-05-02_19.csv in dw-projec-swu-ds525 bucket
[2024-05-05T07:49:54.692+0000] {gcs.py:557} INFO - File /opt/***/dags/data/cleaned/2024-05-02_21.csv uploaded to pm25_cleaned/2024-05-02_21.csv in dw-projec-swu-ds525 bucket
[2024-05-05T07:49:54.754+0000] {gcs.py:557} INFO - File /opt/***/dags/data/cleaned/2024-05-03_22.csv uploaded to pm25_cleaned/2024-05-03_22.csv in dw-projec-swu-ds525 bucket
[2024-05-05T07:49:54.808+0000] {gcs.py:557} INFO - File /opt/***/dags/data/cleaned/2024-05-03_1.csv uploaded to pm25_cleaned/2024-05-03_1.csv in dw-projec-swu-ds525 bucket
[2024-05-05T07:49:54.857+0000] {gcs.py:557} INFO - File /opt/***/dags/data/cleaned/2024-05-05_10.csv uploaded to pm25_cleaned/2024-05-05_10.csv in dw-projec-swu-ds525 bucket
[2024-05-05T07:49:54.911+0000] {gcs.py:557} INFO - File /opt/***/dags/data/cleaned/2024-05-02_18.csv uploaded to pm25_cleaned/2024-05-02_18.csv in dw-projec-swu-ds525 bucket
[2024-05-05T07:49:54.961+0000] {gcs.py:557} INFO - File /opt/***/dags/data/cleaned/2024-05-02_10.csv uploaded to pm25_cleaned/2024-05-02_10.csv in dw-projec-swu-ds525 bucket
[2024-05-05T07:49:55.000+0000] {gcs.py:557} INFO - File /opt/***/dags/data/cleaned/2024-05-04_10.csv uploaded to pm25_cleaned/2024-05-04_10.csv in dw-projec-swu-ds525 bucket
[2024-05-05T07:49:55.062+0000] {gcs.py:557} INFO - File /opt/***/dags/data/cleaned/2024-05-02_15.csv uploaded to pm25_cleaned/2024-05-02_15.csv in dw-projec-swu-ds525 bucket
[2024-05-05T07:49:55.118+0000] {gcs.py:557} INFO - File /opt/***/dags/data/cleaned/2024-05-05_13.csv uploaded to pm25_cleaned/2024-05-05_13.csv in dw-projec-swu-ds525 bucket
[2024-05-05T07:49:55.170+0000] {gcs.py:557} INFO - File /opt/***/dags/data/cleaned/2024-05-04_22.csv uploaded to pm25_cleaned/2024-05-04_22.csv in dw-projec-swu-ds525 bucket
[2024-05-05T07:49:55.226+0000] {gcs.py:557} INFO - File /opt/***/dags/data/cleaned/2024-05-04_6.csv uploaded to pm25_cleaned/2024-05-04_6.csv in dw-projec-swu-ds525 bucket
[2024-05-05T07:49:55.288+0000] {gcs.py:557} INFO - File /opt/***/dags/data/cleaned/2024-05-04_19.csv uploaded to pm25_cleaned/2024-05-04_19.csv in dw-projec-swu-ds525 bucket
[2024-05-05T07:49:55.339+0000] {gcs.py:557} INFO - File /opt/***/dags/data/cleaned/2024-05-04_9.csv uploaded to pm25_cleaned/2024-05-04_9.csv in dw-projec-swu-ds525 bucket
[2024-05-05T07:49:55.395+0000] {gcs.py:557} INFO - File /opt/***/dags/data/cleaned/2024-05-04_15.csv uploaded to pm25_cleaned/2024-05-04_15.csv in dw-projec-swu-ds525 bucket
[2024-05-05T07:49:55.451+0000] {gcs.py:557} INFO - File /opt/***/dags/data/cleaned/2024-05-02_13.csv uploaded to pm25_cleaned/2024-05-02_13.csv in dw-projec-swu-ds525 bucket
[2024-05-05T07:49:55.519+0000] {gcs.py:557} INFO - File /opt/***/dags/data/cleaned/2024-05-04_18.csv uploaded to pm25_cleaned/2024-05-04_18.csv in dw-projec-swu-ds525 bucket
[2024-05-05T07:49:55.570+0000] {gcs.py:557} INFO - File /opt/***/dags/data/cleaned/2024-05-04_21.csv uploaded to pm25_cleaned/2024-05-04_21.csv in dw-projec-swu-ds525 bucket
[2024-05-05T07:49:55.618+0000] {gcs.py:557} INFO - File /opt/***/dags/data/cleaned/2024-05-03_19.csv uploaded to pm25_cleaned/2024-05-03_19.csv in dw-projec-swu-ds525 bucket
[2024-05-05T07:49:55.676+0000] {gcs.py:557} INFO - File /opt/***/dags/data/cleaned/2024-05-03_21.csv uploaded to pm25_cleaned/2024-05-03_21.csv in dw-projec-swu-ds525 bucket
[2024-05-05T07:49:55.737+0000] {gcs.py:557} INFO - File /opt/***/dags/data/cleaned/2024-05-02_7.csv uploaded to pm25_cleaned/2024-05-02_7.csv in dw-projec-swu-ds525 bucket
[2024-05-05T07:49:55.790+0000] {gcs.py:557} INFO - File /opt/***/dags/data/cleaned/2024-05-03_23.csv uploaded to pm25_cleaned/2024-05-03_23.csv in dw-projec-swu-ds525 bucket
[2024-05-05T07:49:55.848+0000] {gcs.py:557} INFO - File /opt/***/dags/data/cleaned/2024-05-02_2.csv uploaded to pm25_cleaned/2024-05-02_2.csv in dw-projec-swu-ds525 bucket
[2024-05-05T07:49:55.896+0000] {gcs.py:557} INFO - File /opt/***/dags/data/cleaned/2024-05-05_4.csv uploaded to pm25_cleaned/2024-05-05_4.csv in dw-projec-swu-ds525 bucket
[2024-05-05T07:49:55.957+0000] {gcs.py:557} INFO - File /opt/***/dags/data/cleaned/2024-05-04_5.csv uploaded to pm25_cleaned/2024-05-04_5.csv in dw-projec-swu-ds525 bucket
[2024-05-05T07:49:56.011+0000] {gcs.py:557} INFO - File /opt/***/dags/data/cleaned/2024-05-04_23.csv uploaded to pm25_cleaned/2024-05-04_23.csv in dw-projec-swu-ds525 bucket
[2024-05-05T07:49:56.059+0000] {gcs.py:557} INFO - File /opt/***/dags/data/cleaned/2024-05-03_15.csv uploaded to pm25_cleaned/2024-05-03_15.csv in dw-projec-swu-ds525 bucket
[2024-05-05T07:49:56.115+0000] {gcs.py:557} INFO - File /opt/***/dags/data/cleaned/2024-05-03_10.csv uploaded to pm25_cleaned/2024-05-03_10.csv in dw-projec-swu-ds525 bucket
[2024-05-05T07:49:56.170+0000] {gcs.py:557} INFO - File /opt/***/dags/data/cleaned/2024-05-05_12.csv uploaded to pm25_cleaned/2024-05-05_12.csv in dw-projec-swu-ds525 bucket
[2024-05-05T07:49:56.224+0000] {gcs.py:557} INFO - File /opt/***/dags/data/cleaned/2024-05-02_17.csv uploaded to pm25_cleaned/2024-05-02_17.csv in dw-projec-swu-ds525 bucket
[2024-05-05T07:49:56.269+0000] {gcs.py:557} INFO - File /opt/***/dags/data/cleaned/2024-05-04_17.csv uploaded to pm25_cleaned/2024-05-04_17.csv in dw-projec-swu-ds525 bucket
[2024-05-05T07:49:56.320+0000] {gcs.py:557} INFO - File /opt/***/dags/data/cleaned/2024-05-02_3.csv uploaded to pm25_cleaned/2024-05-02_3.csv in dw-projec-swu-ds525 bucket
[2024-05-05T07:49:56.371+0000] {gcs.py:557} INFO - File /opt/***/dags/data/cleaned/2024-05-04_8.csv uploaded to pm25_cleaned/2024-05-04_8.csv in dw-projec-swu-ds525 bucket
[2024-05-05T07:49:56.424+0000] {gcs.py:557} INFO - File /opt/***/dags/data/cleaned/2024-05-03_4.csv uploaded to pm25_cleaned/2024-05-03_4.csv in dw-projec-swu-ds525 bucket
[2024-05-05T07:49:56.481+0000] {gcs.py:557} INFO - File /opt/***/dags/data/cleaned/2024-05-02_22.csv uploaded to pm25_cleaned/2024-05-02_22.csv in dw-projec-swu-ds525 bucket
[2024-05-05T07:49:56.533+0000] {gcs.py:557} INFO - File /opt/***/dags/data/cleaned/2024-05-03_5.csv uploaded to pm25_cleaned/2024-05-03_5.csv in dw-projec-swu-ds525 bucket
[2024-05-05T07:49:56.580+0000] {gcs.py:557} INFO - File /opt/***/dags/data/cleaned/2024-05-05_0.csv uploaded to pm25_cleaned/2024-05-05_0.csv in dw-projec-swu-ds525 bucket
[2024-05-05T07:49:56.641+0000] {gcs.py:557} INFO - File /opt/***/dags/data/cleaned/2024-05-02_9.csv uploaded to pm25_cleaned/2024-05-02_9.csv in dw-projec-swu-ds525 bucket
[2024-05-05T07:49:56.707+0000] {gcs.py:557} INFO - File /opt/***/dags/data/cleaned/2024-05-02_23.csv uploaded to pm25_cleaned/2024-05-02_23.csv in dw-projec-swu-ds525 bucket
[2024-05-05T07:49:56.766+0000] {gcs.py:557} INFO - File /opt/***/dags/data/cleaned/2024-05-04_20.csv uploaded to pm25_cleaned/2024-05-04_20.csv in dw-projec-swu-ds525 bucket
[2024-05-05T07:49:56.825+0000] {gcs.py:557} INFO - File /opt/***/dags/data/cleaned/2024-05-05_11.csv uploaded to pm25_cleaned/2024-05-05_11.csv in dw-projec-swu-ds525 bucket
[2024-05-05T07:49:56.888+0000] {gcs.py:557} INFO - File /opt/***/dags/data/cleaned/2024-05-04_0.csv uploaded to pm25_cleaned/2024-05-04_0.csv in dw-projec-swu-ds525 bucket
[2024-05-05T07:49:56.932+0000] {gcs.py:557} INFO - File /opt/***/dags/data/cleaned/2024-05-04_14.csv uploaded to pm25_cleaned/2024-05-04_14.csv in dw-projec-swu-ds525 bucket
[2024-05-05T07:49:57.002+0000] {gcs.py:557} INFO - File /opt/***/dags/data/cleaned/2024-05-03_6.csv uploaded to pm25_cleaned/2024-05-03_6.csv in dw-projec-swu-ds525 bucket
[2024-05-05T07:49:57.065+0000] {gcs.py:557} INFO - File /opt/***/dags/data/cleaned/2024-05-03_20.csv uploaded to pm25_cleaned/2024-05-03_20.csv in dw-projec-swu-ds525 bucket
[2024-05-05T07:49:57.113+0000] {gcs.py:557} INFO - File /opt/***/dags/data/cleaned/2024-05-03_12.csv uploaded to pm25_cleaned/2024-05-03_12.csv in dw-projec-swu-ds525 bucket
[2024-05-05T07:49:57.167+0000] {gcs.py:557} INFO - File /opt/***/dags/data/cleaned/2024-05-03_16.csv uploaded to pm25_cleaned/2024-05-03_16.csv in dw-projec-swu-ds525 bucket
[2024-05-05T07:49:57.207+0000] {gcs.py:557} INFO - File /opt/***/dags/data/cleaned/2024-05-02_14.csv uploaded to pm25_cleaned/2024-05-02_14.csv in dw-projec-swu-ds525 bucket
[2024-05-05T07:49:57.256+0000] {gcs.py:557} INFO - File /opt/***/dags/data/cleaned/2024-05-02_12.csv uploaded to pm25_cleaned/2024-05-02_12.csv in dw-projec-swu-ds525 bucket
[2024-05-05T07:49:57.309+0000] {gcs.py:557} INFO - File /opt/***/dags/data/cleaned/2024-05-03_17.csv uploaded to pm25_cleaned/2024-05-03_17.csv in dw-projec-swu-ds525 bucket
[2024-05-05T07:49:57.365+0000] {gcs.py:557} INFO - File /opt/***/dags/data/cleaned/2024-05-02_16.csv uploaded to pm25_cleaned/2024-05-02_16.csv in dw-projec-swu-ds525 bucket
[2024-05-05T07:49:57.409+0000] {gcs.py:557} INFO - File /opt/***/dags/data/cleaned/2024-05-02_6.csv uploaded to pm25_cleaned/2024-05-02_6.csv in dw-projec-swu-ds525 bucket
[2024-05-05T07:49:57.470+0000] {gcs.py:557} INFO - File /opt/***/dags/data/cleaned/2024-05-03_11.csv uploaded to pm25_cleaned/2024-05-03_11.csv in dw-projec-swu-ds525 bucket
[2024-05-05T07:49:57.522+0000] {gcs.py:557} INFO - File /opt/***/dags/data/cleaned/2024-05-03_7.csv uploaded to pm25_cleaned/2024-05-03_7.csv in dw-projec-swu-ds525 bucket
[2024-05-05T07:49:57.574+0000] {gcs.py:557} INFO - File /opt/***/dags/data/cleaned/2024-05-02_8.csv uploaded to pm25_cleaned/2024-05-02_8.csv in dw-projec-swu-ds525 bucket
[2024-05-05T07:49:57.623+0000] {gcs.py:557} INFO - File /opt/***/dags/data/cleaned/2024-05-03_2.csv uploaded to pm25_cleaned/2024-05-03_2.csv in dw-projec-swu-ds525 bucket
[2024-05-05T07:49:57.674+0000] {gcs.py:557} INFO - File /opt/***/dags/data/cleaned/2024-05-05_6.csv uploaded to pm25_cleaned/2024-05-05_6.csv in dw-projec-swu-ds525 bucket
[2024-05-05T07:49:57.738+0000] {gcs.py:557} INFO - File /opt/***/dags/data/cleaned/2024-05-03_9.csv uploaded to pm25_cleaned/2024-05-03_9.csv in dw-projec-swu-ds525 bucket
[2024-05-05T07:49:57.803+0000] {gcs.py:557} INFO - File /opt/***/dags/data/cleaned/2024-05-02_5.csv uploaded to pm25_cleaned/2024-05-02_5.csv in dw-projec-swu-ds525 bucket
[2024-05-05T07:49:57.853+0000] {gcs.py:557} INFO - File /opt/***/dags/data/cleaned/2024-05-04_3.csv uploaded to pm25_cleaned/2024-05-04_3.csv in dw-projec-swu-ds525 bucket
[2024-05-05T07:49:57.902+0000] {gcs.py:557} INFO - File /opt/***/dags/data/cleaned/2024-05-02_4.csv uploaded to pm25_cleaned/2024-05-02_4.csv in dw-projec-swu-ds525 bucket
[2024-05-05T07:49:57.956+0000] {gcs.py:557} INFO - File /opt/***/dags/data/cleaned/2024-05-03_18.csv uploaded to pm25_cleaned/2024-05-03_18.csv in dw-projec-swu-ds525 bucket
[2024-05-05T07:49:58.005+0000] {gcs.py:557} INFO - File /opt/***/dags/data/cleaned/2024-05-05_14.csv uploaded to pm25_cleaned/2024-05-05_14.csv in dw-projec-swu-ds525 bucket
[2024-05-05T07:49:58.057+0000] {gcs.py:557} INFO - File /opt/***/dags/data/cleaned/2024-05-02_11.csv uploaded to pm25_cleaned/2024-05-02_11.csv in dw-projec-swu-ds525 bucket
[2024-05-05T07:49:58.107+0000] {gcs.py:557} INFO - File /opt/***/dags/data/cleaned/2024-05-04_16.csv uploaded to pm25_cleaned/2024-05-04_16.csv in dw-projec-swu-ds525 bucket
[2024-05-05T07:49:58.153+0000] {gcs.py:557} INFO - File /opt/***/dags/data/cleaned/2024-05-04_4.csv uploaded to pm25_cleaned/2024-05-04_4.csv in dw-projec-swu-ds525 bucket
[2024-05-05T07:49:58.207+0000] {gcs.py:557} INFO - File /opt/***/dags/data/cleaned/2024-05-02_1.csv uploaded to pm25_cleaned/2024-05-02_1.csv in dw-projec-swu-ds525 bucket
[2024-05-05T07:49:58.271+0000] {gcs.py:557} INFO - File /opt/***/dags/data/cleaned/2024-05-02_0.csv uploaded to pm25_cleaned/2024-05-02_0.csv in dw-projec-swu-ds525 bucket
[2024-05-05T07:49:58.321+0000] {gcs.py:557} INFO - File /opt/***/dags/data/cleaned/2024-05-04_7.csv uploaded to pm25_cleaned/2024-05-04_7.csv in dw-projec-swu-ds525 bucket
[2024-05-05T07:49:58.372+0000] {gcs.py:557} INFO - File /opt/***/dags/data/cleaned/2024-05-01_23.csv uploaded to pm25_cleaned/2024-05-01_23.csv in dw-projec-swu-ds525 bucket
[2024-05-05T07:49:58.418+0000] {gcs.py:557} INFO - File /opt/***/dags/data/cleaned/2024-05-04_1.csv uploaded to pm25_cleaned/2024-05-04_1.csv in dw-projec-swu-ds525 bucket
[2024-05-05T07:49:58.473+0000] {gcs.py:557} INFO - File /opt/***/dags/data/cleaned/2024-05-03_0.csv uploaded to pm25_cleaned/2024-05-03_0.csv in dw-projec-swu-ds525 bucket
[2024-05-05T07:49:58.533+0000] {gcs.py:557} INFO - File /opt/***/dags/data/cleaned/2024-05-05_9.csv uploaded to pm25_cleaned/2024-05-05_9.csv in dw-projec-swu-ds525 bucket
[2024-05-05T07:49:58.584+0000] {gcs.py:557} INFO - File /opt/***/dags/data/cleaned/2024-05-05_7.csv uploaded to pm25_cleaned/2024-05-05_7.csv in dw-projec-swu-ds525 bucket
[2024-05-05T07:49:58.637+0000] {gcs.py:557} INFO - File /opt/***/dags/data/cleaned/2024-05-05_8.csv uploaded to pm25_cleaned/2024-05-05_8.csv in dw-projec-swu-ds525 bucket
[2024-05-05T07:49:58.697+0000] {gcs.py:557} INFO - File /opt/***/dags/data/cleaned/2024-05-04_12.csv uploaded to pm25_cleaned/2024-05-04_12.csv in dw-projec-swu-ds525 bucket
[2024-05-05T07:49:58.749+0000] {gcs.py:557} INFO - File /opt/***/dags/data/cleaned/2024-05-03_3.csv uploaded to pm25_cleaned/2024-05-03_3.csv in dw-projec-swu-ds525 bucket
[2024-05-05T07:49:58.795+0000] {gcs.py:557} INFO - File /opt/***/dags/data/cleaned/2024-05-02_20.csv uploaded to pm25_cleaned/2024-05-02_20.csv in dw-projec-swu-ds525 bucket
[2024-05-05T07:49:58.841+0000] {gcs.py:557} INFO - File /opt/***/dags/data/cleaned/2024-05-05_3.csv uploaded to pm25_cleaned/2024-05-05_3.csv in dw-projec-swu-ds525 bucket
[2024-05-05T07:49:58.892+0000] {gcs.py:557} INFO - File /opt/***/dags/data/cleaned/2024-05-05_2.csv uploaded to pm25_cleaned/2024-05-05_2.csv in dw-projec-swu-ds525 bucket
[2024-05-05T07:49:58.940+0000] {gcs.py:557} INFO - File /opt/***/dags/data/cleaned/2024-05-03_8.csv uploaded to pm25_cleaned/2024-05-03_8.csv in dw-projec-swu-ds525 bucket
[2024-05-05T07:49:58.989+0000] {gcs.py:557} INFO - File /opt/***/dags/data/cleaned/2024-05-04_13.csv uploaded to pm25_cleaned/2024-05-04_13.csv in dw-projec-swu-ds525 bucket
[2024-05-05T07:49:59.236+0000] {gcs.py:557} INFO - File /opt/***/dags/data/cleaned/all_data.csv uploaded to pm25_cleaned/all_data.csv in dw-projec-swu-ds525 bucket
[2024-05-05T07:49:59.276+0000] {gcs.py:557} INFO - File /opt/***/dags/data/cleaned/2024-05-04_11.csv uploaded to pm25_cleaned/2024-05-04_11.csv in dw-projec-swu-ds525 bucket
[2024-05-05T07:49:59.277+0000] {taskinstance.py:441} INFO - ::group::Post task execution logs
[2024-05-05T07:49:59.285+0000] {taskinstance.py:1205} INFO - Marking task as SUCCESS. dag_id=sample, task_id=upload_clean_to_gcs, execution_date=20240505T060912, start_date=20240505T074953, end_date=20240505T074959
[2024-05-05T07:49:59.311+0000] {local_task_job_runner.py:240} INFO - Task exited with return code 0
[2024-05-05T07:49:59.330+0000] {taskinstance.py:3482} INFO - 1 downstream tasks scheduled from follow-on schedule check
[2024-05-05T07:49:59.339+0000] {local_task_job_runner.py:222} INFO - ::endgroup::
