[2024-05-05T10:10:18.799+0000] {local_task_job_runner.py:120} INFO - ::group::Pre task execution logs
[2024-05-05T10:10:18.813+0000] {taskinstance.py:2073} INFO - Dependencies all met for dep_context=non-requeueable deps ti=<TaskInstance: sample.transform_to_db manual__2024-05-05T10:06:43.455582+00:00 [queued]>
[2024-05-05T10:10:18.819+0000] {taskinstance.py:2073} INFO - Dependencies all met for dep_context=requeueable deps ti=<TaskInstance: sample.transform_to_db manual__2024-05-05T10:06:43.455582+00:00 [queued]>
[2024-05-05T10:10:18.820+0000] {taskinstance.py:2303} INFO - Starting attempt 3 of 3
[2024-05-05T10:10:18.835+0000] {taskinstance.py:2327} INFO - Executing <Task(PythonOperator): transform_to_db> on 2024-05-05 10:06:43.455582+00:00
[2024-05-05T10:10:18.845+0000] {logging_mixin.py:188} WARNING - /home/***/.local/lib/python3.12/site-packages/***/task/task_runner/standard_task_runner.py:61 DeprecationWarning: This process (pid=81517) is multi-threaded, use of fork() may lead to deadlocks in the child.
[2024-05-05T10:10:18.845+0000] {standard_task_runner.py:90} INFO - Running: ['***', 'tasks', 'run', 'sample', 'transform_to_db', 'manual__2024-05-05T10:06:43.455582+00:00', '--job-id', '198', '--raw', '--subdir', 'DAGS_FOLDER/my_dag.py', '--cfg-path', '/tmp/tmp8pyo46z3']
[2024-05-05T10:10:18.846+0000] {standard_task_runner.py:63} INFO - Started process 81524 to run task
[2024-05-05T10:10:18.847+0000] {standard_task_runner.py:91} INFO - Job 198: Subtask transform_to_db
[2024-05-05T10:10:18.888+0000] {task_command.py:426} INFO - Running <TaskInstance: sample.transform_to_db manual__2024-05-05T10:06:43.455582+00:00 [running]> on host 5bc5768c5236
[2024-05-05T10:10:18.976+0000] {taskinstance.py:2644} INFO - Exporting env vars: AIRFLOW_CTX_DAG_OWNER='***' AIRFLOW_CTX_DAG_ID='sample' AIRFLOW_CTX_TASK_ID='transform_to_db' AIRFLOW_CTX_EXECUTION_DATE='2024-05-05T10:06:43.455582+00:00' AIRFLOW_CTX_TRY_NUMBER='3' AIRFLOW_CTX_DAG_RUN_ID='manual__2024-05-05T10:06:43.455582+00:00'
[2024-05-05T10:10:18.977+0000] {taskinstance.py:430} INFO - ::endgroup::
[2024-05-05T10:10:19.378+0000] {logging_mixin.py:188} WARNING - /opt/***/dags/my_dag.py:128 SettingWithCopyWarning: 
A value is trying to be set on a copy of a slice from a DataFrame

See the caveats in the documentation: https://pandas.pydata.org/pandas-docs/stable/user_guide/indexing.html#returning-a-view-versus-a-copy
[2024-05-05T10:10:24.592+0000] {taskinstance.py:441} INFO - ::group::Post task execution logs
[2024-05-05T10:10:24.592+0000] {taskinstance.py:2890} ERROR - Task failed with exception
Traceback (most recent call last):
  File "/home/airflow/.local/lib/python3.12/site-packages/airflow/models/taskinstance.py", line 465, in _execute_task
    result = _execute_callable(context=context, **execute_callable_kwargs)
             ^^^^^^^^^^^^^^^^^^^^^^^^^^^^^^^^^^^^^^^^^^^^^^^^^^^^^^^^^^^^^
  File "/home/airflow/.local/lib/python3.12/site-packages/airflow/models/taskinstance.py", line 432, in _execute_callable
    return execute_callable(context=context, **execute_callable_kwargs)
           ^^^^^^^^^^^^^^^^^^^^^^^^^^^^^^^^^^^^^^^^^^^^^^^^^^^^^^^^^^^^
  File "/home/airflow/.local/lib/python3.12/site-packages/airflow/models/baseoperator.py", line 400, in wrapper
    return func(self, *args, **kwargs)
           ^^^^^^^^^^^^^^^^^^^^^^^^^^^
  File "/home/airflow/.local/lib/python3.12/site-packages/airflow/operators/python.py", line 235, in execute
    return_value = self.execute_callable()
                   ^^^^^^^^^^^^^^^^^^^^^^^
  File "/home/airflow/.local/lib/python3.12/site-packages/airflow/operators/python.py", line 252, in execute_callable
    return self.python_callable(*self.op_args, **self.op_kwargs)
           ^^^^^^^^^^^^^^^^^^^^^^^^^^^^^^^^^^^^^^^^^^^^^^^^^^^^^
  File "/opt/airflow/dags/my_dag.py", line 138, in _transform_to_db
    client.load_table_from_dataframe(df_need, table_).result()
                                              ^^^^^^
NameError: name 'table_' is not defined
[2024-05-05T10:10:24.601+0000] {taskinstance.py:1205} INFO - Marking task as FAILED. dag_id=sample, task_id=transform_to_db, execution_date=20240505T100643, start_date=20240505T101018, end_date=20240505T101024
[2024-05-05T10:10:24.615+0000] {standard_task_runner.py:110} ERROR - Failed to execute job 198 for task transform_to_db (name 'table_' is not defined; 81524)
[2024-05-05T10:10:24.633+0000] {local_task_job_runner.py:240} INFO - Task exited with return code 1
[2024-05-05T10:10:24.651+0000] {taskinstance.py:3482} INFO - 0 downstream tasks scheduled from follow-on schedule check
[2024-05-05T10:10:24.660+0000] {local_task_job_runner.py:222} INFO - ::endgroup::
