[2024-05-03T05:39:44.693+0000] {local_task_job_runner.py:120} INFO - ::group::Pre task execution logs
[2024-05-03T05:39:44.758+0000] {taskinstance.py:2073} INFO - Dependencies all met for dep_context=non-requeueable deps ti=<TaskInstance: sample.get_files scheduled__2024-05-02T00:00:00+00:00 [queued]>
[2024-05-03T05:39:44.789+0000] {taskinstance.py:2073} INFO - Dependencies all met for dep_context=requeueable deps ti=<TaskInstance: sample.get_files scheduled__2024-05-02T00:00:00+00:00 [queued]>
[2024-05-03T05:39:44.789+0000] {taskinstance.py:2303} INFO - Starting attempt 1 of 1
[2024-05-03T05:39:44.835+0000] {taskinstance.py:2327} INFO - Executing <Task(PythonOperator): get_files> on 2024-05-02 00:00:00+00:00
[2024-05-03T05:39:44.855+0000] {logging_mixin.py:188} WARNING - /home/***/.local/lib/python3.12/site-packages/***/task/task_runner/standard_task_runner.py:61 DeprecationWarning: This process (pid=8836) is multi-threaded, use of fork() may lead to deadlocks in the child.
[2024-05-03T05:39:44.856+0000] {standard_task_runner.py:63} INFO - Started process 8854 to run task
[2024-05-03T05:39:44.859+0000] {standard_task_runner.py:90} INFO - Running: ['***', 'tasks', 'run', 'sample', 'get_files', 'scheduled__2024-05-02T00:00:00+00:00', '--job-id', '2', '--raw', '--subdir', 'DAGS_FOLDER/my_dag.py', '--cfg-path', '/tmp/tmpu67_adgr']
[2024-05-03T05:39:44.861+0000] {standard_task_runner.py:91} INFO - Job 2: Subtask get_files
[2024-05-03T05:39:44.968+0000] {task_command.py:426} INFO - Running <TaskInstance: sample.get_files scheduled__2024-05-02T00:00:00+00:00 [running]> on host 5bc5768c5236
[2024-05-03T05:39:45.215+0000] {taskinstance.py:2644} INFO - Exporting env vars: AIRFLOW_CTX_DAG_OWNER='***' AIRFLOW_CTX_DAG_ID='sample' AIRFLOW_CTX_TASK_ID='get_files' AIRFLOW_CTX_EXECUTION_DATE='2024-05-02T00:00:00+00:00' AIRFLOW_CTX_TRY_NUMBER='1' AIRFLOW_CTX_DAG_RUN_ID='scheduled__2024-05-02T00:00:00+00:00'
[2024-05-03T05:39:45.226+0000] {taskinstance.py:430} INFO - ::endgroup::
[2024-05-03T05:39:45.708+0000] {logging_mixin.py:188} WARNING - /home/***/.local/lib/python3.12/site-packages/urllib3/connectionpool.py:1061 InsecureRequestWarning: Unverified HTTPS request is being made to host 'opendata.onde.go.th'. Adding certificate verification is strongly advised. See: https://urllib3.readthedocs.io/en/1.26.x/advanced-usage.html#ssl-warnings
[2024-05-03T05:39:49.382+0000] {logging_mixin.py:188} WARNING - /home/***/.local/lib/python3.12/site-packages/urllib3/connectionpool.py:1061 InsecureRequestWarning: Unverified HTTPS request is being made to host 'opendata.onde.go.th'. Adding certificate verification is strongly advised. See: https://urllib3.readthedocs.io/en/1.26.x/advanced-usage.html#ssl-warnings
[2024-05-03T05:39:49.714+0000] {logging_mixin.py:188} WARNING - /home/***/.local/lib/python3.12/site-packages/urllib3/connectionpool.py:1061 InsecureRequestWarning: Unverified HTTPS request is being made to host 'opendata.onde.go.th'. Adding certificate verification is strongly advised. See: https://urllib3.readthedocs.io/en/1.26.x/advanced-usage.html#ssl-warnings
[2024-05-03T05:39:50.070+0000] {logging_mixin.py:188} WARNING - /home/***/.local/lib/python3.12/site-packages/urllib3/connectionpool.py:1061 InsecureRequestWarning: Unverified HTTPS request is being made to host 'opendata.onde.go.th'. Adding certificate verification is strongly advised. See: https://urllib3.readthedocs.io/en/1.26.x/advanced-usage.html#ssl-warnings
[2024-05-03T05:39:50.297+0000] {logging_mixin.py:188} WARNING - /home/***/.local/lib/python3.12/site-packages/urllib3/connectionpool.py:1061 InsecureRequestWarning: Unverified HTTPS request is being made to host 'opendata.onde.go.th'. Adding certificate verification is strongly advised. See: https://urllib3.readthedocs.io/en/1.26.x/advanced-usage.html#ssl-warnings
[2024-05-03T05:39:50.523+0000] {logging_mixin.py:188} WARNING - /home/***/.local/lib/python3.12/site-packages/urllib3/connectionpool.py:1061 InsecureRequestWarning: Unverified HTTPS request is being made to host 'opendata.onde.go.th'. Adding certificate verification is strongly advised. See: https://urllib3.readthedocs.io/en/1.26.x/advanced-usage.html#ssl-warnings
[2024-05-03T05:39:50.916+0000] {logging_mixin.py:188} WARNING - /home/***/.local/lib/python3.12/site-packages/urllib3/connectionpool.py:1061 InsecureRequestWarning: Unverified HTTPS request is being made to host 'opendata.onde.go.th'. Adding certificate verification is strongly advised. See: https://urllib3.readthedocs.io/en/1.26.x/advanced-usage.html#ssl-warnings
[2024-05-03T05:39:51.219+0000] {logging_mixin.py:188} WARNING - /home/***/.local/lib/python3.12/site-packages/urllib3/connectionpool.py:1061 InsecureRequestWarning: Unverified HTTPS request is being made to host 'opendata.onde.go.th'. Adding certificate verification is strongly advised. See: https://urllib3.readthedocs.io/en/1.26.x/advanced-usage.html#ssl-warnings
[2024-05-03T05:39:51.606+0000] {logging_mixin.py:188} WARNING - /home/***/.local/lib/python3.12/site-packages/urllib3/connectionpool.py:1061 InsecureRequestWarning: Unverified HTTPS request is being made to host 'opendata.onde.go.th'. Adding certificate verification is strongly advised. See: https://urllib3.readthedocs.io/en/1.26.x/advanced-usage.html#ssl-warnings
[2024-05-03T05:39:51.831+0000] {logging_mixin.py:188} WARNING - /home/***/.local/lib/python3.12/site-packages/urllib3/connectionpool.py:1061 InsecureRequestWarning: Unverified HTTPS request is being made to host 'opendata.onde.go.th'. Adding certificate verification is strongly advised. See: https://urllib3.readthedocs.io/en/1.26.x/advanced-usage.html#ssl-warnings
[2024-05-03T05:39:52.206+0000] {logging_mixin.py:188} WARNING - /home/***/.local/lib/python3.12/site-packages/urllib3/connectionpool.py:1061 InsecureRequestWarning: Unverified HTTPS request is being made to host 'opendata.onde.go.th'. Adding certificate verification is strongly advised. See: https://urllib3.readthedocs.io/en/1.26.x/advanced-usage.html#ssl-warnings
[2024-05-03T05:39:52.508+0000] {logging_mixin.py:188} WARNING - /home/***/.local/lib/python3.12/site-packages/urllib3/connectionpool.py:1061 InsecureRequestWarning: Unverified HTTPS request is being made to host 'opendata.onde.go.th'. Adding certificate verification is strongly advised. See: https://urllib3.readthedocs.io/en/1.26.x/advanced-usage.html#ssl-warnings
[2024-05-03T05:39:52.737+0000] {logging_mixin.py:188} WARNING - /home/***/.local/lib/python3.12/site-packages/urllib3/connectionpool.py:1061 InsecureRequestWarning: Unverified HTTPS request is being made to host 'opendata.onde.go.th'. Adding certificate verification is strongly advised. See: https://urllib3.readthedocs.io/en/1.26.x/advanced-usage.html#ssl-warnings
[2024-05-03T05:39:53.046+0000] {logging_mixin.py:188} WARNING - /home/***/.local/lib/python3.12/site-packages/urllib3/connectionpool.py:1061 InsecureRequestWarning: Unverified HTTPS request is being made to host 'opendata.onde.go.th'. Adding certificate verification is strongly advised. See: https://urllib3.readthedocs.io/en/1.26.x/advanced-usage.html#ssl-warnings
[2024-05-03T05:39:53.280+0000] {logging_mixin.py:188} WARNING - /home/***/.local/lib/python3.12/site-packages/urllib3/connectionpool.py:1061 InsecureRequestWarning: Unverified HTTPS request is being made to host 'opendata.onde.go.th'. Adding certificate verification is strongly advised. See: https://urllib3.readthedocs.io/en/1.26.x/advanced-usage.html#ssl-warnings
[2024-05-03T05:39:53.584+0000] {logging_mixin.py:188} WARNING - /home/***/.local/lib/python3.12/site-packages/urllib3/connectionpool.py:1061 InsecureRequestWarning: Unverified HTTPS request is being made to host 'opendata.onde.go.th'. Adding certificate verification is strongly advised. See: https://urllib3.readthedocs.io/en/1.26.x/advanced-usage.html#ssl-warnings
[2024-05-03T05:39:53.820+0000] {logging_mixin.py:188} WARNING - /home/***/.local/lib/python3.12/site-packages/urllib3/connectionpool.py:1061 InsecureRequestWarning: Unverified HTTPS request is being made to host 'opendata.onde.go.th'. Adding certificate verification is strongly advised. See: https://urllib3.readthedocs.io/en/1.26.x/advanced-usage.html#ssl-warnings
[2024-05-03T05:39:54.049+0000] {logging_mixin.py:188} WARNING - /home/***/.local/lib/python3.12/site-packages/urllib3/connectionpool.py:1061 InsecureRequestWarning: Unverified HTTPS request is being made to host 'opendata.onde.go.th'. Adding certificate verification is strongly advised. See: https://urllib3.readthedocs.io/en/1.26.x/advanced-usage.html#ssl-warnings
[2024-05-03T05:39:54.284+0000] {logging_mixin.py:188} WARNING - /home/***/.local/lib/python3.12/site-packages/urllib3/connectionpool.py:1061 InsecureRequestWarning: Unverified HTTPS request is being made to host 'opendata.onde.go.th'. Adding certificate verification is strongly advised. See: https://urllib3.readthedocs.io/en/1.26.x/advanced-usage.html#ssl-warnings
[2024-05-03T05:39:54.533+0000] {logging_mixin.py:188} WARNING - /home/***/.local/lib/python3.12/site-packages/urllib3/connectionpool.py:1061 InsecureRequestWarning: Unverified HTTPS request is being made to host 'opendata.onde.go.th'. Adding certificate verification is strongly advised. See: https://urllib3.readthedocs.io/en/1.26.x/advanced-usage.html#ssl-warnings
[2024-05-03T05:39:54.789+0000] {logging_mixin.py:188} WARNING - /home/***/.local/lib/python3.12/site-packages/urllib3/connectionpool.py:1061 InsecureRequestWarning: Unverified HTTPS request is being made to host 'opendata.onde.go.th'. Adding certificate verification is strongly advised. See: https://urllib3.readthedocs.io/en/1.26.x/advanced-usage.html#ssl-warnings
[2024-05-03T05:39:55.028+0000] {logging_mixin.py:188} WARNING - /home/***/.local/lib/python3.12/site-packages/urllib3/connectionpool.py:1061 InsecureRequestWarning: Unverified HTTPS request is being made to host 'opendata.onde.go.th'. Adding certificate verification is strongly advised. See: https://urllib3.readthedocs.io/en/1.26.x/advanced-usage.html#ssl-warnings
[2024-05-03T05:39:55.261+0000] {logging_mixin.py:188} WARNING - /home/***/.local/lib/python3.12/site-packages/urllib3/connectionpool.py:1061 InsecureRequestWarning: Unverified HTTPS request is being made to host 'opendata.onde.go.th'. Adding certificate verification is strongly advised. See: https://urllib3.readthedocs.io/en/1.26.x/advanced-usage.html#ssl-warnings
[2024-05-03T05:39:55.550+0000] {logging_mixin.py:188} WARNING - /home/***/.local/lib/python3.12/site-packages/urllib3/connectionpool.py:1061 InsecureRequestWarning: Unverified HTTPS request is being made to host 'opendata.onde.go.th'. Adding certificate verification is strongly advised. See: https://urllib3.readthedocs.io/en/1.26.x/advanced-usage.html#ssl-warnings
[2024-05-03T05:39:55.829+0000] {logging_mixin.py:188} WARNING - /home/***/.local/lib/python3.12/site-packages/urllib3/connectionpool.py:1061 InsecureRequestWarning: Unverified HTTPS request is being made to host 'opendata.onde.go.th'. Adding certificate verification is strongly advised. See: https://urllib3.readthedocs.io/en/1.26.x/advanced-usage.html#ssl-warnings
[2024-05-03T05:39:55.940+0000] {python.py:237} INFO - Done. Returned value was: None
[2024-05-03T05:39:55.940+0000] {taskinstance.py:441} INFO - ::group::Post task execution logs
[2024-05-03T05:39:55.947+0000] {taskinstance.py:1205} INFO - Marking task as SUCCESS. dag_id=sample, task_id=get_files, execution_date=20240502T000000, start_date=20240503T053944, end_date=20240503T053955
[2024-05-03T05:39:56.004+0000] {local_task_job_runner.py:240} INFO - Task exited with return code 0
[2024-05-03T05:39:56.022+0000] {taskinstance.py:3482} INFO - 1 downstream tasks scheduled from follow-on schedule check
[2024-05-03T05:39:56.033+0000] {local_task_job_runner.py:222} INFO - ::endgroup::
