[2024-05-04T11:15:33.431+0000] {local_task_job_runner.py:120} INFO - ::group::Pre task execution logs
[2024-05-04T11:15:33.442+0000] {taskinstance.py:2073} INFO - Dependencies all met for dep_context=non-requeueable deps ti=<TaskInstance: sample.upload_to_gcs manual__2024-05-04T10:17:51.645316+00:00 [queued]>
[2024-05-04T11:15:33.448+0000] {taskinstance.py:2073} INFO - Dependencies all met for dep_context=requeueable deps ti=<TaskInstance: sample.upload_to_gcs manual__2024-05-04T10:17:51.645316+00:00 [queued]>
[2024-05-04T11:15:33.448+0000] {taskinstance.py:2303} INFO - Starting attempt 4 of 4
[2024-05-04T11:15:33.463+0000] {taskinstance.py:2327} INFO - Executing <Task(LocalFilesystemToGCSOperator): upload_to_gcs> on 2024-05-04 10:17:51.645316+00:00
[2024-05-04T11:15:33.473+0000] {standard_task_runner.py:90} INFO - Running: ['***', 'tasks', 'run', 'sample', 'upload_to_gcs', 'manual__2024-05-04T10:17:51.645316+00:00', '--job-id', '20', '--raw', '--subdir', 'DAGS_FOLDER/my_dag.py', '--cfg-path', '/tmp/tmpd_xbgw8l']
[2024-05-04T11:15:33.475+0000] {standard_task_runner.py:91} INFO - Job 20: Subtask upload_to_gcs
[2024-05-04T11:15:33.477+0000] {logging_mixin.py:188} WARNING - /home/***/.local/lib/python3.12/site-packages/***/task/task_runner/standard_task_runner.py:61 DeprecationWarning: This process (pid=45493) is multi-threaded, use of fork() may lead to deadlocks in the child.
[2024-05-04T11:15:33.477+0000] {standard_task_runner.py:63} INFO - Started process 45495 to run task
[2024-05-04T11:15:33.515+0000] {task_command.py:426} INFO - Running <TaskInstance: sample.upload_to_gcs manual__2024-05-04T10:17:51.645316+00:00 [running]> on host 5bc5768c5236
[2024-05-04T11:15:33.746+0000] {taskinstance.py:2644} INFO - Exporting env vars: AIRFLOW_CTX_DAG_OWNER='***' AIRFLOW_CTX_DAG_ID='sample' AIRFLOW_CTX_TASK_ID='upload_to_gcs' AIRFLOW_CTX_EXECUTION_DATE='2024-05-04T10:17:51.645316+00:00' AIRFLOW_CTX_TRY_NUMBER='4' AIRFLOW_CTX_DAG_RUN_ID='manual__2024-05-04T10:17:51.645316+00:00'
[2024-05-04T11:15:33.747+0000] {taskinstance.py:430} INFO - ::endgroup::
[2024-05-04T11:15:33.753+0000] {connection.py:274} WARNING - Connection schemes (type: google_cloud_platform) shall not contain '_' according to RFC3986.
[2024-05-04T11:15:33.758+0000] {base.py:84} INFO - Using connection ID 'my_gcp_conn' for task execution.
[2024-05-04T11:15:33.759+0000] {taskinstance.py:441} INFO - ::group::Post task execution logs
[2024-05-04T11:15:33.759+0000] {taskinstance.py:2890} ERROR - Task failed with exception
Traceback (most recent call last):
  File "/home/airflow/.local/lib/python3.12/site-packages/airflow/models/taskinstance.py", line 465, in _execute_task
    result = _execute_callable(context=context, **execute_callable_kwargs)
             ^^^^^^^^^^^^^^^^^^^^^^^^^^^^^^^^^^^^^^^^^^^^^^^^^^^^^^^^^^^^^
  File "/home/airflow/.local/lib/python3.12/site-packages/airflow/models/taskinstance.py", line 432, in _execute_callable
    return execute_callable(context=context, **execute_callable_kwargs)
           ^^^^^^^^^^^^^^^^^^^^^^^^^^^^^^^^^^^^^^^^^^^^^^^^^^^^^^^^^^^^
  File "/home/airflow/.local/lib/python3.12/site-packages/airflow/models/baseoperator.py", line 400, in wrapper
    return func(self, *args, **kwargs)
           ^^^^^^^^^^^^^^^^^^^^^^^^^^^
  File "/home/airflow/.local/lib/python3.12/site-packages/airflow/providers/google/cloud/transfers/local_to_gcs.py", line 97, in execute
    raise FileNotFoundError(self.src)
FileNotFoundError: []
[2024-05-04T11:15:33.765+0000] {taskinstance.py:1205} INFO - Marking task as FAILED. dag_id=sample, task_id=upload_to_gcs, execution_date=20240504T101751, start_date=20240504T111533, end_date=20240504T111533
[2024-05-04T11:15:33.780+0000] {standard_task_runner.py:110} ERROR - Failed to execute job 20 for task upload_to_gcs ([]; 45495)
[2024-05-04T11:15:33.812+0000] {local_task_job_runner.py:240} INFO - Task exited with return code 1
[2024-05-04T11:15:33.831+0000] {taskinstance.py:3482} INFO - 0 downstream tasks scheduled from follow-on schedule check
[2024-05-04T11:15:33.843+0000] {local_task_job_runner.py:222} INFO - ::endgroup::
