[2024-05-03T05:39:59.785+0000] {local_task_job_runner.py:120} INFO - ::group::Pre task execution logs
[2024-05-03T05:39:59.807+0000] {taskinstance.py:2073} INFO - Dependencies all met for dep_context=non-requeueable deps ti=<TaskInstance: sample.upload_to_gcs manual__2024-05-03T05:39:44.539788+00:00 [queued]>
[2024-05-03T05:39:59.815+0000] {taskinstance.py:2073} INFO - Dependencies all met for dep_context=requeueable deps ti=<TaskInstance: sample.upload_to_gcs manual__2024-05-03T05:39:44.539788+00:00 [queued]>
[2024-05-03T05:39:59.815+0000] {taskinstance.py:2303} INFO - Starting attempt 1 of 1
[2024-05-03T05:39:59.834+0000] {taskinstance.py:2327} INFO - Executing <Task(LocalFilesystemToGCSOperator): upload_to_gcs> on 2024-05-03 05:39:44.539788+00:00
[2024-05-03T05:39:59.846+0000] {standard_task_runner.py:90} INFO - Running: ['***', 'tasks', 'run', 'sample', 'upload_to_gcs', 'manual__2024-05-03T05:39:44.539788+00:00', '--job-id', '5', '--raw', '--subdir', 'DAGS_FOLDER/my_dag.py', '--cfg-path', '/tmp/tmpo0cj1mtv']
[2024-05-03T05:39:59.849+0000] {standard_task_runner.py:91} INFO - Job 5: Subtask upload_to_gcs
[2024-05-03T05:39:59.851+0000] {logging_mixin.py:188} WARNING - /home/***/.local/lib/python3.12/site-packages/***/task/task_runner/standard_task_runner.py:61 DeprecationWarning: This process (pid=9016) is multi-threaded, use of fork() may lead to deadlocks in the child.
[2024-05-03T05:39:59.852+0000] {standard_task_runner.py:63} INFO - Started process 9018 to run task
[2024-05-03T05:39:59.888+0000] {task_command.py:426} INFO - Running <TaskInstance: sample.upload_to_gcs manual__2024-05-03T05:39:44.539788+00:00 [running]> on host 5bc5768c5236
[2024-05-03T05:39:59.999+0000] {taskinstance.py:2644} INFO - Exporting env vars: AIRFLOW_CTX_DAG_OWNER='***' AIRFLOW_CTX_DAG_ID='sample' AIRFLOW_CTX_TASK_ID='upload_to_gcs' AIRFLOW_CTX_EXECUTION_DATE='2024-05-03T05:39:44.539788+00:00' AIRFLOW_CTX_TRY_NUMBER='1' AIRFLOW_CTX_DAG_RUN_ID='manual__2024-05-03T05:39:44.539788+00:00'
[2024-05-03T05:40:00.001+0000] {taskinstance.py:430} INFO - ::endgroup::
[2024-05-03T05:40:00.009+0000] {connection.py:274} WARNING - Connection schemes (type: google_cloud_platform) shall not contain '_' according to RFC3986.
[2024-05-03T05:40:00.015+0000] {base.py:84} INFO - Using connection ID 'my_scp_conn' for task execution.
[2024-05-03T05:40:00.241+0000] {gcs.py:557} INFO - File /opt/***/dags/data/2024-05-02_19.csv uploaded to gs://swu-ds-525-525/pm25/2024-05-02_19.csv in swu-ds-525-525 bucket
[2024-05-03T05:40:00.310+0000] {gcs.py:557} INFO - File /opt/***/dags/data/2024-05-02_21.csv uploaded to gs://swu-ds-525-525/pm25/2024-05-02_21.csv in swu-ds-525-525 bucket
[2024-05-03T05:40:00.384+0000] {gcs.py:557} INFO - File /opt/***/dags/data/2024-05-03_1.csv uploaded to gs://swu-ds-525-525/pm25/2024-05-03_1.csv in swu-ds-525-525 bucket
[2024-05-03T05:40:00.453+0000] {gcs.py:557} INFO - File /opt/***/dags/data/2024-05-02_18.csv uploaded to gs://swu-ds-525-525/pm25/2024-05-02_18.csv in swu-ds-525-525 bucket
[2024-05-03T05:40:00.532+0000] {gcs.py:557} INFO - File /opt/***/dags/data/2024-05-02_10.csv uploaded to gs://swu-ds-525-525/pm25/2024-05-02_10.csv in swu-ds-525-525 bucket
[2024-05-03T05:40:00.619+0000] {gcs.py:557} INFO - File /opt/***/dags/data/2024-05-02_15.csv uploaded to gs://swu-ds-525-525/pm25/2024-05-02_15.csv in swu-ds-525-525 bucket
[2024-05-03T05:40:00.689+0000] {gcs.py:557} INFO - File /opt/***/dags/data/2024-05-02_13.csv uploaded to gs://swu-ds-525-525/pm25/2024-05-02_13.csv in swu-ds-525-525 bucket
[2024-05-03T05:40:00.769+0000] {gcs.py:557} INFO - File /opt/***/dags/data/2024-05-02_7.csv uploaded to gs://swu-ds-525-525/pm25/2024-05-02_7.csv in swu-ds-525-525 bucket
[2024-05-03T05:40:00.830+0000] {gcs.py:557} INFO - File /opt/***/dags/data/2024-05-02_2.csv uploaded to gs://swu-ds-525-525/pm25/2024-05-02_2.csv in swu-ds-525-525 bucket
[2024-05-03T05:40:00.911+0000] {gcs.py:557} INFO - File /opt/***/dags/data/2024-05-03_10.csv uploaded to gs://swu-ds-525-525/pm25/2024-05-03_10.csv in swu-ds-525-525 bucket
[2024-05-03T05:40:00.979+0000] {gcs.py:557} INFO - File /opt/***/dags/data/2024-05-02_17.csv uploaded to gs://swu-ds-525-525/pm25/2024-05-02_17.csv in swu-ds-525-525 bucket
[2024-05-03T05:40:01.037+0000] {gcs.py:557} INFO - File /opt/***/dags/data/2024-05-02_3.csv uploaded to gs://swu-ds-525-525/pm25/2024-05-02_3.csv in swu-ds-525-525 bucket
[2024-05-03T05:40:01.096+0000] {gcs.py:557} INFO - File /opt/***/dags/data/2024-05-03_4.csv uploaded to gs://swu-ds-525-525/pm25/2024-05-03_4.csv in swu-ds-525-525 bucket
[2024-05-03T05:40:01.153+0000] {gcs.py:557} INFO - File /opt/***/dags/data/2024-05-02_22.csv uploaded to gs://swu-ds-525-525/pm25/2024-05-02_22.csv in swu-ds-525-525 bucket
[2024-05-03T05:40:01.213+0000] {gcs.py:557} INFO - File /opt/***/dags/data/2024-05-03_5.csv uploaded to gs://swu-ds-525-525/pm25/2024-05-03_5.csv in swu-ds-525-525 bucket
[2024-05-03T05:40:01.274+0000] {gcs.py:557} INFO - File /opt/***/dags/data/2024-05-02_9.csv uploaded to gs://swu-ds-525-525/pm25/2024-05-02_9.csv in swu-ds-525-525 bucket
[2024-05-03T05:40:01.352+0000] {gcs.py:557} INFO - File /opt/***/dags/data/2024-05-02_23.csv uploaded to gs://swu-ds-525-525/pm25/2024-05-02_23.csv in swu-ds-525-525 bucket
[2024-05-03T05:40:01.421+0000] {gcs.py:557} INFO - File /opt/***/dags/data/2024-05-03_6.csv uploaded to gs://swu-ds-525-525/pm25/2024-05-03_6.csv in swu-ds-525-525 bucket
[2024-05-03T05:40:01.484+0000] {gcs.py:557} INFO - File /opt/***/dags/data/2024-05-03_12.csv uploaded to gs://swu-ds-525-525/pm25/2024-05-03_12.csv in swu-ds-525-525 bucket
[2024-05-03T05:40:01.556+0000] {gcs.py:557} INFO - File /opt/***/dags/data/2024-05-02_14.csv uploaded to gs://swu-ds-525-525/pm25/2024-05-02_14.csv in swu-ds-525-525 bucket
[2024-05-03T05:40:01.627+0000] {gcs.py:557} INFO - File /opt/***/dags/data/2024-05-02_12.csv uploaded to gs://swu-ds-525-525/pm25/2024-05-02_12.csv in swu-ds-525-525 bucket
[2024-05-03T05:40:01.690+0000] {gcs.py:557} INFO - File /opt/***/dags/data/2024-05-02_16.csv uploaded to gs://swu-ds-525-525/pm25/2024-05-02_16.csv in swu-ds-525-525 bucket
[2024-05-03T05:40:01.755+0000] {gcs.py:557} INFO - File /opt/***/dags/data/2024-05-02_6.csv uploaded to gs://swu-ds-525-525/pm25/2024-05-02_6.csv in swu-ds-525-525 bucket
[2024-05-03T05:40:01.815+0000] {gcs.py:557} INFO - File /opt/***/dags/data/2024-05-03_11.csv uploaded to gs://swu-ds-525-525/pm25/2024-05-03_11.csv in swu-ds-525-525 bucket
[2024-05-03T05:40:01.886+0000] {gcs.py:557} INFO - File /opt/***/dags/data/2024-05-03_7.csv uploaded to gs://swu-ds-525-525/pm25/2024-05-03_7.csv in swu-ds-525-525 bucket
[2024-05-03T05:40:01.950+0000] {gcs.py:557} INFO - File /opt/***/dags/data/2024-05-02_8.csv uploaded to gs://swu-ds-525-525/pm25/2024-05-02_8.csv in swu-ds-525-525 bucket
[2024-05-03T05:40:02.017+0000] {gcs.py:557} INFO - File /opt/***/dags/data/2024-05-03_2.csv uploaded to gs://swu-ds-525-525/pm25/2024-05-03_2.csv in swu-ds-525-525 bucket
[2024-05-03T05:40:02.078+0000] {gcs.py:557} INFO - File /opt/***/dags/data/2024-05-03_9.csv uploaded to gs://swu-ds-525-525/pm25/2024-05-03_9.csv in swu-ds-525-525 bucket
[2024-05-03T05:40:02.144+0000] {gcs.py:557} INFO - File /opt/***/dags/data/2024-05-02_5.csv uploaded to gs://swu-ds-525-525/pm25/2024-05-02_5.csv in swu-ds-525-525 bucket
[2024-05-03T05:40:02.207+0000] {gcs.py:557} INFO - File /opt/***/dags/data/2024-05-02_4.csv uploaded to gs://swu-ds-525-525/pm25/2024-05-02_4.csv in swu-ds-525-525 bucket
[2024-05-03T05:40:02.268+0000] {gcs.py:557} INFO - File /opt/***/dags/data/2024-05-02_11.csv uploaded to gs://swu-ds-525-525/pm25/2024-05-02_11.csv in swu-ds-525-525 bucket
[2024-05-03T05:40:02.350+0000] {gcs.py:557} INFO - File /opt/***/dags/data/2024-05-02_1.csv uploaded to gs://swu-ds-525-525/pm25/2024-05-02_1.csv in swu-ds-525-525 bucket
[2024-05-03T05:40:02.409+0000] {gcs.py:557} INFO - File /opt/***/dags/data/2024-05-02_0.csv uploaded to gs://swu-ds-525-525/pm25/2024-05-02_0.csv in swu-ds-525-525 bucket
[2024-05-03T05:40:02.467+0000] {gcs.py:557} INFO - File /opt/***/dags/data/2024-05-01_23.csv uploaded to gs://swu-ds-525-525/pm25/2024-05-01_23.csv in swu-ds-525-525 bucket
[2024-05-03T05:40:02.524+0000] {gcs.py:557} INFO - File /opt/***/dags/data/2024-05-03_0.csv uploaded to gs://swu-ds-525-525/pm25/2024-05-03_0.csv in swu-ds-525-525 bucket
[2024-05-03T05:40:02.606+0000] {gcs.py:557} INFO - File /opt/***/dags/data/2024-05-03_3.csv uploaded to gs://swu-ds-525-525/pm25/2024-05-03_3.csv in swu-ds-525-525 bucket
[2024-05-03T05:40:02.727+0000] {gcs.py:557} INFO - File /opt/***/dags/data/2024-05-02_20.csv uploaded to gs://swu-ds-525-525/pm25/2024-05-02_20.csv in swu-ds-525-525 bucket
[2024-05-03T05:40:02.786+0000] {gcs.py:557} INFO - File /opt/***/dags/data/2024-05-03_8.csv uploaded to gs://swu-ds-525-525/pm25/2024-05-03_8.csv in swu-ds-525-525 bucket
[2024-05-03T05:40:02.786+0000] {taskinstance.py:441} INFO - ::group::Post task execution logs
[2024-05-03T05:40:02.796+0000] {taskinstance.py:1205} INFO - Marking task as SUCCESS. dag_id=sample, task_id=upload_to_gcs, execution_date=20240503T053944, start_date=20240503T053959, end_date=20240503T054002
[2024-05-03T05:40:02.848+0000] {local_task_job_runner.py:240} INFO - Task exited with return code 0
[2024-05-03T05:40:02.862+0000] {taskinstance.py:3482} INFO - 0 downstream tasks scheduled from follow-on schedule check
[2024-05-03T05:40:02.868+0000] {local_task_job_runner.py:222} INFO - ::endgroup::
