[2024-05-03T06:07:25.141+0000] {local_task_job_runner.py:120} INFO - ::group::Pre task execution logs
[2024-05-03T06:07:25.153+0000] {taskinstance.py:2073} INFO - Dependencies all met for dep_context=non-requeueable deps ti=<TaskInstance: sample.upload_to_gcs manual__2024-05-03T05:39:44.539788+00:00 [queued]>
[2024-05-03T06:07:25.161+0000] {taskinstance.py:2073} INFO - Dependencies all met for dep_context=requeueable deps ti=<TaskInstance: sample.upload_to_gcs manual__2024-05-03T05:39:44.539788+00:00 [queued]>
[2024-05-03T06:07:25.161+0000] {taskinstance.py:2303} INFO - Starting attempt 2 of 2
[2024-05-03T06:07:25.181+0000] {taskinstance.py:2327} INFO - Executing <Task(LocalFilesystemToGCSOperator): upload_to_gcs> on 2024-05-03 05:39:44.539788+00:00
[2024-05-03T06:07:25.196+0000] {standard_task_runner.py:90} INFO - Running: ['***', 'tasks', 'run', 'sample', 'upload_to_gcs', 'manual__2024-05-03T05:39:44.539788+00:00', '--job-id', '6', '--raw', '--subdir', 'DAGS_FOLDER/my_dag.py', '--cfg-path', '/tmp/tmpjx35lwo3']
[2024-05-03T06:07:25.199+0000] {standard_task_runner.py:91} INFO - Job 6: Subtask upload_to_gcs
[2024-05-03T06:07:25.200+0000] {logging_mixin.py:188} WARNING - /home/***/.local/lib/python3.12/site-packages/***/task/task_runner/standard_task_runner.py:61 DeprecationWarning: This process (pid=23468) is multi-threaded, use of fork() may lead to deadlocks in the child.
[2024-05-03T06:07:25.201+0000] {standard_task_runner.py:63} INFO - Started process 23475 to run task
[2024-05-03T06:07:25.243+0000] {task_command.py:426} INFO - Running <TaskInstance: sample.upload_to_gcs manual__2024-05-03T05:39:44.539788+00:00 [running]> on host 5bc5768c5236
[2024-05-03T06:07:25.327+0000] {taskinstance.py:2644} INFO - Exporting env vars: AIRFLOW_CTX_DAG_OWNER='***' AIRFLOW_CTX_DAG_ID='sample' AIRFLOW_CTX_TASK_ID='upload_to_gcs' AIRFLOW_CTX_EXECUTION_DATE='2024-05-03T05:39:44.539788+00:00' AIRFLOW_CTX_TRY_NUMBER='2' AIRFLOW_CTX_DAG_RUN_ID='manual__2024-05-03T05:39:44.539788+00:00'
[2024-05-03T06:07:25.328+0000] {taskinstance.py:430} INFO - ::endgroup::
[2024-05-03T06:07:25.334+0000] {connection.py:274} WARNING - Connection schemes (type: google_cloud_platform) shall not contain '_' according to RFC3986.
[2024-05-03T06:07:25.338+0000] {base.py:84} INFO - Using connection ID 'my_scp_conn' for task execution.
[2024-05-03T06:07:25.552+0000] {gcs.py:557} INFO - File /opt/***/dags/data/2024-05-02_19.csv uploaded to swu-ds-525-525/pm25/2024-05-02_19.csv in swu-ds-525-525 bucket
[2024-05-03T06:07:25.618+0000] {gcs.py:557} INFO - File /opt/***/dags/data/2024-05-02_21.csv uploaded to swu-ds-525-525/pm25/2024-05-02_21.csv in swu-ds-525-525 bucket
[2024-05-03T06:07:25.737+0000] {gcs.py:557} INFO - File /opt/***/dags/data/2024-05-03_1.csv uploaded to swu-ds-525-525/pm25/2024-05-03_1.csv in swu-ds-525-525 bucket
[2024-05-03T06:07:25.790+0000] {gcs.py:557} INFO - File /opt/***/dags/data/2024-05-02_18.csv uploaded to swu-ds-525-525/pm25/2024-05-02_18.csv in swu-ds-525-525 bucket
[2024-05-03T06:07:25.848+0000] {gcs.py:557} INFO - File /opt/***/dags/data/2024-05-02_10.csv uploaded to swu-ds-525-525/pm25/2024-05-02_10.csv in swu-ds-525-525 bucket
[2024-05-03T06:07:25.922+0000] {gcs.py:557} INFO - File /opt/***/dags/data/2024-05-02_15.csv uploaded to swu-ds-525-525/pm25/2024-05-02_15.csv in swu-ds-525-525 bucket
[2024-05-03T06:07:25.973+0000] {gcs.py:557} INFO - File /opt/***/dags/data/2024-05-02_13.csv uploaded to swu-ds-525-525/pm25/2024-05-02_13.csv in swu-ds-525-525 bucket
[2024-05-03T06:07:26.034+0000] {gcs.py:557} INFO - File /opt/***/dags/data/2024-05-02_7.csv uploaded to swu-ds-525-525/pm25/2024-05-02_7.csv in swu-ds-525-525 bucket
[2024-05-03T06:07:26.082+0000] {gcs.py:557} INFO - File /opt/***/dags/data/2024-05-02_2.csv uploaded to swu-ds-525-525/pm25/2024-05-02_2.csv in swu-ds-525-525 bucket
[2024-05-03T06:07:26.136+0000] {gcs.py:557} INFO - File /opt/***/dags/data/2024-05-03_10.csv uploaded to swu-ds-525-525/pm25/2024-05-03_10.csv in swu-ds-525-525 bucket
[2024-05-03T06:07:26.195+0000] {gcs.py:557} INFO - File /opt/***/dags/data/2024-05-02_17.csv uploaded to swu-ds-525-525/pm25/2024-05-02_17.csv in swu-ds-525-525 bucket
[2024-05-03T06:07:26.247+0000] {gcs.py:557} INFO - File /opt/***/dags/data/2024-05-02_3.csv uploaded to swu-ds-525-525/pm25/2024-05-02_3.csv in swu-ds-525-525 bucket
[2024-05-03T06:07:26.303+0000] {gcs.py:557} INFO - File /opt/***/dags/data/2024-05-03_4.csv uploaded to swu-ds-525-525/pm25/2024-05-03_4.csv in swu-ds-525-525 bucket
[2024-05-03T06:07:26.380+0000] {gcs.py:557} INFO - File /opt/***/dags/data/2024-05-02_22.csv uploaded to swu-ds-525-525/pm25/2024-05-02_22.csv in swu-ds-525-525 bucket
[2024-05-03T06:07:26.429+0000] {gcs.py:557} INFO - File /opt/***/dags/data/2024-05-03_5.csv uploaded to swu-ds-525-525/pm25/2024-05-03_5.csv in swu-ds-525-525 bucket
[2024-05-03T06:07:26.478+0000] {gcs.py:557} INFO - File /opt/***/dags/data/2024-05-02_9.csv uploaded to swu-ds-525-525/pm25/2024-05-02_9.csv in swu-ds-525-525 bucket
[2024-05-03T06:07:26.527+0000] {gcs.py:557} INFO - File /opt/***/dags/data/2024-05-02_23.csv uploaded to swu-ds-525-525/pm25/2024-05-02_23.csv in swu-ds-525-525 bucket
[2024-05-03T06:07:26.588+0000] {gcs.py:557} INFO - File /opt/***/dags/data/2024-05-03_6.csv uploaded to swu-ds-525-525/pm25/2024-05-03_6.csv in swu-ds-525-525 bucket
[2024-05-03T06:07:26.641+0000] {gcs.py:557} INFO - File /opt/***/dags/data/2024-05-03_12.csv uploaded to swu-ds-525-525/pm25/2024-05-03_12.csv in swu-ds-525-525 bucket
[2024-05-03T06:07:26.712+0000] {gcs.py:557} INFO - File /opt/***/dags/data/2024-05-02_14.csv uploaded to swu-ds-525-525/pm25/2024-05-02_14.csv in swu-ds-525-525 bucket
[2024-05-03T06:07:26.787+0000] {gcs.py:557} INFO - File /opt/***/dags/data/2024-05-02_12.csv uploaded to swu-ds-525-525/pm25/2024-05-02_12.csv in swu-ds-525-525 bucket
[2024-05-03T06:07:26.830+0000] {gcs.py:557} INFO - File /opt/***/dags/data/2024-05-02_16.csv uploaded to swu-ds-525-525/pm25/2024-05-02_16.csv in swu-ds-525-525 bucket
[2024-05-03T06:07:26.884+0000] {gcs.py:557} INFO - File /opt/***/dags/data/2024-05-02_6.csv uploaded to swu-ds-525-525/pm25/2024-05-02_6.csv in swu-ds-525-525 bucket
[2024-05-03T06:07:26.952+0000] {gcs.py:557} INFO - File /opt/***/dags/data/2024-05-03_11.csv uploaded to swu-ds-525-525/pm25/2024-05-03_11.csv in swu-ds-525-525 bucket
[2024-05-03T06:07:27.015+0000] {gcs.py:557} INFO - File /opt/***/dags/data/2024-05-03_7.csv uploaded to swu-ds-525-525/pm25/2024-05-03_7.csv in swu-ds-525-525 bucket
[2024-05-03T06:07:27.085+0000] {gcs.py:557} INFO - File /opt/***/dags/data/2024-05-02_8.csv uploaded to swu-ds-525-525/pm25/2024-05-02_8.csv in swu-ds-525-525 bucket
[2024-05-03T06:07:27.135+0000] {gcs.py:557} INFO - File /opt/***/dags/data/2024-05-03_2.csv uploaded to swu-ds-525-525/pm25/2024-05-03_2.csv in swu-ds-525-525 bucket
[2024-05-03T06:07:27.186+0000] {gcs.py:557} INFO - File /opt/***/dags/data/2024-05-03_9.csv uploaded to swu-ds-525-525/pm25/2024-05-03_9.csv in swu-ds-525-525 bucket
[2024-05-03T06:07:27.250+0000] {gcs.py:557} INFO - File /opt/***/dags/data/2024-05-02_5.csv uploaded to swu-ds-525-525/pm25/2024-05-02_5.csv in swu-ds-525-525 bucket
[2024-05-03T06:07:27.315+0000] {gcs.py:557} INFO - File /opt/***/dags/data/2024-05-02_4.csv uploaded to swu-ds-525-525/pm25/2024-05-02_4.csv in swu-ds-525-525 bucket
[2024-05-03T06:07:27.369+0000] {gcs.py:557} INFO - File /opt/***/dags/data/2024-05-02_11.csv uploaded to swu-ds-525-525/pm25/2024-05-02_11.csv in swu-ds-525-525 bucket
[2024-05-03T06:07:27.427+0000] {gcs.py:557} INFO - File /opt/***/dags/data/2024-05-02_1.csv uploaded to swu-ds-525-525/pm25/2024-05-02_1.csv in swu-ds-525-525 bucket
[2024-05-03T06:07:27.475+0000] {gcs.py:557} INFO - File /opt/***/dags/data/2024-05-02_0.csv uploaded to swu-ds-525-525/pm25/2024-05-02_0.csv in swu-ds-525-525 bucket
[2024-05-03T06:07:27.526+0000] {gcs.py:557} INFO - File /opt/***/dags/data/2024-05-01_23.csv uploaded to swu-ds-525-525/pm25/2024-05-01_23.csv in swu-ds-525-525 bucket
[2024-05-03T06:07:27.588+0000] {gcs.py:557} INFO - File /opt/***/dags/data/2024-05-03_0.csv uploaded to swu-ds-525-525/pm25/2024-05-03_0.csv in swu-ds-525-525 bucket
[2024-05-03T06:07:27.644+0000] {gcs.py:557} INFO - File /opt/***/dags/data/2024-05-03_3.csv uploaded to swu-ds-525-525/pm25/2024-05-03_3.csv in swu-ds-525-525 bucket
[2024-05-03T06:07:27.729+0000] {gcs.py:557} INFO - File /opt/***/dags/data/2024-05-02_20.csv uploaded to swu-ds-525-525/pm25/2024-05-02_20.csv in swu-ds-525-525 bucket
[2024-05-03T06:07:27.804+0000] {gcs.py:557} INFO - File /opt/***/dags/data/2024-05-03_8.csv uploaded to swu-ds-525-525/pm25/2024-05-03_8.csv in swu-ds-525-525 bucket
[2024-05-03T06:07:27.804+0000] {taskinstance.py:441} INFO - ::group::Post task execution logs
[2024-05-03T06:07:27.811+0000] {taskinstance.py:1205} INFO - Marking task as SUCCESS. dag_id=sample, task_id=upload_to_gcs, execution_date=20240503T053944, start_date=20240503T060725, end_date=20240503T060727
[2024-05-03T06:07:27.835+0000] {local_task_job_runner.py:240} INFO - Task exited with return code 0
[2024-05-03T06:07:27.851+0000] {taskinstance.py:3482} INFO - 0 downstream tasks scheduled from follow-on schedule check
[2024-05-03T06:07:27.858+0000] {local_task_job_runner.py:222} INFO - ::endgroup::
