[2024-05-03T06:12:55.514+0000] {local_task_job_runner.py:120} INFO - ::group::Pre task execution logs
[2024-05-03T06:12:55.539+0000] {taskinstance.py:2073} INFO - Dependencies all met for dep_context=non-requeueable deps ti=<TaskInstance: sample.upload_to_gcs manual__2024-05-03T05:39:44.539788+00:00 [queued]>
[2024-05-03T06:12:55.557+0000] {taskinstance.py:2073} INFO - Dependencies all met for dep_context=requeueable deps ti=<TaskInstance: sample.upload_to_gcs manual__2024-05-03T05:39:44.539788+00:00 [queued]>
[2024-05-03T06:12:55.557+0000] {taskinstance.py:2303} INFO - Starting attempt 3 of 3
[2024-05-03T06:12:55.584+0000] {taskinstance.py:2327} INFO - Executing <Task(LocalFilesystemToGCSOperator): upload_to_gcs> on 2024-05-03 05:39:44.539788+00:00
[2024-05-03T06:12:55.602+0000] {logging_mixin.py:188} WARNING - /home/***/.local/lib/python3.12/site-packages/***/task/task_runner/standard_task_runner.py:61 DeprecationWarning: This process (pid=26324) is multi-threaded, use of fork() may lead to deadlocks in the child.
[2024-05-03T06:12:55.603+0000] {standard_task_runner.py:63} INFO - Started process 26332 to run task
[2024-05-03T06:12:55.605+0000] {standard_task_runner.py:90} INFO - Running: ['***', 'tasks', 'run', 'sample', 'upload_to_gcs', 'manual__2024-05-03T05:39:44.539788+00:00', '--job-id', '7', '--raw', '--subdir', 'DAGS_FOLDER/my_dag.py', '--cfg-path', '/tmp/tmp2tkzxfvg']
[2024-05-03T06:12:55.607+0000] {standard_task_runner.py:91} INFO - Job 7: Subtask upload_to_gcs
[2024-05-03T06:12:55.668+0000] {task_command.py:426} INFO - Running <TaskInstance: sample.upload_to_gcs manual__2024-05-03T05:39:44.539788+00:00 [running]> on host 5bc5768c5236
[2024-05-03T06:12:55.837+0000] {taskinstance.py:2644} INFO - Exporting env vars: AIRFLOW_CTX_DAG_OWNER='***' AIRFLOW_CTX_DAG_ID='sample' AIRFLOW_CTX_TASK_ID='upload_to_gcs' AIRFLOW_CTX_EXECUTION_DATE='2024-05-03T05:39:44.539788+00:00' AIRFLOW_CTX_TRY_NUMBER='3' AIRFLOW_CTX_DAG_RUN_ID='manual__2024-05-03T05:39:44.539788+00:00'
[2024-05-03T06:12:55.840+0000] {taskinstance.py:430} INFO - ::endgroup::
[2024-05-03T06:12:55.853+0000] {connection.py:274} WARNING - Connection schemes (type: google_cloud_platform) shall not contain '_' according to RFC3986.
[2024-05-03T06:12:55.858+0000] {base.py:84} INFO - Using connection ID 'my_scp_conn' for task execution.
[2024-05-03T06:12:56.195+0000] {gcs.py:557} INFO - File /opt/***/dags/data/2024-05-02_19.csv uploaded to pm25/2024-05-02_19.csv in swu-ds-525-525 bucket
[2024-05-03T06:12:56.252+0000] {gcs.py:557} INFO - File /opt/***/dags/data/2024-05-02_21.csv uploaded to pm25/2024-05-02_21.csv in swu-ds-525-525 bucket
[2024-05-03T06:12:56.332+0000] {gcs.py:557} INFO - File /opt/***/dags/data/2024-05-03_1.csv uploaded to pm25/2024-05-03_1.csv in swu-ds-525-525 bucket
[2024-05-03T06:12:56.378+0000] {gcs.py:557} INFO - File /opt/***/dags/data/2024-05-02_18.csv uploaded to pm25/2024-05-02_18.csv in swu-ds-525-525 bucket
[2024-05-03T06:12:56.460+0000] {gcs.py:557} INFO - File /opt/***/dags/data/2024-05-02_10.csv uploaded to pm25/2024-05-02_10.csv in swu-ds-525-525 bucket
[2024-05-03T06:12:56.517+0000] {gcs.py:557} INFO - File /opt/***/dags/data/2024-05-02_15.csv uploaded to pm25/2024-05-02_15.csv in swu-ds-525-525 bucket
[2024-05-03T06:12:56.584+0000] {gcs.py:557} INFO - File /opt/***/dags/data/2024-05-02_13.csv uploaded to pm25/2024-05-02_13.csv in swu-ds-525-525 bucket
[2024-05-03T06:12:56.646+0000] {gcs.py:557} INFO - File /opt/***/dags/data/2024-05-02_7.csv uploaded to pm25/2024-05-02_7.csv in swu-ds-525-525 bucket
[2024-05-03T06:12:56.707+0000] {gcs.py:557} INFO - File /opt/***/dags/data/2024-05-02_2.csv uploaded to pm25/2024-05-02_2.csv in swu-ds-525-525 bucket
[2024-05-03T06:12:56.771+0000] {gcs.py:557} INFO - File /opt/***/dags/data/2024-05-03_10.csv uploaded to pm25/2024-05-03_10.csv in swu-ds-525-525 bucket
[2024-05-03T06:12:56.828+0000] {gcs.py:557} INFO - File /opt/***/dags/data/2024-05-02_17.csv uploaded to pm25/2024-05-02_17.csv in swu-ds-525-525 bucket
[2024-05-03T06:12:56.911+0000] {gcs.py:557} INFO - File /opt/***/dags/data/2024-05-02_3.csv uploaded to pm25/2024-05-02_3.csv in swu-ds-525-525 bucket
[2024-05-03T06:12:57.017+0000] {gcs.py:557} INFO - File /opt/***/dags/data/2024-05-03_4.csv uploaded to pm25/2024-05-03_4.csv in swu-ds-525-525 bucket
[2024-05-03T06:12:57.089+0000] {gcs.py:557} INFO - File /opt/***/dags/data/2024-05-02_22.csv uploaded to pm25/2024-05-02_22.csv in swu-ds-525-525 bucket
[2024-05-03T06:12:57.134+0000] {gcs.py:557} INFO - File /opt/***/dags/data/2024-05-03_5.csv uploaded to pm25/2024-05-03_5.csv in swu-ds-525-525 bucket
[2024-05-03T06:12:57.196+0000] {gcs.py:557} INFO - File /opt/***/dags/data/2024-05-02_9.csv uploaded to pm25/2024-05-02_9.csv in swu-ds-525-525 bucket
[2024-05-03T06:12:57.252+0000] {gcs.py:557} INFO - File /opt/***/dags/data/2024-05-02_23.csv uploaded to pm25/2024-05-02_23.csv in swu-ds-525-525 bucket
[2024-05-03T06:12:57.301+0000] {gcs.py:557} INFO - File /opt/***/dags/data/2024-05-03_6.csv uploaded to pm25/2024-05-03_6.csv in swu-ds-525-525 bucket
[2024-05-03T06:12:57.357+0000] {gcs.py:557} INFO - File /opt/***/dags/data/2024-05-03_12.csv uploaded to pm25/2024-05-03_12.csv in swu-ds-525-525 bucket
[2024-05-03T06:12:57.413+0000] {gcs.py:557} INFO - File /opt/***/dags/data/2024-05-02_14.csv uploaded to pm25/2024-05-02_14.csv in swu-ds-525-525 bucket
[2024-05-03T06:12:57.468+0000] {gcs.py:557} INFO - File /opt/***/dags/data/2024-05-02_12.csv uploaded to pm25/2024-05-02_12.csv in swu-ds-525-525 bucket
[2024-05-03T06:12:57.559+0000] {gcs.py:557} INFO - File /opt/***/dags/data/2024-05-02_16.csv uploaded to pm25/2024-05-02_16.csv in swu-ds-525-525 bucket
[2024-05-03T06:12:57.626+0000] {gcs.py:557} INFO - File /opt/***/dags/data/2024-05-02_6.csv uploaded to pm25/2024-05-02_6.csv in swu-ds-525-525 bucket
[2024-05-03T06:12:57.694+0000] {gcs.py:557} INFO - File /opt/***/dags/data/2024-05-03_11.csv uploaded to pm25/2024-05-03_11.csv in swu-ds-525-525 bucket
[2024-05-03T06:12:57.755+0000] {gcs.py:557} INFO - File /opt/***/dags/data/2024-05-03_7.csv uploaded to pm25/2024-05-03_7.csv in swu-ds-525-525 bucket
[2024-05-03T06:12:57.828+0000] {gcs.py:557} INFO - File /opt/***/dags/data/2024-05-02_8.csv uploaded to pm25/2024-05-02_8.csv in swu-ds-525-525 bucket
[2024-05-03T06:12:57.898+0000] {gcs.py:557} INFO - File /opt/***/dags/data/2024-05-03_2.csv uploaded to pm25/2024-05-03_2.csv in swu-ds-525-525 bucket
[2024-05-03T06:12:57.952+0000] {gcs.py:557} INFO - File /opt/***/dags/data/2024-05-03_9.csv uploaded to pm25/2024-05-03_9.csv in swu-ds-525-525 bucket
[2024-05-03T06:12:58.010+0000] {gcs.py:557} INFO - File /opt/***/dags/data/2024-05-02_5.csv uploaded to pm25/2024-05-02_5.csv in swu-ds-525-525 bucket
[2024-05-03T06:12:58.059+0000] {gcs.py:557} INFO - File /opt/***/dags/data/2024-05-02_4.csv uploaded to pm25/2024-05-02_4.csv in swu-ds-525-525 bucket
[2024-05-03T06:12:58.114+0000] {gcs.py:557} INFO - File /opt/***/dags/data/2024-05-02_11.csv uploaded to pm25/2024-05-02_11.csv in swu-ds-525-525 bucket
[2024-05-03T06:12:58.163+0000] {gcs.py:557} INFO - File /opt/***/dags/data/2024-05-02_1.csv uploaded to pm25/2024-05-02_1.csv in swu-ds-525-525 bucket
[2024-05-03T06:12:58.227+0000] {gcs.py:557} INFO - File /opt/***/dags/data/2024-05-02_0.csv uploaded to pm25/2024-05-02_0.csv in swu-ds-525-525 bucket
[2024-05-03T06:12:58.303+0000] {gcs.py:557} INFO - File /opt/***/dags/data/2024-05-01_23.csv uploaded to pm25/2024-05-01_23.csv in swu-ds-525-525 bucket
[2024-05-03T06:12:58.361+0000] {gcs.py:557} INFO - File /opt/***/dags/data/2024-05-03_0.csv uploaded to pm25/2024-05-03_0.csv in swu-ds-525-525 bucket
[2024-05-03T06:12:58.437+0000] {gcs.py:557} INFO - File /opt/***/dags/data/2024-05-03_3.csv uploaded to pm25/2024-05-03_3.csv in swu-ds-525-525 bucket
[2024-05-03T06:12:58.496+0000] {gcs.py:557} INFO - File /opt/***/dags/data/2024-05-02_20.csv uploaded to pm25/2024-05-02_20.csv in swu-ds-525-525 bucket
[2024-05-03T06:12:58.556+0000] {gcs.py:557} INFO - File /opt/***/dags/data/2024-05-03_8.csv uploaded to pm25/2024-05-03_8.csv in swu-ds-525-525 bucket
[2024-05-03T06:12:58.557+0000] {taskinstance.py:441} INFO - ::group::Post task execution logs
[2024-05-03T06:12:58.566+0000] {taskinstance.py:1205} INFO - Marking task as SUCCESS. dag_id=sample, task_id=upload_to_gcs, execution_date=20240503T053944, start_date=20240503T061255, end_date=20240503T061258
[2024-05-03T06:12:58.640+0000] {local_task_job_runner.py:240} INFO - Task exited with return code 0
[2024-05-03T06:12:58.674+0000] {taskinstance.py:3482} INFO - 0 downstream tasks scheduled from follow-on schedule check
[2024-05-03T06:12:58.682+0000] {local_task_job_runner.py:222} INFO - ::endgroup::
