[2024-05-04T12:35:57.471+0000] {local_task_job_runner.py:120} INFO - ::group::Pre task execution logs
[2024-05-04T12:35:57.507+0000] {taskinstance.py:2073} INFO - Dependencies all met for dep_context=non-requeueable deps ti=<TaskInstance: for_project.upload_to_gcs manual__2024-05-04T12:35:40.298585+00:00 [queued]>
[2024-05-04T12:35:57.529+0000] {taskinstance.py:2073} INFO - Dependencies all met for dep_context=requeueable deps ti=<TaskInstance: for_project.upload_to_gcs manual__2024-05-04T12:35:40.298585+00:00 [queued]>
[2024-05-04T12:35:57.529+0000] {taskinstance.py:2303} INFO - Starting attempt 1 of 1
[2024-05-04T12:35:57.568+0000] {taskinstance.py:2327} INFO - Executing <Task(LocalFilesystemToGCSOperator): upload_to_gcs> on 2024-05-04 12:35:40.298585+00:00
[2024-05-04T12:35:57.589+0000] {logging_mixin.py:188} WARNING - /home/***/.local/lib/python3.12/site-packages/***/task/task_runner/standard_task_runner.py:61 DeprecationWarning: This process (pid=88297) is multi-threaded, use of fork() may lead to deadlocks in the child.
[2024-05-04T12:35:57.592+0000] {standard_task_runner.py:63} INFO - Started process 88318 to run task
[2024-05-04T12:35:57.591+0000] {standard_task_runner.py:90} INFO - Running: ['***', 'tasks', 'run', 'for_project', 'upload_to_gcs', 'manual__2024-05-04T12:35:40.298585+00:00', '--job-id', '38', '--raw', '--subdir', 'DAGS_FOLDER/dag_for_project.py', '--cfg-path', '/tmp/tmpbepvaq7c']
[2024-05-04T12:35:57.594+0000] {standard_task_runner.py:91} INFO - Job 38: Subtask upload_to_gcs
[2024-05-04T12:35:57.695+0000] {task_command.py:426} INFO - Running <TaskInstance: for_project.upload_to_gcs manual__2024-05-04T12:35:40.298585+00:00 [running]> on host 5bc5768c5236
[2024-05-04T12:35:57.938+0000] {taskinstance.py:2644} INFO - Exporting env vars: AIRFLOW_CTX_DAG_OWNER='***' AIRFLOW_CTX_DAG_ID='for_project' AIRFLOW_CTX_TASK_ID='upload_to_gcs' AIRFLOW_CTX_EXECUTION_DATE='2024-05-04T12:35:40.298585+00:00' AIRFLOW_CTX_TRY_NUMBER='1' AIRFLOW_CTX_DAG_RUN_ID='manual__2024-05-04T12:35:40.298585+00:00'
[2024-05-04T12:35:57.939+0000] {taskinstance.py:430} INFO - ::endgroup::
[2024-05-04T12:35:57.997+0000] {connection.py:274} WARNING - Connection schemes (type: google_cloud_platform) shall not contain '_' according to RFC3986.
[2024-05-04T12:35:58.009+0000] {base.py:84} INFO - Using connection ID 'project_conn' for task execution.
[2024-05-04T12:35:59.008+0000] {gcs.py:557} INFO - File /opt/***/dags/data/2024-05-04_2.csv uploaded to pm25_raw/2024-05-04_2.csv in swu-ds-525 bucket
[2024-05-04T12:35:59.073+0000] {gcs.py:557} INFO - File /opt/***/dags/data/2024-05-02_19.csv uploaded to pm25_raw/2024-05-02_19.csv in swu-ds-525 bucket
[2024-05-04T12:35:59.149+0000] {gcs.py:557} INFO - File /opt/***/dags/data/2024-05-02_21.csv uploaded to pm25_raw/2024-05-02_21.csv in swu-ds-525 bucket
[2024-05-04T12:35:59.212+0000] {gcs.py:557} INFO - File /opt/***/dags/data/2024-05-03_22.csv uploaded to pm25_raw/2024-05-03_22.csv in swu-ds-525 bucket
[2024-05-04T12:35:59.296+0000] {gcs.py:557} INFO - File /opt/***/dags/data/2024-05-03_1.csv uploaded to pm25_raw/2024-05-03_1.csv in swu-ds-525 bucket
[2024-05-04T12:35:59.352+0000] {gcs.py:557} INFO - File /opt/***/dags/data/2024-05-02_18.csv uploaded to pm25_raw/2024-05-02_18.csv in swu-ds-525 bucket
[2024-05-04T12:35:59.429+0000] {gcs.py:557} INFO - File /opt/***/dags/data/2024-05-02_10.csv uploaded to pm25_raw/2024-05-02_10.csv in swu-ds-525 bucket
[2024-05-04T12:35:59.500+0000] {gcs.py:557} INFO - File /opt/***/dags/data/2024-05-04_10.csv uploaded to pm25_raw/2024-05-04_10.csv in swu-ds-525 bucket
[2024-05-04T12:35:59.569+0000] {gcs.py:557} INFO - File /opt/***/dags/data/2024-05-02_15.csv uploaded to pm25_raw/2024-05-02_15.csv in swu-ds-525 bucket
[2024-05-04T12:35:59.655+0000] {gcs.py:557} INFO - File /opt/***/dags/data/2024-05-04_6.csv uploaded to pm25_raw/2024-05-04_6.csv in swu-ds-525 bucket
[2024-05-04T12:35:59.714+0000] {gcs.py:557} INFO - File /opt/***/dags/data/2024-05-04_19.csv uploaded to pm25_raw/2024-05-04_19.csv in swu-ds-525 bucket
[2024-05-04T12:35:59.780+0000] {gcs.py:557} INFO - File /opt/***/dags/data/2024-05-04_9.csv uploaded to pm25_raw/2024-05-04_9.csv in swu-ds-525 bucket
[2024-05-04T12:35:59.834+0000] {gcs.py:557} INFO - File /opt/***/dags/data/2024-05-04_15.csv uploaded to pm25_raw/2024-05-04_15.csv in swu-ds-525 bucket
[2024-05-04T12:35:59.903+0000] {gcs.py:557} INFO - File /opt/***/dags/data/2024-05-02_13.csv uploaded to pm25_raw/2024-05-02_13.csv in swu-ds-525 bucket
[2024-05-04T12:35:59.969+0000] {gcs.py:557} INFO - File /opt/***/dags/data/2024-05-04_18.csv uploaded to pm25_raw/2024-05-04_18.csv in swu-ds-525 bucket
[2024-05-04T12:36:00.040+0000] {gcs.py:557} INFO - File /opt/***/dags/data/2024-05-03_19.csv uploaded to pm25_raw/2024-05-03_19.csv in swu-ds-525 bucket
[2024-05-04T12:36:00.104+0000] {gcs.py:557} INFO - File /opt/***/dags/data/2024-05-03_21.csv uploaded to pm25_raw/2024-05-03_21.csv in swu-ds-525 bucket
[2024-05-04T12:36:00.166+0000] {gcs.py:557} INFO - File /opt/***/dags/data/2024-05-02_7.csv uploaded to pm25_raw/2024-05-02_7.csv in swu-ds-525 bucket
[2024-05-04T12:36:00.223+0000] {gcs.py:557} INFO - File /opt/***/dags/data/2024-05-03_23.csv uploaded to pm25_raw/2024-05-03_23.csv in swu-ds-525 bucket
[2024-05-04T12:36:00.286+0000] {gcs.py:557} INFO - File /opt/***/dags/data/2024-05-02_2.csv uploaded to pm25_raw/2024-05-02_2.csv in swu-ds-525 bucket
[2024-05-04T12:36:00.370+0000] {gcs.py:557} INFO - File /opt/***/dags/data/2024-05-04_5.csv uploaded to pm25_raw/2024-05-04_5.csv in swu-ds-525 bucket
[2024-05-04T12:36:00.440+0000] {gcs.py:557} INFO - File /opt/***/dags/data/2024-05-03_15.csv uploaded to pm25_raw/2024-05-03_15.csv in swu-ds-525 bucket
[2024-05-04T12:36:00.506+0000] {gcs.py:557} INFO - File /opt/***/dags/data/2024-05-03_10.csv uploaded to pm25_raw/2024-05-03_10.csv in swu-ds-525 bucket
[2024-05-04T12:36:00.567+0000] {gcs.py:557} INFO - File /opt/***/dags/data/2024-05-02_17.csv uploaded to pm25_raw/2024-05-02_17.csv in swu-ds-525 bucket
[2024-05-04T12:36:00.656+0000] {gcs.py:557} INFO - File /opt/***/dags/data/2024-05-04_17.csv uploaded to pm25_raw/2024-05-04_17.csv in swu-ds-525 bucket
[2024-05-04T12:36:00.721+0000] {gcs.py:557} INFO - File /opt/***/dags/data/2024-05-02_3.csv uploaded to pm25_raw/2024-05-02_3.csv in swu-ds-525 bucket
[2024-05-04T12:36:00.778+0000] {gcs.py:557} INFO - File /opt/***/dags/data/2024-05-04_8.csv uploaded to pm25_raw/2024-05-04_8.csv in swu-ds-525 bucket
[2024-05-04T12:36:00.862+0000] {gcs.py:557} INFO - File /opt/***/dags/data/2024-05-03_4.csv uploaded to pm25_raw/2024-05-03_4.csv in swu-ds-525 bucket
[2024-05-04T12:36:00.961+0000] {gcs.py:557} INFO - File /opt/***/dags/data/2024-05-02_22.csv uploaded to pm25_raw/2024-05-02_22.csv in swu-ds-525 bucket
[2024-05-04T12:36:01.015+0000] {gcs.py:557} INFO - File /opt/***/dags/data/2024-05-03_5.csv uploaded to pm25_raw/2024-05-03_5.csv in swu-ds-525 bucket
[2024-05-04T12:36:01.074+0000] {gcs.py:557} INFO - File /opt/***/dags/data/2024-05-02_9.csv uploaded to pm25_raw/2024-05-02_9.csv in swu-ds-525 bucket
[2024-05-04T12:36:01.126+0000] {gcs.py:557} INFO - File /opt/***/dags/data/2024-05-02_23.csv uploaded to pm25_raw/2024-05-02_23.csv in swu-ds-525 bucket
[2024-05-04T12:36:01.192+0000] {gcs.py:557} INFO - File /opt/***/dags/data/2024-05-04_0.csv uploaded to pm25_raw/2024-05-04_0.csv in swu-ds-525 bucket
[2024-05-04T12:36:01.259+0000] {gcs.py:557} INFO - File /opt/***/dags/data/2024-05-04_14.csv uploaded to pm25_raw/2024-05-04_14.csv in swu-ds-525 bucket
[2024-05-04T12:36:01.327+0000] {gcs.py:557} INFO - File /opt/***/dags/data/2024-05-03_6.csv uploaded to pm25_raw/2024-05-03_6.csv in swu-ds-525 bucket
[2024-05-04T12:36:01.378+0000] {gcs.py:557} INFO - File /opt/***/dags/data/2024-05-03_20.csv uploaded to pm25_raw/2024-05-03_20.csv in swu-ds-525 bucket
[2024-05-04T12:36:01.434+0000] {gcs.py:557} INFO - File /opt/***/dags/data/2024-05-03_12.csv uploaded to pm25_raw/2024-05-03_12.csv in swu-ds-525 bucket
[2024-05-04T12:36:01.494+0000] {gcs.py:557} INFO - File /opt/***/dags/data/2024-05-03_16.csv uploaded to pm25_raw/2024-05-03_16.csv in swu-ds-525 bucket
[2024-05-04T12:36:01.554+0000] {gcs.py:557} INFO - File /opt/***/dags/data/2024-05-02_14.csv uploaded to pm25_raw/2024-05-02_14.csv in swu-ds-525 bucket
[2024-05-04T12:36:01.608+0000] {gcs.py:557} INFO - File /opt/***/dags/data/2024-05-02_12.csv uploaded to pm25_raw/2024-05-02_12.csv in swu-ds-525 bucket
[2024-05-04T12:36:01.674+0000] {gcs.py:557} INFO - File /opt/***/dags/data/2024-05-03_17.csv uploaded to pm25_raw/2024-05-03_17.csv in swu-ds-525 bucket
[2024-05-04T12:36:01.740+0000] {gcs.py:557} INFO - File /opt/***/dags/data/2024-05-02_16.csv uploaded to pm25_raw/2024-05-02_16.csv in swu-ds-525 bucket
[2024-05-04T12:36:01.805+0000] {gcs.py:557} INFO - File /opt/***/dags/data/2024-05-02_6.csv uploaded to pm25_raw/2024-05-02_6.csv in swu-ds-525 bucket
[2024-05-04T12:36:01.859+0000] {gcs.py:557} INFO - File /opt/***/dags/data/2024-05-03_11.csv uploaded to pm25_raw/2024-05-03_11.csv in swu-ds-525 bucket
[2024-05-04T12:36:01.920+0000] {gcs.py:557} INFO - File /opt/***/dags/data/2024-05-03_7.csv uploaded to pm25_raw/2024-05-03_7.csv in swu-ds-525 bucket
[2024-05-04T12:36:01.968+0000] {gcs.py:557} INFO - File /opt/***/dags/data/2024-05-02_8.csv uploaded to pm25_raw/2024-05-02_8.csv in swu-ds-525 bucket
[2024-05-04T12:36:02.032+0000] {gcs.py:557} INFO - File /opt/***/dags/data/2024-05-03_2.csv uploaded to pm25_raw/2024-05-03_2.csv in swu-ds-525 bucket
[2024-05-04T12:36:02.089+0000] {gcs.py:557} INFO - File /opt/***/dags/data/2024-05-03_9.csv uploaded to pm25_raw/2024-05-03_9.csv in swu-ds-525 bucket
[2024-05-04T12:36:02.164+0000] {gcs.py:557} INFO - File /opt/***/dags/data/2024-05-02_5.csv uploaded to pm25_raw/2024-05-02_5.csv in swu-ds-525 bucket
[2024-05-04T12:36:02.225+0000] {gcs.py:557} INFO - File /opt/***/dags/data/2024-05-04_3.csv uploaded to pm25_raw/2024-05-04_3.csv in swu-ds-525 bucket
[2024-05-04T12:36:02.275+0000] {gcs.py:557} INFO - File /opt/***/dags/data/2024-05-02_4.csv uploaded to pm25_raw/2024-05-02_4.csv in swu-ds-525 bucket
[2024-05-04T12:36:02.348+0000] {gcs.py:557} INFO - File /opt/***/dags/data/2024-05-03_18.csv uploaded to pm25_raw/2024-05-03_18.csv in swu-ds-525 bucket
[2024-05-04T12:36:02.401+0000] {gcs.py:557} INFO - File /opt/***/dags/data/2024-05-02_11.csv uploaded to pm25_raw/2024-05-02_11.csv in swu-ds-525 bucket
[2024-05-04T12:36:02.462+0000] {gcs.py:557} INFO - File /opt/***/dags/data/2024-05-04_16.csv uploaded to pm25_raw/2024-05-04_16.csv in swu-ds-525 bucket
[2024-05-04T12:36:02.524+0000] {gcs.py:557} INFO - File /opt/***/dags/data/2024-05-04_4.csv uploaded to pm25_raw/2024-05-04_4.csv in swu-ds-525 bucket
[2024-05-04T12:36:02.571+0000] {gcs.py:557} INFO - File /opt/***/dags/data/2024-05-02_1.csv uploaded to pm25_raw/2024-05-02_1.csv in swu-ds-525 bucket
[2024-05-04T12:36:02.626+0000] {gcs.py:557} INFO - File /opt/***/dags/data/2024-05-02_0.csv uploaded to pm25_raw/2024-05-02_0.csv in swu-ds-525 bucket
[2024-05-04T12:36:02.726+0000] {gcs.py:557} INFO - File /opt/***/dags/data/2024-05-04_7.csv uploaded to pm25_raw/2024-05-04_7.csv in swu-ds-525 bucket
[2024-05-04T12:36:02.788+0000] {gcs.py:557} INFO - File /opt/***/dags/data/2024-05-01_23.csv uploaded to pm25_raw/2024-05-01_23.csv in swu-ds-525 bucket
[2024-05-04T12:36:02.836+0000] {gcs.py:557} INFO - File /opt/***/dags/data/2024-05-04_1.csv uploaded to pm25_raw/2024-05-04_1.csv in swu-ds-525 bucket
[2024-05-04T12:36:02.888+0000] {gcs.py:557} INFO - File /opt/***/dags/data/2024-05-03_0.csv uploaded to pm25_raw/2024-05-03_0.csv in swu-ds-525 bucket
[2024-05-04T12:36:02.960+0000] {gcs.py:557} INFO - File /opt/***/dags/data/2024-05-04_12.csv uploaded to pm25_raw/2024-05-04_12.csv in swu-ds-525 bucket
[2024-05-04T12:36:03.026+0000] {gcs.py:557} INFO - File /opt/***/dags/data/2024-05-03_3.csv uploaded to pm25_raw/2024-05-03_3.csv in swu-ds-525 bucket
[2024-05-04T12:36:03.087+0000] {gcs.py:557} INFO - File /opt/***/dags/data/2024-05-02_20.csv uploaded to pm25_raw/2024-05-02_20.csv in swu-ds-525 bucket
[2024-05-04T12:36:03.163+0000] {gcs.py:557} INFO - File /opt/***/dags/data/2024-05-03_8.csv uploaded to pm25_raw/2024-05-03_8.csv in swu-ds-525 bucket
[2024-05-04T12:36:03.220+0000] {gcs.py:557} INFO - File /opt/***/dags/data/2024-05-04_13.csv uploaded to pm25_raw/2024-05-04_13.csv in swu-ds-525 bucket
[2024-05-04T12:36:03.269+0000] {gcs.py:557} INFO - File /opt/***/dags/data/2024-05-04_11.csv uploaded to pm25_raw/2024-05-04_11.csv in swu-ds-525 bucket
[2024-05-04T12:36:03.270+0000] {taskinstance.py:441} INFO - ::group::Post task execution logs
[2024-05-04T12:36:03.300+0000] {taskinstance.py:1205} INFO - Marking task as SUCCESS. dag_id=for_project, task_id=upload_to_gcs, execution_date=20240504T123540, start_date=20240504T123557, end_date=20240504T123603
[2024-05-04T12:36:03.422+0000] {local_task_job_runner.py:240} INFO - Task exited with return code 0
[2024-05-04T12:36:03.464+0000] {taskinstance.py:3482} INFO - 0 downstream tasks scheduled from follow-on schedule check
[2024-05-04T12:36:03.490+0000] {local_task_job_runner.py:222} INFO - ::endgroup::
