[2024-05-04T12:35:58.086+0000] {local_task_job_runner.py:120} INFO - ::group::Pre task execution logs
[2024-05-04T12:35:58.230+0000] {taskinstance.py:2073} INFO - Dependencies all met for dep_context=non-requeueable deps ti=<TaskInstance: for_project.upload_to_gcs scheduled__2024-05-04T11:00:00+00:00 [queued]>
[2024-05-04T12:35:58.375+0000] {taskinstance.py:2073} INFO - Dependencies all met for dep_context=requeueable deps ti=<TaskInstance: for_project.upload_to_gcs scheduled__2024-05-04T11:00:00+00:00 [queued]>
[2024-05-04T12:35:58.380+0000] {taskinstance.py:2303} INFO - Starting attempt 1 of 1
[2024-05-04T12:35:58.695+0000] {taskinstance.py:2327} INFO - Executing <Task(LocalFilesystemToGCSOperator): upload_to_gcs> on 2024-05-04 11:00:00+00:00
[2024-05-04T12:35:58.715+0000] {standard_task_runner.py:90} INFO - Running: ['***', 'tasks', 'run', 'for_project', 'upload_to_gcs', 'scheduled__2024-05-04T11:00:00+00:00', '--job-id', '40', '--raw', '--subdir', 'DAGS_FOLDER/dag_for_project.py', '--cfg-path', '/tmp/tmp0bs06u0s']
[2024-05-04T12:35:58.730+0000] {logging_mixin.py:188} WARNING - /home/***/.local/lib/python3.12/site-packages/***/task/task_runner/standard_task_runner.py:61 DeprecationWarning: This process (pid=88296) is multi-threaded, use of fork() may lead to deadlocks in the child.
[2024-05-04T12:35:58.730+0000] {standard_task_runner.py:63} INFO - Started process 88331 to run task
[2024-05-04T12:35:58.731+0000] {standard_task_runner.py:91} INFO - Job 40: Subtask upload_to_gcs
[2024-05-04T12:35:58.867+0000] {task_command.py:426} INFO - Running <TaskInstance: for_project.upload_to_gcs scheduled__2024-05-04T11:00:00+00:00 [running]> on host 5bc5768c5236
[2024-05-04T12:35:59.176+0000] {taskinstance.py:2644} INFO - Exporting env vars: AIRFLOW_CTX_DAG_OWNER='***' AIRFLOW_CTX_DAG_ID='for_project' AIRFLOW_CTX_TASK_ID='upload_to_gcs' AIRFLOW_CTX_EXECUTION_DATE='2024-05-04T11:00:00+00:00' AIRFLOW_CTX_TRY_NUMBER='1' AIRFLOW_CTX_DAG_RUN_ID='scheduled__2024-05-04T11:00:00+00:00'
[2024-05-04T12:35:59.183+0000] {taskinstance.py:430} INFO - ::endgroup::
[2024-05-04T12:35:59.246+0000] {connection.py:274} WARNING - Connection schemes (type: google_cloud_platform) shall not contain '_' according to RFC3986.
[2024-05-04T12:35:59.269+0000] {base.py:84} INFO - Using connection ID 'project_conn' for task execution.
[2024-05-04T12:36:00.014+0000] {gcs.py:557} INFO - File /opt/***/dags/data/2024-05-04_2.csv uploaded to pm25_raw/2024-05-04_2.csv in swu-ds-525 bucket
[2024-05-04T12:36:00.081+0000] {gcs.py:557} INFO - File /opt/***/dags/data/2024-05-02_19.csv uploaded to pm25_raw/2024-05-02_19.csv in swu-ds-525 bucket
[2024-05-04T12:36:00.142+0000] {gcs.py:557} INFO - File /opt/***/dags/data/2024-05-02_21.csv uploaded to pm25_raw/2024-05-02_21.csv in swu-ds-525 bucket
[2024-05-04T12:36:00.201+0000] {gcs.py:557} INFO - File /opt/***/dags/data/2024-05-03_22.csv uploaded to pm25_raw/2024-05-03_22.csv in swu-ds-525 bucket
[2024-05-04T12:36:00.264+0000] {gcs.py:557} INFO - File /opt/***/dags/data/2024-05-03_1.csv uploaded to pm25_raw/2024-05-03_1.csv in swu-ds-525 bucket
[2024-05-04T12:36:00.328+0000] {gcs.py:557} INFO - File /opt/***/dags/data/2024-05-02_18.csv uploaded to pm25_raw/2024-05-02_18.csv in swu-ds-525 bucket
[2024-05-04T12:36:00.399+0000] {gcs.py:557} INFO - File /opt/***/dags/data/2024-05-02_10.csv uploaded to pm25_raw/2024-05-02_10.csv in swu-ds-525 bucket
[2024-05-04T12:36:00.469+0000] {gcs.py:557} INFO - File /opt/***/dags/data/2024-05-04_10.csv uploaded to pm25_raw/2024-05-04_10.csv in swu-ds-525 bucket
[2024-05-04T12:36:00.554+0000] {gcs.py:557} INFO - File /opt/***/dags/data/2024-05-02_15.csv uploaded to pm25_raw/2024-05-02_15.csv in swu-ds-525 bucket
[2024-05-04T12:36:00.638+0000] {gcs.py:557} INFO - File /opt/***/dags/data/2024-05-04_6.csv uploaded to pm25_raw/2024-05-04_6.csv in swu-ds-525 bucket
[2024-05-04T12:36:00.707+0000] {gcs.py:557} INFO - File /opt/***/dags/data/2024-05-04_19.csv uploaded to pm25_raw/2024-05-04_19.csv in swu-ds-525 bucket
[2024-05-04T12:36:00.775+0000] {gcs.py:557} INFO - File /opt/***/dags/data/2024-05-04_9.csv uploaded to pm25_raw/2024-05-04_9.csv in swu-ds-525 bucket
[2024-05-04T12:36:00.861+0000] {gcs.py:557} INFO - File /opt/***/dags/data/2024-05-04_15.csv uploaded to pm25_raw/2024-05-04_15.csv in swu-ds-525 bucket
[2024-05-04T12:36:00.938+0000] {gcs.py:557} INFO - File /opt/***/dags/data/2024-05-02_13.csv uploaded to pm25_raw/2024-05-02_13.csv in swu-ds-525 bucket
[2024-05-04T12:36:01.002+0000] {gcs.py:557} INFO - File /opt/***/dags/data/2024-05-04_18.csv uploaded to pm25_raw/2024-05-04_18.csv in swu-ds-525 bucket
[2024-05-04T12:36:01.068+0000] {gcs.py:557} INFO - File /opt/***/dags/data/2024-05-03_19.csv uploaded to pm25_raw/2024-05-03_19.csv in swu-ds-525 bucket
[2024-05-04T12:36:01.133+0000] {gcs.py:557} INFO - File /opt/***/dags/data/2024-05-03_21.csv uploaded to pm25_raw/2024-05-03_21.csv in swu-ds-525 bucket
[2024-05-04T12:36:01.218+0000] {gcs.py:557} INFO - File /opt/***/dags/data/2024-05-02_7.csv uploaded to pm25_raw/2024-05-02_7.csv in swu-ds-525 bucket
[2024-05-04T12:36:01.283+0000] {gcs.py:557} INFO - File /opt/***/dags/data/2024-05-03_23.csv uploaded to pm25_raw/2024-05-03_23.csv in swu-ds-525 bucket
[2024-05-04T12:36:01.346+0000] {gcs.py:557} INFO - File /opt/***/dags/data/2024-05-02_2.csv uploaded to pm25_raw/2024-05-02_2.csv in swu-ds-525 bucket
[2024-05-04T12:36:01.423+0000] {gcs.py:557} INFO - File /opt/***/dags/data/2024-05-04_5.csv uploaded to pm25_raw/2024-05-04_5.csv in swu-ds-525 bucket
[2024-05-04T12:36:01.501+0000] {gcs.py:557} INFO - File /opt/***/dags/data/2024-05-03_15.csv uploaded to pm25_raw/2024-05-03_15.csv in swu-ds-525 bucket
[2024-05-04T12:36:01.578+0000] {gcs.py:557} INFO - File /opt/***/dags/data/2024-05-03_10.csv uploaded to pm25_raw/2024-05-03_10.csv in swu-ds-525 bucket
[2024-05-04T12:36:01.635+0000] {gcs.py:557} INFO - File /opt/***/dags/data/2024-05-02_17.csv uploaded to pm25_raw/2024-05-02_17.csv in swu-ds-525 bucket
[2024-05-04T12:36:01.688+0000] {gcs.py:557} INFO - File /opt/***/dags/data/2024-05-04_17.csv uploaded to pm25_raw/2024-05-04_17.csv in swu-ds-525 bucket
[2024-05-04T12:36:01.745+0000] {gcs.py:557} INFO - File /opt/***/dags/data/2024-05-02_3.csv uploaded to pm25_raw/2024-05-02_3.csv in swu-ds-525 bucket
[2024-05-04T12:36:01.810+0000] {gcs.py:557} INFO - File /opt/***/dags/data/2024-05-04_8.csv uploaded to pm25_raw/2024-05-04_8.csv in swu-ds-525 bucket
[2024-05-04T12:36:01.881+0000] {gcs.py:557} INFO - File /opt/***/dags/data/2024-05-03_4.csv uploaded to pm25_raw/2024-05-03_4.csv in swu-ds-525 bucket
[2024-05-04T12:36:01.942+0000] {gcs.py:557} INFO - File /opt/***/dags/data/2024-05-02_22.csv uploaded to pm25_raw/2024-05-02_22.csv in swu-ds-525 bucket
[2024-05-04T12:36:02.002+0000] {gcs.py:557} INFO - File /opt/***/dags/data/2024-05-03_5.csv uploaded to pm25_raw/2024-05-03_5.csv in swu-ds-525 bucket
[2024-05-04T12:36:02.080+0000] {gcs.py:557} INFO - File /opt/***/dags/data/2024-05-02_9.csv uploaded to pm25_raw/2024-05-02_9.csv in swu-ds-525 bucket
[2024-05-04T12:36:02.146+0000] {gcs.py:557} INFO - File /opt/***/dags/data/2024-05-02_23.csv uploaded to pm25_raw/2024-05-02_23.csv in swu-ds-525 bucket
[2024-05-04T12:36:02.208+0000] {gcs.py:557} INFO - File /opt/***/dags/data/2024-05-04_0.csv uploaded to pm25_raw/2024-05-04_0.csv in swu-ds-525 bucket
[2024-05-04T12:36:02.261+0000] {gcs.py:557} INFO - File /opt/***/dags/data/2024-05-04_14.csv uploaded to pm25_raw/2024-05-04_14.csv in swu-ds-525 bucket
[2024-05-04T12:36:02.320+0000] {gcs.py:557} INFO - File /opt/***/dags/data/2024-05-03_6.csv uploaded to pm25_raw/2024-05-03_6.csv in swu-ds-525 bucket
[2024-05-04T12:36:02.383+0000] {gcs.py:557} INFO - File /opt/***/dags/data/2024-05-03_20.csv uploaded to pm25_raw/2024-05-03_20.csv in swu-ds-525 bucket
[2024-05-04T12:36:02.448+0000] {gcs.py:557} INFO - File /opt/***/dags/data/2024-05-03_12.csv uploaded to pm25_raw/2024-05-03_12.csv in swu-ds-525 bucket
[2024-05-04T12:36:02.499+0000] {gcs.py:557} INFO - File /opt/***/dags/data/2024-05-03_16.csv uploaded to pm25_raw/2024-05-03_16.csv in swu-ds-525 bucket
[2024-05-04T12:36:02.557+0000] {gcs.py:557} INFO - File /opt/***/dags/data/2024-05-02_14.csv uploaded to pm25_raw/2024-05-02_14.csv in swu-ds-525 bucket
[2024-05-04T12:36:02.608+0000] {gcs.py:557} INFO - File /opt/***/dags/data/2024-05-02_12.csv uploaded to pm25_raw/2024-05-02_12.csv in swu-ds-525 bucket
[2024-05-04T12:36:02.675+0000] {gcs.py:557} INFO - File /opt/***/dags/data/2024-05-03_17.csv uploaded to pm25_raw/2024-05-03_17.csv in swu-ds-525 bucket
[2024-05-04T12:36:02.729+0000] {gcs.py:557} INFO - File /opt/***/dags/data/2024-05-02_16.csv uploaded to pm25_raw/2024-05-02_16.csv in swu-ds-525 bucket
[2024-05-04T12:36:02.822+0000] {gcs.py:557} INFO - File /opt/***/dags/data/2024-05-02_6.csv uploaded to pm25_raw/2024-05-02_6.csv in swu-ds-525 bucket
[2024-05-04T12:36:02.874+0000] {gcs.py:557} INFO - File /opt/***/dags/data/2024-05-03_11.csv uploaded to pm25_raw/2024-05-03_11.csv in swu-ds-525 bucket
[2024-05-04T12:36:02.936+0000] {gcs.py:557} INFO - File /opt/***/dags/data/2024-05-03_7.csv uploaded to pm25_raw/2024-05-03_7.csv in swu-ds-525 bucket
[2024-05-04T12:36:02.994+0000] {gcs.py:557} INFO - File /opt/***/dags/data/2024-05-02_8.csv uploaded to pm25_raw/2024-05-02_8.csv in swu-ds-525 bucket
[2024-05-04T12:36:03.068+0000] {gcs.py:557} INFO - File /opt/***/dags/data/2024-05-03_2.csv uploaded to pm25_raw/2024-05-03_2.csv in swu-ds-525 bucket
[2024-05-04T12:36:03.207+0000] {gcs.py:557} INFO - File /opt/***/dags/data/2024-05-03_9.csv uploaded to pm25_raw/2024-05-03_9.csv in swu-ds-525 bucket
[2024-05-04T12:36:03.278+0000] {gcs.py:557} INFO - File /opt/***/dags/data/2024-05-02_5.csv uploaded to pm25_raw/2024-05-02_5.csv in swu-ds-525 bucket
[2024-05-04T12:36:03.339+0000] {gcs.py:557} INFO - File /opt/***/dags/data/2024-05-04_3.csv uploaded to pm25_raw/2024-05-04_3.csv in swu-ds-525 bucket
[2024-05-04T12:36:03.407+0000] {gcs.py:557} INFO - File /opt/***/dags/data/2024-05-02_4.csv uploaded to pm25_raw/2024-05-02_4.csv in swu-ds-525 bucket
[2024-05-04T12:36:03.479+0000] {gcs.py:557} INFO - File /opt/***/dags/data/2024-05-03_18.csv uploaded to pm25_raw/2024-05-03_18.csv in swu-ds-525 bucket
[2024-05-04T12:36:03.537+0000] {gcs.py:557} INFO - File /opt/***/dags/data/2024-05-02_11.csv uploaded to pm25_raw/2024-05-02_11.csv in swu-ds-525 bucket
[2024-05-04T12:36:03.594+0000] {gcs.py:557} INFO - File /opt/***/dags/data/2024-05-04_16.csv uploaded to pm25_raw/2024-05-04_16.csv in swu-ds-525 bucket
[2024-05-04T12:36:03.641+0000] {gcs.py:557} INFO - File /opt/***/dags/data/2024-05-04_4.csv uploaded to pm25_raw/2024-05-04_4.csv in swu-ds-525 bucket
[2024-05-04T12:36:03.706+0000] {gcs.py:557} INFO - File /opt/***/dags/data/2024-05-02_1.csv uploaded to pm25_raw/2024-05-02_1.csv in swu-ds-525 bucket
[2024-05-04T12:36:03.784+0000] {gcs.py:557} INFO - File /opt/***/dags/data/2024-05-02_0.csv uploaded to pm25_raw/2024-05-02_0.csv in swu-ds-525 bucket
[2024-05-04T12:36:03.839+0000] {gcs.py:557} INFO - File /opt/***/dags/data/2024-05-04_7.csv uploaded to pm25_raw/2024-05-04_7.csv in swu-ds-525 bucket
[2024-05-04T12:36:03.909+0000] {gcs.py:557} INFO - File /opt/***/dags/data/2024-05-01_23.csv uploaded to pm25_raw/2024-05-01_23.csv in swu-ds-525 bucket
[2024-05-04T12:36:03.992+0000] {gcs.py:557} INFO - File /opt/***/dags/data/2024-05-04_1.csv uploaded to pm25_raw/2024-05-04_1.csv in swu-ds-525 bucket
[2024-05-04T12:36:04.241+0000] {gcs.py:557} INFO - File /opt/***/dags/data/2024-05-03_0.csv uploaded to pm25_raw/2024-05-03_0.csv in swu-ds-525 bucket
[2024-05-04T12:36:04.303+0000] {gcs.py:557} INFO - File /opt/***/dags/data/2024-05-04_12.csv uploaded to pm25_raw/2024-05-04_12.csv in swu-ds-525 bucket
[2024-05-04T12:36:04.356+0000] {gcs.py:557} INFO - File /opt/***/dags/data/2024-05-03_3.csv uploaded to pm25_raw/2024-05-03_3.csv in swu-ds-525 bucket
[2024-05-04T12:36:04.412+0000] {gcs.py:557} INFO - File /opt/***/dags/data/2024-05-02_20.csv uploaded to pm25_raw/2024-05-02_20.csv in swu-ds-525 bucket
[2024-05-04T12:36:04.487+0000] {gcs.py:557} INFO - File /opt/***/dags/data/2024-05-03_8.csv uploaded to pm25_raw/2024-05-03_8.csv in swu-ds-525 bucket
[2024-05-04T12:36:04.549+0000] {gcs.py:557} INFO - File /opt/***/dags/data/2024-05-04_13.csv uploaded to pm25_raw/2024-05-04_13.csv in swu-ds-525 bucket
[2024-05-04T12:36:04.613+0000] {gcs.py:557} INFO - File /opt/***/dags/data/2024-05-04_11.csv uploaded to pm25_raw/2024-05-04_11.csv in swu-ds-525 bucket
[2024-05-04T12:36:04.613+0000] {taskinstance.py:441} INFO - ::group::Post task execution logs
[2024-05-04T12:36:04.626+0000] {taskinstance.py:1205} INFO - Marking task as SUCCESS. dag_id=for_project, task_id=upload_to_gcs, execution_date=20240504T110000, start_date=20240504T123558, end_date=20240504T123604
[2024-05-04T12:36:04.793+0000] {local_task_job_runner.py:240} INFO - Task exited with return code 0
[2024-05-04T12:36:04.877+0000] {taskinstance.py:3482} INFO - 0 downstream tasks scheduled from follow-on schedule check
[2024-05-04T12:36:04.912+0000] {local_task_job_runner.py:222} INFO - ::endgroup::
