[2024-05-04T11:46:13.397+0000] {local_task_job_runner.py:120} INFO - ::group::Pre task execution logs
[2024-05-04T11:46:13.412+0000] {taskinstance.py:2073} INFO - Dependencies all met for dep_context=non-requeueable deps ti=<TaskInstance: sample.upload_to_gcs manual__2024-05-04T11:46:03.455239+00:00 [queued]>
[2024-05-04T11:46:13.418+0000] {taskinstance.py:2073} INFO - Dependencies all met for dep_context=requeueable deps ti=<TaskInstance: sample.upload_to_gcs manual__2024-05-04T11:46:03.455239+00:00 [queued]>
[2024-05-04T11:46:13.418+0000] {taskinstance.py:2303} INFO - Starting attempt 1 of 1
[2024-05-04T11:46:13.434+0000] {taskinstance.py:2327} INFO - Executing <Task(LocalFilesystemToGCSOperator): upload_to_gcs> on 2024-05-04 11:46:03.455239+00:00
[2024-05-04T11:46:13.453+0000] {logging_mixin.py:188} WARNING - /home/***/.local/lib/python3.12/site-packages/***/task/task_runner/standard_task_runner.py:61 DeprecationWarning: This process (pid=61842) is multi-threaded, use of fork() may lead to deadlocks in the child.
[2024-05-04T11:46:13.454+0000] {standard_task_runner.py:63} INFO - Started process 61887 to run task
[2024-05-04T11:46:13.453+0000] {standard_task_runner.py:90} INFO - Running: ['***', 'tasks', 'run', 'sample', 'upload_to_gcs', 'manual__2024-05-04T11:46:03.455239+00:00', '--job-id', '26', '--raw', '--subdir', 'DAGS_FOLDER/my_dag.py', '--cfg-path', '/tmp/tmpdo5wzbws']
[2024-05-04T11:46:13.456+0000] {standard_task_runner.py:91} INFO - Job 26: Subtask upload_to_gcs
[2024-05-04T11:46:13.521+0000] {task_command.py:426} INFO - Running <TaskInstance: sample.upload_to_gcs manual__2024-05-04T11:46:03.455239+00:00 [running]> on host 5bc5768c5236
[2024-05-04T11:46:13.884+0000] {taskinstance.py:2644} INFO - Exporting env vars: AIRFLOW_CTX_DAG_OWNER='***' AIRFLOW_CTX_DAG_ID='sample' AIRFLOW_CTX_TASK_ID='upload_to_gcs' AIRFLOW_CTX_EXECUTION_DATE='2024-05-04T11:46:03.455239+00:00' AIRFLOW_CTX_TRY_NUMBER='1' AIRFLOW_CTX_DAG_RUN_ID='manual__2024-05-04T11:46:03.455239+00:00'
[2024-05-04T11:46:13.886+0000] {taskinstance.py:430} INFO - ::endgroup::
[2024-05-04T11:46:13.892+0000] {connection.py:274} WARNING - Connection schemes (type: google_cloud_platform) shall not contain '_' according to RFC3986.
[2024-05-04T11:46:13.896+0000] {base.py:84} INFO - Using connection ID 'my_gcp_conn' for task execution.
[2024-05-04T11:46:14.154+0000] {gcs.py:557} INFO - File /opt/***/dags/data/2024-05-04_2.csv uploaded to pm25_raw/2024-05-04_2.csv in dw-projec-swu-ds525 bucket
[2024-05-04T11:46:14.225+0000] {gcs.py:557} INFO - File /opt/***/dags/data/2024-05-02_19.csv uploaded to pm25_raw/2024-05-02_19.csv in dw-projec-swu-ds525 bucket
[2024-05-04T11:46:14.281+0000] {gcs.py:557} INFO - File /opt/***/dags/data/2024-05-02_21.csv uploaded to pm25_raw/2024-05-02_21.csv in dw-projec-swu-ds525 bucket
[2024-05-04T11:46:14.332+0000] {gcs.py:557} INFO - File /opt/***/dags/data/2024-05-03_22.csv uploaded to pm25_raw/2024-05-03_22.csv in dw-projec-swu-ds525 bucket
[2024-05-04T11:46:14.395+0000] {gcs.py:557} INFO - File /opt/***/dags/data/2024-05-03_1.csv uploaded to pm25_raw/2024-05-03_1.csv in dw-projec-swu-ds525 bucket
[2024-05-04T11:46:14.456+0000] {gcs.py:557} INFO - File /opt/***/dags/data/2024-05-02_18.csv uploaded to pm25_raw/2024-05-02_18.csv in dw-projec-swu-ds525 bucket
[2024-05-04T11:46:14.525+0000] {gcs.py:557} INFO - File /opt/***/dags/data/2024-05-02_10.csv uploaded to pm25_raw/2024-05-02_10.csv in dw-projec-swu-ds525 bucket
[2024-05-04T11:46:14.588+0000] {gcs.py:557} INFO - File /opt/***/dags/data/2024-05-04_10.csv uploaded to pm25_raw/2024-05-04_10.csv in dw-projec-swu-ds525 bucket
[2024-05-04T11:46:14.652+0000] {gcs.py:557} INFO - File /opt/***/dags/data/2024-05-02_15.csv uploaded to pm25_raw/2024-05-02_15.csv in dw-projec-swu-ds525 bucket
[2024-05-04T11:46:14.713+0000] {gcs.py:557} INFO - File /opt/***/dags/data/2024-05-04_6.csv uploaded to pm25_raw/2024-05-04_6.csv in dw-projec-swu-ds525 bucket
[2024-05-04T11:46:14.777+0000] {gcs.py:557} INFO - File /opt/***/dags/data/2024-05-04_9.csv uploaded to pm25_raw/2024-05-04_9.csv in dw-projec-swu-ds525 bucket
[2024-05-04T11:46:14.840+0000] {gcs.py:557} INFO - File /opt/***/dags/data/2024-05-04_15.csv uploaded to pm25_raw/2024-05-04_15.csv in dw-projec-swu-ds525 bucket
[2024-05-04T11:46:14.903+0000] {gcs.py:557} INFO - File /opt/***/dags/data/2024-05-02_13.csv uploaded to pm25_raw/2024-05-02_13.csv in dw-projec-swu-ds525 bucket
[2024-05-04T11:46:15.025+0000] {gcs.py:557} INFO - File /opt/***/dags/data/2024-05-04_18.csv uploaded to pm25_raw/2024-05-04_18.csv in dw-projec-swu-ds525 bucket
[2024-05-04T11:46:15.086+0000] {gcs.py:557} INFO - File /opt/***/dags/data/2024-05-03_19.csv uploaded to pm25_raw/2024-05-03_19.csv in dw-projec-swu-ds525 bucket
[2024-05-04T11:46:15.150+0000] {gcs.py:557} INFO - File /opt/***/dags/data/2024-05-03_21.csv uploaded to pm25_raw/2024-05-03_21.csv in dw-projec-swu-ds525 bucket
[2024-05-04T11:46:15.220+0000] {gcs.py:557} INFO - File /opt/***/dags/data/2024-05-02_7.csv uploaded to pm25_raw/2024-05-02_7.csv in dw-projec-swu-ds525 bucket
[2024-05-04T11:46:15.276+0000] {gcs.py:557} INFO - File /opt/***/dags/data/2024-05-03_23.csv uploaded to pm25_raw/2024-05-03_23.csv in dw-projec-swu-ds525 bucket
[2024-05-04T11:46:15.325+0000] {gcs.py:557} INFO - File /opt/***/dags/data/2024-05-02_2.csv uploaded to pm25_raw/2024-05-02_2.csv in dw-projec-swu-ds525 bucket
[2024-05-04T11:46:15.372+0000] {gcs.py:557} INFO - File /opt/***/dags/data/2024-05-04_5.csv uploaded to pm25_raw/2024-05-04_5.csv in dw-projec-swu-ds525 bucket
[2024-05-04T11:46:15.439+0000] {gcs.py:557} INFO - File /opt/***/dags/data/2024-05-03_15.csv uploaded to pm25_raw/2024-05-03_15.csv in dw-projec-swu-ds525 bucket
[2024-05-04T11:46:15.493+0000] {gcs.py:557} INFO - File /opt/***/dags/data/2024-05-03_10.csv uploaded to pm25_raw/2024-05-03_10.csv in dw-projec-swu-ds525 bucket
[2024-05-04T11:46:15.552+0000] {gcs.py:557} INFO - File /opt/***/dags/data/2024-05-02_17.csv uploaded to pm25_raw/2024-05-02_17.csv in dw-projec-swu-ds525 bucket
[2024-05-04T11:46:15.614+0000] {gcs.py:557} INFO - File /opt/***/dags/data/2024-05-04_17.csv uploaded to pm25_raw/2024-05-04_17.csv in dw-projec-swu-ds525 bucket
[2024-05-04T11:46:15.679+0000] {gcs.py:557} INFO - File /opt/***/dags/data/2024-05-02_3.csv uploaded to pm25_raw/2024-05-02_3.csv in dw-projec-swu-ds525 bucket
[2024-05-04T11:46:15.731+0000] {gcs.py:557} INFO - File /opt/***/dags/data/2024-05-04_8.csv uploaded to pm25_raw/2024-05-04_8.csv in dw-projec-swu-ds525 bucket
[2024-05-04T11:46:15.798+0000] {gcs.py:557} INFO - File /opt/***/dags/data/2024-05-03_4.csv uploaded to pm25_raw/2024-05-03_4.csv in dw-projec-swu-ds525 bucket
[2024-05-04T11:46:15.868+0000] {gcs.py:557} INFO - File /opt/***/dags/data/2024-05-02_22.csv uploaded to pm25_raw/2024-05-02_22.csv in dw-projec-swu-ds525 bucket
[2024-05-04T11:46:15.926+0000] {gcs.py:557} INFO - File /opt/***/dags/data/2024-05-03_5.csv uploaded to pm25_raw/2024-05-03_5.csv in dw-projec-swu-ds525 bucket
[2024-05-04T11:46:15.994+0000] {gcs.py:557} INFO - File /opt/***/dags/data/2024-05-02_9.csv uploaded to pm25_raw/2024-05-02_9.csv in dw-projec-swu-ds525 bucket
[2024-05-04T11:46:16.061+0000] {gcs.py:557} INFO - File /opt/***/dags/data/2024-05-02_23.csv uploaded to pm25_raw/2024-05-02_23.csv in dw-projec-swu-ds525 bucket
[2024-05-04T11:46:16.114+0000] {gcs.py:557} INFO - File /opt/***/dags/data/2024-05-04_0.csv uploaded to pm25_raw/2024-05-04_0.csv in dw-projec-swu-ds525 bucket
[2024-05-04T11:46:16.180+0000] {gcs.py:557} INFO - File /opt/***/dags/data/2024-05-04_14.csv uploaded to pm25_raw/2024-05-04_14.csv in dw-projec-swu-ds525 bucket
[2024-05-04T11:46:16.238+0000] {gcs.py:557} INFO - File /opt/***/dags/data/2024-05-03_6.csv uploaded to pm25_raw/2024-05-03_6.csv in dw-projec-swu-ds525 bucket
[2024-05-04T11:46:16.292+0000] {gcs.py:557} INFO - File /opt/***/dags/data/2024-05-03_20.csv uploaded to pm25_raw/2024-05-03_20.csv in dw-projec-swu-ds525 bucket
[2024-05-04T11:46:16.342+0000] {gcs.py:557} INFO - File /opt/***/dags/data/2024-05-03_12.csv uploaded to pm25_raw/2024-05-03_12.csv in dw-projec-swu-ds525 bucket
[2024-05-04T11:46:16.395+0000] {gcs.py:557} INFO - File /opt/***/dags/data/2024-05-03_16.csv uploaded to pm25_raw/2024-05-03_16.csv in dw-projec-swu-ds525 bucket
[2024-05-04T11:46:16.442+0000] {gcs.py:557} INFO - File /opt/***/dags/data/2024-05-02_14.csv uploaded to pm25_raw/2024-05-02_14.csv in dw-projec-swu-ds525 bucket
[2024-05-04T11:46:16.501+0000] {gcs.py:557} INFO - File /opt/***/dags/data/2024-05-02_12.csv uploaded to pm25_raw/2024-05-02_12.csv in dw-projec-swu-ds525 bucket
[2024-05-04T11:46:16.560+0000] {gcs.py:557} INFO - File /opt/***/dags/data/2024-05-03_17.csv uploaded to pm25_raw/2024-05-03_17.csv in dw-projec-swu-ds525 bucket
[2024-05-04T11:46:16.628+0000] {gcs.py:557} INFO - File /opt/***/dags/data/2024-05-02_16.csv uploaded to pm25_raw/2024-05-02_16.csv in dw-projec-swu-ds525 bucket
[2024-05-04T11:46:16.728+0000] {gcs.py:557} INFO - File /opt/***/dags/data/2024-05-02_6.csv uploaded to pm25_raw/2024-05-02_6.csv in dw-projec-swu-ds525 bucket
[2024-05-04T11:46:16.775+0000] {gcs.py:557} INFO - File /opt/***/dags/data/2024-05-03_11.csv uploaded to pm25_raw/2024-05-03_11.csv in dw-projec-swu-ds525 bucket
[2024-05-04T11:46:16.842+0000] {gcs.py:557} INFO - File /opt/***/dags/data/2024-05-03_7.csv uploaded to pm25_raw/2024-05-03_7.csv in dw-projec-swu-ds525 bucket
[2024-05-04T11:46:16.903+0000] {gcs.py:557} INFO - File /opt/***/dags/data/2024-05-02_8.csv uploaded to pm25_raw/2024-05-02_8.csv in dw-projec-swu-ds525 bucket
[2024-05-04T11:46:16.966+0000] {gcs.py:557} INFO - File /opt/***/dags/data/2024-05-03_2.csv uploaded to pm25_raw/2024-05-03_2.csv in dw-projec-swu-ds525 bucket
[2024-05-04T11:46:17.014+0000] {gcs.py:557} INFO - File /opt/***/dags/data/2024-05-03_9.csv uploaded to pm25_raw/2024-05-03_9.csv in dw-projec-swu-ds525 bucket
[2024-05-04T11:46:17.068+0000] {gcs.py:557} INFO - File /opt/***/dags/data/2024-05-02_5.csv uploaded to pm25_raw/2024-05-02_5.csv in dw-projec-swu-ds525 bucket
[2024-05-04T11:46:17.124+0000] {gcs.py:557} INFO - File /opt/***/dags/data/2024-05-04_3.csv uploaded to pm25_raw/2024-05-04_3.csv in dw-projec-swu-ds525 bucket
[2024-05-04T11:46:17.184+0000] {gcs.py:557} INFO - File /opt/***/dags/data/2024-05-02_4.csv uploaded to pm25_raw/2024-05-02_4.csv in dw-projec-swu-ds525 bucket
[2024-05-04T11:46:17.248+0000] {gcs.py:557} INFO - File /opt/***/dags/data/2024-05-03_18.csv uploaded to pm25_raw/2024-05-03_18.csv in dw-projec-swu-ds525 bucket
[2024-05-04T11:46:17.297+0000] {gcs.py:557} INFO - File /opt/***/dags/data/2024-05-02_11.csv uploaded to pm25_raw/2024-05-02_11.csv in dw-projec-swu-ds525 bucket
[2024-05-04T11:46:17.366+0000] {gcs.py:557} INFO - File /opt/***/dags/data/2024-05-04_16.csv uploaded to pm25_raw/2024-05-04_16.csv in dw-projec-swu-ds525 bucket
[2024-05-04T11:46:17.451+0000] {gcs.py:557} INFO - File /opt/***/dags/data/2024-05-04_4.csv uploaded to pm25_raw/2024-05-04_4.csv in dw-projec-swu-ds525 bucket
[2024-05-04T11:46:17.500+0000] {gcs.py:557} INFO - File /opt/***/dags/data/2024-05-02_1.csv uploaded to pm25_raw/2024-05-02_1.csv in dw-projec-swu-ds525 bucket
[2024-05-04T11:46:17.582+0000] {gcs.py:557} INFO - File /opt/***/dags/data/2024-05-02_0.csv uploaded to pm25_raw/2024-05-02_0.csv in dw-projec-swu-ds525 bucket
[2024-05-04T11:46:17.647+0000] {gcs.py:557} INFO - File /opt/***/dags/data/2024-05-04_7.csv uploaded to pm25_raw/2024-05-04_7.csv in dw-projec-swu-ds525 bucket
[2024-05-04T11:46:17.699+0000] {gcs.py:557} INFO - File /opt/***/dags/data/2024-05-01_23.csv uploaded to pm25_raw/2024-05-01_23.csv in dw-projec-swu-ds525 bucket
[2024-05-04T11:46:17.752+0000] {gcs.py:557} INFO - File /opt/***/dags/data/2024-05-04_1.csv uploaded to pm25_raw/2024-05-04_1.csv in dw-projec-swu-ds525 bucket
[2024-05-04T11:46:17.826+0000] {gcs.py:557} INFO - File /opt/***/dags/data/2024-05-03_0.csv uploaded to pm25_raw/2024-05-03_0.csv in dw-projec-swu-ds525 bucket
[2024-05-04T11:46:17.881+0000] {gcs.py:557} INFO - File /opt/***/dags/data/2024-05-04_12.csv uploaded to pm25_raw/2024-05-04_12.csv in dw-projec-swu-ds525 bucket
[2024-05-04T11:46:17.936+0000] {gcs.py:557} INFO - File /opt/***/dags/data/2024-05-03_3.csv uploaded to pm25_raw/2024-05-03_3.csv in dw-projec-swu-ds525 bucket
[2024-05-04T11:46:17.996+0000] {gcs.py:557} INFO - File /opt/***/dags/data/2024-05-02_20.csv uploaded to pm25_raw/2024-05-02_20.csv in dw-projec-swu-ds525 bucket
[2024-05-04T11:46:18.055+0000] {gcs.py:557} INFO - File /opt/***/dags/data/2024-05-03_8.csv uploaded to pm25_raw/2024-05-03_8.csv in dw-projec-swu-ds525 bucket
[2024-05-04T11:46:18.111+0000] {gcs.py:557} INFO - File /opt/***/dags/data/2024-05-04_13.csv uploaded to pm25_raw/2024-05-04_13.csv in dw-projec-swu-ds525 bucket
[2024-05-04T11:46:18.161+0000] {gcs.py:557} INFO - File /opt/***/dags/data/2024-05-04_11.csv uploaded to pm25_raw/2024-05-04_11.csv in dw-projec-swu-ds525 bucket
[2024-05-04T11:46:18.161+0000] {taskinstance.py:441} INFO - ::group::Post task execution logs
[2024-05-04T11:46:18.172+0000] {taskinstance.py:1205} INFO - Marking task as SUCCESS. dag_id=sample, task_id=upload_to_gcs, execution_date=20240504T114603, start_date=20240504T114613, end_date=20240504T114618
[2024-05-04T11:46:18.237+0000] {local_task_job_runner.py:240} INFO - Task exited with return code 0
[2024-05-04T11:46:18.267+0000] {taskinstance.py:3482} INFO - 0 downstream tasks scheduled from follow-on schedule check
[2024-05-04T11:46:18.276+0000] {local_task_job_runner.py:222} INFO - ::endgroup::
