[2024-05-04T13:02:35.828+0000] {local_task_job_runner.py:120} INFO - ::group::Pre task execution logs
[2024-05-04T13:02:35.861+0000] {taskinstance.py:2073} INFO - Dependencies all met for dep_context=non-requeueable deps ti=<TaskInstance: for_project.upload_clean_to_gcs manual__2024-05-04T13:02:15.428289+00:00 [queued]>
[2024-05-04T13:02:35.880+0000] {taskinstance.py:2073} INFO - Dependencies all met for dep_context=requeueable deps ti=<TaskInstance: for_project.upload_clean_to_gcs manual__2024-05-04T13:02:15.428289+00:00 [queued]>
[2024-05-04T13:02:35.881+0000] {taskinstance.py:2303} INFO - Starting attempt 1 of 1
[2024-05-04T13:02:35.909+0000] {taskinstance.py:2327} INFO - Executing <Task(LocalFilesystemToGCSOperator): upload_clean_to_gcs> on 2024-05-04 13:02:15.428289+00:00
[2024-05-04T13:02:35.919+0000] {logging_mixin.py:188} WARNING - /home/***/.local/lib/python3.12/site-packages/***/task/task_runner/standard_task_runner.py:61 DeprecationWarning: This process (pid=102677) is multi-threaded, use of fork() may lead to deadlocks in the child.
[2024-05-04T13:02:35.919+0000] {standard_task_runner.py:90} INFO - Running: ['***', 'tasks', 'run', 'for_project', 'upload_clean_to_gcs', 'manual__2024-05-04T13:02:15.428289+00:00', '--job-id', '57', '--raw', '--subdir', 'DAGS_FOLDER/dag_for_project.py', '--cfg-path', '/tmp/tmpdw5gqr7n']
[2024-05-04T13:02:35.921+0000] {standard_task_runner.py:91} INFO - Job 57: Subtask upload_clean_to_gcs
[2024-05-04T13:02:35.920+0000] {standard_task_runner.py:63} INFO - Started process 102716 to run task
[2024-05-04T13:02:35.963+0000] {task_command.py:426} INFO - Running <TaskInstance: for_project.upload_clean_to_gcs manual__2024-05-04T13:02:15.428289+00:00 [running]> on host 5bc5768c5236
[2024-05-04T13:02:36.046+0000] {taskinstance.py:2644} INFO - Exporting env vars: AIRFLOW_CTX_DAG_OWNER='***' AIRFLOW_CTX_DAG_ID='for_project' AIRFLOW_CTX_TASK_ID='upload_clean_to_gcs' AIRFLOW_CTX_EXECUTION_DATE='2024-05-04T13:02:15.428289+00:00' AIRFLOW_CTX_TRY_NUMBER='1' AIRFLOW_CTX_DAG_RUN_ID='manual__2024-05-04T13:02:15.428289+00:00'
[2024-05-04T13:02:36.048+0000] {taskinstance.py:430} INFO - ::endgroup::
[2024-05-04T13:02:36.054+0000] {connection.py:274} WARNING - Connection schemes (type: google_cloud_platform) shall not contain '_' according to RFC3986.
[2024-05-04T13:02:36.059+0000] {base.py:84} INFO - Using connection ID 'project_conn' for task execution.
[2024-05-04T13:02:36.342+0000] {gcs.py:557} INFO - File /opt/***/dags/data/cleaned/all_data.csv uploaded to pm25_cleaned/all_data.csv in swu-ds-525 bucket
[2024-05-04T13:02:36.343+0000] {taskinstance.py:441} INFO - ::group::Post task execution logs
[2024-05-04T13:02:36.351+0000] {taskinstance.py:1205} INFO - Marking task as SUCCESS. dag_id=for_project, task_id=upload_clean_to_gcs, execution_date=20240504T130215, start_date=20240504T130235, end_date=20240504T130236
[2024-05-04T13:02:36.378+0000] {local_task_job_runner.py:240} INFO - Task exited with return code 0
[2024-05-04T13:02:36.392+0000] {taskinstance.py:3482} INFO - 0 downstream tasks scheduled from follow-on schedule check
[2024-05-04T13:02:36.399+0000] {local_task_job_runner.py:222} INFO - ::endgroup::
