[2024-05-04T07:45:28.233+0000] {local_task_job_runner.py:120} INFO - ::group::Pre task execution logs
[2024-05-04T07:45:28.244+0000] {taskinstance.py:2073} INFO - Dependencies all met for dep_context=non-requeueable deps ti=<TaskInstance: sample.upload_to_gcs scheduled__2024-05-03T00:00:00+00:00 [queued]>
[2024-05-04T07:45:28.250+0000] {taskinstance.py:2073} INFO - Dependencies all met for dep_context=requeueable deps ti=<TaskInstance: sample.upload_to_gcs scheduled__2024-05-03T00:00:00+00:00 [queued]>
[2024-05-04T07:45:28.251+0000] {taskinstance.py:2303} INFO - Starting attempt 1 of 1
[2024-05-04T07:45:28.268+0000] {taskinstance.py:2327} INFO - Executing <Task(LocalFilesystemToGCSOperator): upload_to_gcs> on 2024-05-03 00:00:00+00:00
[2024-05-04T07:45:28.278+0000] {standard_task_runner.py:90} INFO - Running: ['***', 'tasks', 'run', 'sample', 'upload_to_gcs', 'scheduled__2024-05-03T00:00:00+00:00', '--job-id', '13', '--raw', '--subdir', 'DAGS_FOLDER/my_dag.py', '--cfg-path', '/tmp/tmpk5jegztm']
[2024-05-04T07:45:28.282+0000] {standard_task_runner.py:91} INFO - Job 13: Subtask upload_to_gcs
[2024-05-04T07:45:28.282+0000] {logging_mixin.py:188} WARNING - /home/***/.local/lib/python3.12/site-packages/***/task/task_runner/standard_task_runner.py:61 DeprecationWarning: This process (pid=429) is multi-threaded, use of fork() may lead to deadlocks in the child.
[2024-05-04T07:45:28.282+0000] {standard_task_runner.py:63} INFO - Started process 431 to run task
[2024-05-04T07:45:28.322+0000] {task_command.py:426} INFO - Running <TaskInstance: sample.upload_to_gcs scheduled__2024-05-03T00:00:00+00:00 [running]> on host 5bc5768c5236
[2024-05-04T07:45:28.569+0000] {taskinstance.py:2644} INFO - Exporting env vars: AIRFLOW_CTX_DAG_OWNER='***' AIRFLOW_CTX_DAG_ID='sample' AIRFLOW_CTX_TASK_ID='upload_to_gcs' AIRFLOW_CTX_EXECUTION_DATE='2024-05-03T00:00:00+00:00' AIRFLOW_CTX_TRY_NUMBER='1' AIRFLOW_CTX_DAG_RUN_ID='scheduled__2024-05-03T00:00:00+00:00'
[2024-05-04T07:45:28.571+0000] {taskinstance.py:430} INFO - ::endgroup::
[2024-05-04T07:45:28.591+0000] {connection.py:274} WARNING - Connection schemes (type: google_cloud_platform) shall not contain '_' according to RFC3986.
[2024-05-04T07:45:28.595+0000] {base.py:84} INFO - Using connection ID 'my_scp_conn' for task execution.
[2024-05-04T07:45:28.863+0000] {gcs.py:557} INFO - File /opt/***/dags/data/2024-05-04_2.csv uploaded to pm25/2024-05-04_2.csv in swu-ds-525-525 bucket
[2024-05-04T07:45:28.956+0000] {gcs.py:557} INFO - File /opt/***/dags/data/2024-05-02_19.csv uploaded to pm25/2024-05-02_19.csv in swu-ds-525-525 bucket
[2024-05-04T07:45:29.053+0000] {gcs.py:557} INFO - File /opt/***/dags/data/2024-05-02_21.csv uploaded to pm25/2024-05-02_21.csv in swu-ds-525-525 bucket
[2024-05-04T07:45:29.128+0000] {gcs.py:557} INFO - File /opt/***/dags/data/2024-05-03_22.csv uploaded to pm25/2024-05-03_22.csv in swu-ds-525-525 bucket
[2024-05-04T07:45:29.203+0000] {gcs.py:557} INFO - File /opt/***/dags/data/2024-05-03_1.csv uploaded to pm25/2024-05-03_1.csv in swu-ds-525-525 bucket
[2024-05-04T07:45:29.278+0000] {gcs.py:557} INFO - File /opt/***/dags/data/2024-05-02_18.csv uploaded to pm25/2024-05-02_18.csv in swu-ds-525-525 bucket
[2024-05-04T07:45:29.339+0000] {gcs.py:557} INFO - File /opt/***/dags/data/2024-05-02_10.csv uploaded to pm25/2024-05-02_10.csv in swu-ds-525-525 bucket
[2024-05-04T07:45:29.436+0000] {gcs.py:557} INFO - File /opt/***/dags/data/2024-05-04_10.csv uploaded to pm25/2024-05-04_10.csv in swu-ds-525-525 bucket
[2024-05-04T07:45:29.506+0000] {gcs.py:557} INFO - File /opt/***/dags/data/2024-05-02_15.csv uploaded to pm25/2024-05-02_15.csv in swu-ds-525-525 bucket
[2024-05-04T07:45:29.572+0000] {gcs.py:557} INFO - File /opt/***/dags/data/2024-05-04_6.csv uploaded to pm25/2024-05-04_6.csv in swu-ds-525-525 bucket
[2024-05-04T07:45:29.668+0000] {gcs.py:557} INFO - File /opt/***/dags/data/2024-05-04_9.csv uploaded to pm25/2024-05-04_9.csv in swu-ds-525-525 bucket
[2024-05-04T07:45:29.734+0000] {gcs.py:557} INFO - File /opt/***/dags/data/2024-05-02_13.csv uploaded to pm25/2024-05-02_13.csv in swu-ds-525-525 bucket
[2024-05-04T07:45:29.814+0000] {gcs.py:557} INFO - File /opt/***/dags/data/2024-05-03_19.csv uploaded to pm25/2024-05-03_19.csv in swu-ds-525-525 bucket
[2024-05-04T07:45:29.872+0000] {gcs.py:557} INFO - File /opt/***/dags/data/2024-05-03_21.csv uploaded to pm25/2024-05-03_21.csv in swu-ds-525-525 bucket
[2024-05-04T07:45:29.939+0000] {gcs.py:557} INFO - File /opt/***/dags/data/2024-05-02_7.csv uploaded to pm25/2024-05-02_7.csv in swu-ds-525-525 bucket
[2024-05-04T07:45:30.008+0000] {gcs.py:557} INFO - File /opt/***/dags/data/2024-05-03_23.csv uploaded to pm25/2024-05-03_23.csv in swu-ds-525-525 bucket
[2024-05-04T07:45:30.070+0000] {gcs.py:557} INFO - File /opt/***/dags/data/2024-05-02_2.csv uploaded to pm25/2024-05-02_2.csv in swu-ds-525-525 bucket
[2024-05-04T07:45:30.139+0000] {gcs.py:557} INFO - File /opt/***/dags/data/2024-05-04_5.csv uploaded to pm25/2024-05-04_5.csv in swu-ds-525-525 bucket
[2024-05-04T07:45:30.207+0000] {gcs.py:557} INFO - File /opt/***/dags/data/2024-05-03_15.csv uploaded to pm25/2024-05-03_15.csv in swu-ds-525-525 bucket
[2024-05-04T07:45:30.288+0000] {gcs.py:557} INFO - File /opt/***/dags/data/2024-05-03_10.csv uploaded to pm25/2024-05-03_10.csv in swu-ds-525-525 bucket
[2024-05-04T07:45:30.354+0000] {gcs.py:557} INFO - File /opt/***/dags/data/2024-05-02_17.csv uploaded to pm25/2024-05-02_17.csv in swu-ds-525-525 bucket
[2024-05-04T07:45:30.427+0000] {gcs.py:557} INFO - File /opt/***/dags/data/2024-05-02_3.csv uploaded to pm25/2024-05-02_3.csv in swu-ds-525-525 bucket
[2024-05-04T07:45:30.509+0000] {gcs.py:557} INFO - File /opt/***/dags/data/2024-05-04_8.csv uploaded to pm25/2024-05-04_8.csv in swu-ds-525-525 bucket
[2024-05-04T07:45:30.571+0000] {gcs.py:557} INFO - File /opt/***/dags/data/2024-05-03_4.csv uploaded to pm25/2024-05-03_4.csv in swu-ds-525-525 bucket
[2024-05-04T07:45:30.640+0000] {gcs.py:557} INFO - File /opt/***/dags/data/2024-05-02_22.csv uploaded to pm25/2024-05-02_22.csv in swu-ds-525-525 bucket
[2024-05-04T07:45:30.721+0000] {gcs.py:557} INFO - File /opt/***/dags/data/2024-05-03_5.csv uploaded to pm25/2024-05-03_5.csv in swu-ds-525-525 bucket
[2024-05-04T07:45:30.799+0000] {gcs.py:557} INFO - File /opt/***/dags/data/2024-05-02_9.csv uploaded to pm25/2024-05-02_9.csv in swu-ds-525-525 bucket
[2024-05-04T07:45:30.873+0000] {gcs.py:557} INFO - File /opt/***/dags/data/2024-05-02_23.csv uploaded to pm25/2024-05-02_23.csv in swu-ds-525-525 bucket
[2024-05-04T07:45:30.926+0000] {gcs.py:557} INFO - File /opt/***/dags/data/2024-05-04_0.csv uploaded to pm25/2024-05-04_0.csv in swu-ds-525-525 bucket
[2024-05-04T07:45:31.003+0000] {gcs.py:557} INFO - File /opt/***/dags/data/2024-05-04_14.csv uploaded to pm25/2024-05-04_14.csv in swu-ds-525-525 bucket
[2024-05-04T07:45:31.150+0000] {gcs.py:557} INFO - File /opt/***/dags/data/2024-05-03_6.csv uploaded to pm25/2024-05-03_6.csv in swu-ds-525-525 bucket
[2024-05-04T07:45:31.226+0000] {gcs.py:557} INFO - File /opt/***/dags/data/2024-05-03_20.csv uploaded to pm25/2024-05-03_20.csv in swu-ds-525-525 bucket
[2024-05-04T07:45:31.299+0000] {gcs.py:557} INFO - File /opt/***/dags/data/2024-05-03_12.csv uploaded to pm25/2024-05-03_12.csv in swu-ds-525-525 bucket
[2024-05-04T07:45:31.350+0000] {gcs.py:557} INFO - File /opt/***/dags/data/2024-05-03_16.csv uploaded to pm25/2024-05-03_16.csv in swu-ds-525-525 bucket
[2024-05-04T07:45:31.410+0000] {gcs.py:557} INFO - File /opt/***/dags/data/2024-05-02_14.csv uploaded to pm25/2024-05-02_14.csv in swu-ds-525-525 bucket
[2024-05-04T07:45:31.484+0000] {gcs.py:557} INFO - File /opt/***/dags/data/2024-05-02_12.csv uploaded to pm25/2024-05-02_12.csv in swu-ds-525-525 bucket
[2024-05-04T07:45:31.539+0000] {gcs.py:557} INFO - File /opt/***/dags/data/2024-05-03_17.csv uploaded to pm25/2024-05-03_17.csv in swu-ds-525-525 bucket
[2024-05-04T07:45:31.605+0000] {gcs.py:557} INFO - File /opt/***/dags/data/2024-05-02_16.csv uploaded to pm25/2024-05-02_16.csv in swu-ds-525-525 bucket
[2024-05-04T07:45:31.663+0000] {gcs.py:557} INFO - File /opt/***/dags/data/2024-05-02_6.csv uploaded to pm25/2024-05-02_6.csv in swu-ds-525-525 bucket
[2024-05-04T07:45:31.721+0000] {gcs.py:557} INFO - File /opt/***/dags/data/2024-05-03_11.csv uploaded to pm25/2024-05-03_11.csv in swu-ds-525-525 bucket
[2024-05-04T07:45:31.785+0000] {gcs.py:557} INFO - File /opt/***/dags/data/2024-05-03_7.csv uploaded to pm25/2024-05-03_7.csv in swu-ds-525-525 bucket
[2024-05-04T07:45:31.995+0000] {gcs.py:557} INFO - File /opt/***/dags/data/2024-05-02_8.csv uploaded to pm25/2024-05-02_8.csv in swu-ds-525-525 bucket
[2024-05-04T07:45:32.083+0000] {gcs.py:557} INFO - File /opt/***/dags/data/2024-05-03_2.csv uploaded to pm25/2024-05-03_2.csv in swu-ds-525-525 bucket
[2024-05-04T07:45:32.166+0000] {gcs.py:557} INFO - File /opt/***/dags/data/2024-05-03_9.csv uploaded to pm25/2024-05-03_9.csv in swu-ds-525-525 bucket
[2024-05-04T07:45:32.248+0000] {gcs.py:557} INFO - File /opt/***/dags/data/2024-05-02_5.csv uploaded to pm25/2024-05-02_5.csv in swu-ds-525-525 bucket
[2024-05-04T07:45:32.315+0000] {gcs.py:557} INFO - File /opt/***/dags/data/2024-05-04_3.csv uploaded to pm25/2024-05-04_3.csv in swu-ds-525-525 bucket
[2024-05-04T07:45:32.374+0000] {gcs.py:557} INFO - File /opt/***/dags/data/2024-05-02_4.csv uploaded to pm25/2024-05-02_4.csv in swu-ds-525-525 bucket
[2024-05-04T07:45:32.434+0000] {gcs.py:557} INFO - File /opt/***/dags/data/2024-05-03_18.csv uploaded to pm25/2024-05-03_18.csv in swu-ds-525-525 bucket
[2024-05-04T07:45:32.502+0000] {gcs.py:557} INFO - File /opt/***/dags/data/2024-05-02_11.csv uploaded to pm25/2024-05-02_11.csv in swu-ds-525-525 bucket
[2024-05-04T07:45:32.560+0000] {gcs.py:557} INFO - File /opt/***/dags/data/2024-05-04_4.csv uploaded to pm25/2024-05-04_4.csv in swu-ds-525-525 bucket
[2024-05-04T07:45:32.621+0000] {gcs.py:557} INFO - File /opt/***/dags/data/2024-05-02_1.csv uploaded to pm25/2024-05-02_1.csv in swu-ds-525-525 bucket
[2024-05-04T07:45:32.685+0000] {gcs.py:557} INFO - File /opt/***/dags/data/2024-05-02_0.csv uploaded to pm25/2024-05-02_0.csv in swu-ds-525-525 bucket
[2024-05-04T07:45:32.744+0000] {gcs.py:557} INFO - File /opt/***/dags/data/2024-05-04_7.csv uploaded to pm25/2024-05-04_7.csv in swu-ds-525-525 bucket
[2024-05-04T07:45:32.806+0000] {gcs.py:557} INFO - File /opt/***/dags/data/2024-05-01_23.csv uploaded to pm25/2024-05-01_23.csv in swu-ds-525-525 bucket
[2024-05-04T07:45:32.883+0000] {gcs.py:557} INFO - File /opt/***/dags/data/2024-05-04_1.csv uploaded to pm25/2024-05-04_1.csv in swu-ds-525-525 bucket
[2024-05-04T07:45:32.949+0000] {gcs.py:557} INFO - File /opt/***/dags/data/2024-05-03_0.csv uploaded to pm25/2024-05-03_0.csv in swu-ds-525-525 bucket
[2024-05-04T07:45:33.004+0000] {gcs.py:557} INFO - File /opt/***/dags/data/2024-05-04_12.csv uploaded to pm25/2024-05-04_12.csv in swu-ds-525-525 bucket
[2024-05-04T07:45:33.065+0000] {gcs.py:557} INFO - File /opt/***/dags/data/2024-05-03_3.csv uploaded to pm25/2024-05-03_3.csv in swu-ds-525-525 bucket
[2024-05-04T07:45:33.120+0000] {gcs.py:557} INFO - File /opt/***/dags/data/2024-05-02_20.csv uploaded to pm25/2024-05-02_20.csv in swu-ds-525-525 bucket
[2024-05-04T07:45:33.188+0000] {gcs.py:557} INFO - File /opt/***/dags/data/2024-05-03_8.csv uploaded to pm25/2024-05-03_8.csv in swu-ds-525-525 bucket
[2024-05-04T07:45:33.287+0000] {gcs.py:557} INFO - File /opt/***/dags/data/2024-05-04_13.csv uploaded to pm25/2024-05-04_13.csv in swu-ds-525-525 bucket
[2024-05-04T07:45:33.371+0000] {gcs.py:557} INFO - File /opt/***/dags/data/2024-05-04_11.csv uploaded to pm25/2024-05-04_11.csv in swu-ds-525-525 bucket
[2024-05-04T07:45:33.371+0000] {taskinstance.py:441} INFO - ::group::Post task execution logs
[2024-05-04T07:45:33.378+0000] {taskinstance.py:1205} INFO - Marking task as SUCCESS. dag_id=sample, task_id=upload_to_gcs, execution_date=20240503T000000, start_date=20240504T074528, end_date=20240504T074533
[2024-05-04T07:45:33.429+0000] {local_task_job_runner.py:240} INFO - Task exited with return code 0
[2024-05-04T07:45:33.565+0000] {taskinstance.py:3482} INFO - 0 downstream tasks scheduled from follow-on schedule check
[2024-05-04T07:45:33.573+0000] {local_task_job_runner.py:222} INFO - ::endgroup::
