[2024-05-05T07:47:45.484+0000] {local_task_job_runner.py:120} INFO - ::group::Pre task execution logs
[2024-05-05T07:47:45.506+0000] {taskinstance.py:2073} INFO - Dependencies all met for dep_context=non-requeueable deps ti=<TaskInstance: sample.upload_to_gcs manual__2024-05-05T06:09:12.404579+00:00 [queued]>
[2024-05-05T07:47:45.515+0000] {taskinstance.py:2073} INFO - Dependencies all met for dep_context=requeueable deps ti=<TaskInstance: sample.upload_to_gcs manual__2024-05-05T06:09:12.404579+00:00 [queued]>
[2024-05-05T07:47:45.515+0000] {taskinstance.py:2303} INFO - Starting attempt 3 of 3
[2024-05-05T07:47:45.536+0000] {taskinstance.py:2327} INFO - Executing <Task(LocalFilesystemToGCSOperator): upload_to_gcs> on 2024-05-05 06:09:12.404579+00:00
[2024-05-05T07:47:45.553+0000] {logging_mixin.py:188} WARNING - /home/***/.local/lib/python3.12/site-packages/***/task/task_runner/standard_task_runner.py:61 DeprecationWarning: This process (pid=4576) is multi-threaded, use of fork() may lead to deadlocks in the child.
[2024-05-05T07:47:45.554+0000] {standard_task_runner.py:63} INFO - Started process 4580 to run task
[2024-05-05T07:47:45.557+0000] {standard_task_runner.py:90} INFO - Running: ['***', 'tasks', 'run', 'sample', 'upload_to_gcs', 'manual__2024-05-05T06:09:12.404579+00:00', '--job-id', '111', '--raw', '--subdir', 'DAGS_FOLDER/my_dag.py', '--cfg-path', '/tmp/tmpa83_wn8m']
[2024-05-05T07:47:45.560+0000] {standard_task_runner.py:91} INFO - Job 111: Subtask upload_to_gcs
[2024-05-05T07:47:45.636+0000] {task_command.py:426} INFO - Running <TaskInstance: sample.upload_to_gcs manual__2024-05-05T06:09:12.404579+00:00 [running]> on host 5bc5768c5236
[2024-05-05T07:47:45.924+0000] {taskinstance.py:2644} INFO - Exporting env vars: AIRFLOW_CTX_DAG_OWNER='***' AIRFLOW_CTX_DAG_ID='sample' AIRFLOW_CTX_TASK_ID='upload_to_gcs' AIRFLOW_CTX_EXECUTION_DATE='2024-05-05T06:09:12.404579+00:00' AIRFLOW_CTX_TRY_NUMBER='3' AIRFLOW_CTX_DAG_RUN_ID='manual__2024-05-05T06:09:12.404579+00:00'
[2024-05-05T07:47:45.928+0000] {taskinstance.py:430} INFO - ::endgroup::
[2024-05-05T07:47:45.941+0000] {connection.py:274} WARNING - Connection schemes (type: google_cloud_platform) shall not contain '_' according to RFC3986.
[2024-05-05T07:47:45.951+0000] {base.py:84} INFO - Using connection ID 'my_gcp_conn' for task execution.
[2024-05-05T07:47:46.300+0000] {gcs.py:557} INFO - File /opt/***/dags/data/2024-05-05_1.csv uploaded to pm25_raw/2024-05-05_1.csv in dw-projec-swu-ds525 bucket
[2024-05-05T07:47:46.358+0000] {gcs.py:557} INFO - File /opt/***/dags/data/2024-05-05_5.csv uploaded to pm25_raw/2024-05-05_5.csv in dw-projec-swu-ds525 bucket
[2024-05-05T07:47:46.416+0000] {gcs.py:557} INFO - File /opt/***/dags/data/2024-05-04_2.csv uploaded to pm25_raw/2024-05-04_2.csv in dw-projec-swu-ds525 bucket
[2024-05-05T07:47:46.477+0000] {gcs.py:557} INFO - File /opt/***/dags/data/2024-05-02_19.csv uploaded to pm25_raw/2024-05-02_19.csv in dw-projec-swu-ds525 bucket
[2024-05-05T07:47:46.542+0000] {gcs.py:557} INFO - File /opt/***/dags/data/2024-05-02_21.csv uploaded to pm25_raw/2024-05-02_21.csv in dw-projec-swu-ds525 bucket
[2024-05-05T07:47:46.604+0000] {gcs.py:557} INFO - File /opt/***/dags/data/2024-05-03_22.csv uploaded to pm25_raw/2024-05-03_22.csv in dw-projec-swu-ds525 bucket
[2024-05-05T07:47:46.663+0000] {gcs.py:557} INFO - File /opt/***/dags/data/2024-05-03_1.csv uploaded to pm25_raw/2024-05-03_1.csv in dw-projec-swu-ds525 bucket
[2024-05-05T07:47:46.758+0000] {gcs.py:557} INFO - File /opt/***/dags/data/2024-05-05_10.csv uploaded to pm25_raw/2024-05-05_10.csv in dw-projec-swu-ds525 bucket
[2024-05-05T07:47:46.830+0000] {gcs.py:557} INFO - File /opt/***/dags/data/2024-05-02_18.csv uploaded to pm25_raw/2024-05-02_18.csv in dw-projec-swu-ds525 bucket
[2024-05-05T07:47:46.886+0000] {gcs.py:557} INFO - File /opt/***/dags/data/2024-05-02_10.csv uploaded to pm25_raw/2024-05-02_10.csv in dw-projec-swu-ds525 bucket
[2024-05-05T07:47:46.950+0000] {gcs.py:557} INFO - File /opt/***/dags/data/2024-05-04_10.csv uploaded to pm25_raw/2024-05-04_10.csv in dw-projec-swu-ds525 bucket
[2024-05-05T07:47:47.035+0000] {gcs.py:557} INFO - File /opt/***/dags/data/2024-05-02_15.csv uploaded to pm25_raw/2024-05-02_15.csv in dw-projec-swu-ds525 bucket
[2024-05-05T07:47:47.087+0000] {gcs.py:557} INFO - File /opt/***/dags/data/2024-05-05_13.csv uploaded to pm25_raw/2024-05-05_13.csv in dw-projec-swu-ds525 bucket
[2024-05-05T07:47:47.149+0000] {gcs.py:557} INFO - File /opt/***/dags/data/2024-05-04_22.csv uploaded to pm25_raw/2024-05-04_22.csv in dw-projec-swu-ds525 bucket
[2024-05-05T07:47:47.200+0000] {gcs.py:557} INFO - File /opt/***/dags/data/2024-05-04_6.csv uploaded to pm25_raw/2024-05-04_6.csv in dw-projec-swu-ds525 bucket
[2024-05-05T07:47:47.261+0000] {gcs.py:557} INFO - File /opt/***/dags/data/2024-05-04_19.csv uploaded to pm25_raw/2024-05-04_19.csv in dw-projec-swu-ds525 bucket
[2024-05-05T07:47:47.321+0000] {gcs.py:557} INFO - File /opt/***/dags/data/2024-05-04_9.csv uploaded to pm25_raw/2024-05-04_9.csv in dw-projec-swu-ds525 bucket
[2024-05-05T07:47:47.375+0000] {gcs.py:557} INFO - File /opt/***/dags/data/2024-05-04_15.csv uploaded to pm25_raw/2024-05-04_15.csv in dw-projec-swu-ds525 bucket
[2024-05-05T07:47:47.435+0000] {gcs.py:557} INFO - File /opt/***/dags/data/2024-05-02_13.csv uploaded to pm25_raw/2024-05-02_13.csv in dw-projec-swu-ds525 bucket
[2024-05-05T07:47:47.491+0000] {gcs.py:557} INFO - File /opt/***/dags/data/2024-05-04_18.csv uploaded to pm25_raw/2024-05-04_18.csv in dw-projec-swu-ds525 bucket
[2024-05-05T07:47:47.550+0000] {gcs.py:557} INFO - File /opt/***/dags/data/2024-05-04_21.csv uploaded to pm25_raw/2024-05-04_21.csv in dw-projec-swu-ds525 bucket
[2024-05-05T07:47:47.627+0000] {gcs.py:557} INFO - File /opt/***/dags/data/2024-05-03_19.csv uploaded to pm25_raw/2024-05-03_19.csv in dw-projec-swu-ds525 bucket
[2024-05-05T07:47:47.692+0000] {gcs.py:557} INFO - File /opt/***/dags/data/2024-05-03_21.csv uploaded to pm25_raw/2024-05-03_21.csv in dw-projec-swu-ds525 bucket
[2024-05-05T07:47:47.748+0000] {gcs.py:557} INFO - File /opt/***/dags/data/2024-05-02_7.csv uploaded to pm25_raw/2024-05-02_7.csv in dw-projec-swu-ds525 bucket
[2024-05-05T07:47:47.819+0000] {gcs.py:557} INFO - File /opt/***/dags/data/2024-05-03_23.csv uploaded to pm25_raw/2024-05-03_23.csv in dw-projec-swu-ds525 bucket
[2024-05-05T07:47:47.881+0000] {gcs.py:557} INFO - File /opt/***/dags/data/2024-05-02_2.csv uploaded to pm25_raw/2024-05-02_2.csv in dw-projec-swu-ds525 bucket
[2024-05-05T07:47:47.936+0000] {gcs.py:557} INFO - File /opt/***/dags/data/2024-05-05_4.csv uploaded to pm25_raw/2024-05-05_4.csv in dw-projec-swu-ds525 bucket
[2024-05-05T07:47:48.005+0000] {gcs.py:557} INFO - File /opt/***/dags/data/2024-05-04_5.csv uploaded to pm25_raw/2024-05-04_5.csv in dw-projec-swu-ds525 bucket
[2024-05-05T07:47:48.062+0000] {gcs.py:557} INFO - File /opt/***/dags/data/2024-05-04_23.csv uploaded to pm25_raw/2024-05-04_23.csv in dw-projec-swu-ds525 bucket
[2024-05-05T07:47:48.117+0000] {gcs.py:557} INFO - File /opt/***/dags/data/2024-05-03_15.csv uploaded to pm25_raw/2024-05-03_15.csv in dw-projec-swu-ds525 bucket
[2024-05-05T07:47:48.175+0000] {gcs.py:557} INFO - File /opt/***/dags/data/2024-05-03_10.csv uploaded to pm25_raw/2024-05-03_10.csv in dw-projec-swu-ds525 bucket
[2024-05-05T07:47:48.228+0000] {gcs.py:557} INFO - File /opt/***/dags/data/2024-05-05_12.csv uploaded to pm25_raw/2024-05-05_12.csv in dw-projec-swu-ds525 bucket
[2024-05-05T07:47:48.281+0000] {gcs.py:557} INFO - File /opt/***/dags/data/2024-05-02_17.csv uploaded to pm25_raw/2024-05-02_17.csv in dw-projec-swu-ds525 bucket
[2024-05-05T07:47:48.349+0000] {gcs.py:557} INFO - File /opt/***/dags/data/2024-05-04_17.csv uploaded to pm25_raw/2024-05-04_17.csv in dw-projec-swu-ds525 bucket
[2024-05-05T07:47:48.418+0000] {gcs.py:557} INFO - File /opt/***/dags/data/2024-05-02_3.csv uploaded to pm25_raw/2024-05-02_3.csv in dw-projec-swu-ds525 bucket
[2024-05-05T07:47:48.492+0000] {gcs.py:557} INFO - File /opt/***/dags/data/2024-05-04_8.csv uploaded to pm25_raw/2024-05-04_8.csv in dw-projec-swu-ds525 bucket
[2024-05-05T07:47:48.564+0000] {gcs.py:557} INFO - File /opt/***/dags/data/2024-05-03_4.csv uploaded to pm25_raw/2024-05-03_4.csv in dw-projec-swu-ds525 bucket
[2024-05-05T07:47:48.624+0000] {gcs.py:557} INFO - File /opt/***/dags/data/2024-05-02_22.csv uploaded to pm25_raw/2024-05-02_22.csv in dw-projec-swu-ds525 bucket
[2024-05-05T07:47:48.691+0000] {gcs.py:557} INFO - File /opt/***/dags/data/2024-05-03_5.csv uploaded to pm25_raw/2024-05-03_5.csv in dw-projec-swu-ds525 bucket
[2024-05-05T07:47:48.746+0000] {gcs.py:557} INFO - File /opt/***/dags/data/2024-05-05_0.csv uploaded to pm25_raw/2024-05-05_0.csv in dw-projec-swu-ds525 bucket
[2024-05-05T07:47:48.801+0000] {gcs.py:557} INFO - File /opt/***/dags/data/2024-05-02_9.csv uploaded to pm25_raw/2024-05-02_9.csv in dw-projec-swu-ds525 bucket
[2024-05-05T07:47:48.869+0000] {gcs.py:557} INFO - File /opt/***/dags/data/2024-05-02_23.csv uploaded to pm25_raw/2024-05-02_23.csv in dw-projec-swu-ds525 bucket
[2024-05-05T07:47:48.934+0000] {gcs.py:557} INFO - File /opt/***/dags/data/2024-05-04_20.csv uploaded to pm25_raw/2024-05-04_20.csv in dw-projec-swu-ds525 bucket
[2024-05-05T07:47:49.000+0000] {gcs.py:557} INFO - File /opt/***/dags/data/2024-05-05_11.csv uploaded to pm25_raw/2024-05-05_11.csv in dw-projec-swu-ds525 bucket
[2024-05-05T07:47:49.047+0000] {gcs.py:557} INFO - File /opt/***/dags/data/2024-05-04_0.csv uploaded to pm25_raw/2024-05-04_0.csv in dw-projec-swu-ds525 bucket
[2024-05-05T07:47:49.115+0000] {gcs.py:557} INFO - File /opt/***/dags/data/2024-05-04_14.csv uploaded to pm25_raw/2024-05-04_14.csv in dw-projec-swu-ds525 bucket
[2024-05-05T07:47:49.177+0000] {gcs.py:557} INFO - File /opt/***/dags/data/2024-05-03_6.csv uploaded to pm25_raw/2024-05-03_6.csv in dw-projec-swu-ds525 bucket
[2024-05-05T07:47:49.233+0000] {gcs.py:557} INFO - File /opt/***/dags/data/2024-05-03_20.csv uploaded to pm25_raw/2024-05-03_20.csv in dw-projec-swu-ds525 bucket
[2024-05-05T07:47:49.303+0000] {gcs.py:557} INFO - File /opt/***/dags/data/2024-05-03_12.csv uploaded to pm25_raw/2024-05-03_12.csv in dw-projec-swu-ds525 bucket
[2024-05-05T07:47:49.371+0000] {gcs.py:557} INFO - File /opt/***/dags/data/2024-05-03_16.csv uploaded to pm25_raw/2024-05-03_16.csv in dw-projec-swu-ds525 bucket
[2024-05-05T07:47:49.421+0000] {gcs.py:557} INFO - File /opt/***/dags/data/2024-05-02_14.csv uploaded to pm25_raw/2024-05-02_14.csv in dw-projec-swu-ds525 bucket
[2024-05-05T07:47:49.469+0000] {gcs.py:557} INFO - File /opt/***/dags/data/2024-05-02_12.csv uploaded to pm25_raw/2024-05-02_12.csv in dw-projec-swu-ds525 bucket
[2024-05-05T07:47:49.531+0000] {gcs.py:557} INFO - File /opt/***/dags/data/2024-05-03_17.csv uploaded to pm25_raw/2024-05-03_17.csv in dw-projec-swu-ds525 bucket
[2024-05-05T07:47:49.583+0000] {gcs.py:557} INFO - File /opt/***/dags/data/2024-05-02_16.csv uploaded to pm25_raw/2024-05-02_16.csv in dw-projec-swu-ds525 bucket
[2024-05-05T07:47:49.637+0000] {gcs.py:557} INFO - File /opt/***/dags/data/2024-05-02_6.csv uploaded to pm25_raw/2024-05-02_6.csv in dw-projec-swu-ds525 bucket
[2024-05-05T07:47:49.694+0000] {gcs.py:557} INFO - File /opt/***/dags/data/2024-05-03_11.csv uploaded to pm25_raw/2024-05-03_11.csv in dw-projec-swu-ds525 bucket
[2024-05-05T07:47:49.751+0000] {gcs.py:557} INFO - File /opt/***/dags/data/2024-05-03_7.csv uploaded to pm25_raw/2024-05-03_7.csv in dw-projec-swu-ds525 bucket
[2024-05-05T07:47:49.806+0000] {gcs.py:557} INFO - File /opt/***/dags/data/2024-05-02_8.csv uploaded to pm25_raw/2024-05-02_8.csv in dw-projec-swu-ds525 bucket
[2024-05-05T07:47:49.870+0000] {gcs.py:557} INFO - File /opt/***/dags/data/2024-05-03_2.csv uploaded to pm25_raw/2024-05-03_2.csv in dw-projec-swu-ds525 bucket
[2024-05-05T07:47:49.917+0000] {gcs.py:557} INFO - File /opt/***/dags/data/2024-05-05_6.csv uploaded to pm25_raw/2024-05-05_6.csv in dw-projec-swu-ds525 bucket
[2024-05-05T07:47:49.970+0000] {gcs.py:557} INFO - File /opt/***/dags/data/2024-05-03_9.csv uploaded to pm25_raw/2024-05-03_9.csv in dw-projec-swu-ds525 bucket
[2024-05-05T07:47:50.019+0000] {gcs.py:557} INFO - File /opt/***/dags/data/2024-05-02_5.csv uploaded to pm25_raw/2024-05-02_5.csv in dw-projec-swu-ds525 bucket
[2024-05-05T07:47:50.093+0000] {gcs.py:557} INFO - File /opt/***/dags/data/2024-05-04_3.csv uploaded to pm25_raw/2024-05-04_3.csv in dw-projec-swu-ds525 bucket
[2024-05-05T07:47:50.153+0000] {gcs.py:557} INFO - File /opt/***/dags/data/2024-05-02_4.csv uploaded to pm25_raw/2024-05-02_4.csv in dw-projec-swu-ds525 bucket
[2024-05-05T07:47:50.203+0000] {gcs.py:557} INFO - File /opt/***/dags/data/2024-05-03_18.csv uploaded to pm25_raw/2024-05-03_18.csv in dw-projec-swu-ds525 bucket
[2024-05-05T07:47:50.254+0000] {gcs.py:557} INFO - File /opt/***/dags/data/2024-05-05_14.csv uploaded to pm25_raw/2024-05-05_14.csv in dw-projec-swu-ds525 bucket
[2024-05-05T07:47:50.330+0000] {gcs.py:557} INFO - File /opt/***/dags/data/2024-05-02_11.csv uploaded to pm25_raw/2024-05-02_11.csv in dw-projec-swu-ds525 bucket
[2024-05-05T07:47:50.393+0000] {gcs.py:557} INFO - File /opt/***/dags/data/2024-05-04_16.csv uploaded to pm25_raw/2024-05-04_16.csv in dw-projec-swu-ds525 bucket
[2024-05-05T07:47:50.455+0000] {gcs.py:557} INFO - File /opt/***/dags/data/2024-05-04_4.csv uploaded to pm25_raw/2024-05-04_4.csv in dw-projec-swu-ds525 bucket
[2024-05-05T07:47:50.515+0000] {gcs.py:557} INFO - File /opt/***/dags/data/2024-05-02_1.csv uploaded to pm25_raw/2024-05-02_1.csv in dw-projec-swu-ds525 bucket
[2024-05-05T07:47:50.566+0000] {gcs.py:557} INFO - File /opt/***/dags/data/2024-05-02_0.csv uploaded to pm25_raw/2024-05-02_0.csv in dw-projec-swu-ds525 bucket
[2024-05-05T07:47:50.628+0000] {gcs.py:557} INFO - File /opt/***/dags/data/2024-05-04_7.csv uploaded to pm25_raw/2024-05-04_7.csv in dw-projec-swu-ds525 bucket
[2024-05-05T07:47:50.675+0000] {gcs.py:557} INFO - File /opt/***/dags/data/2024-05-01_23.csv uploaded to pm25_raw/2024-05-01_23.csv in dw-projec-swu-ds525 bucket
[2024-05-05T07:47:50.760+0000] {gcs.py:557} INFO - File /opt/***/dags/data/2024-05-04_1.csv uploaded to pm25_raw/2024-05-04_1.csv in dw-projec-swu-ds525 bucket
[2024-05-05T07:47:50.818+0000] {gcs.py:557} INFO - File /opt/***/dags/data/2024-05-03_0.csv uploaded to pm25_raw/2024-05-03_0.csv in dw-projec-swu-ds525 bucket
[2024-05-05T07:47:50.868+0000] {gcs.py:557} INFO - File /opt/***/dags/data/2024-05-05_9.csv uploaded to pm25_raw/2024-05-05_9.csv in dw-projec-swu-ds525 bucket
[2024-05-05T07:47:50.912+0000] {gcs.py:557} INFO - File /opt/***/dags/data/2024-05-05_7.csv uploaded to pm25_raw/2024-05-05_7.csv in dw-projec-swu-ds525 bucket
[2024-05-05T07:47:50.959+0000] {gcs.py:557} INFO - File /opt/***/dags/data/2024-05-05_8.csv uploaded to pm25_raw/2024-05-05_8.csv in dw-projec-swu-ds525 bucket
[2024-05-05T07:47:51.006+0000] {gcs.py:557} INFO - File /opt/***/dags/data/2024-05-04_12.csv uploaded to pm25_raw/2024-05-04_12.csv in dw-projec-swu-ds525 bucket
[2024-05-05T07:47:51.070+0000] {gcs.py:557} INFO - File /opt/***/dags/data/2024-05-03_3.csv uploaded to pm25_raw/2024-05-03_3.csv in dw-projec-swu-ds525 bucket
[2024-05-05T07:47:51.139+0000] {gcs.py:557} INFO - File /opt/***/dags/data/2024-05-02_20.csv uploaded to pm25_raw/2024-05-02_20.csv in dw-projec-swu-ds525 bucket
[2024-05-05T07:47:51.201+0000] {gcs.py:557} INFO - File /opt/***/dags/data/2024-05-05_3.csv uploaded to pm25_raw/2024-05-05_3.csv in dw-projec-swu-ds525 bucket
[2024-05-05T07:47:51.265+0000] {gcs.py:557} INFO - File /opt/***/dags/data/2024-05-05_2.csv uploaded to pm25_raw/2024-05-05_2.csv in dw-projec-swu-ds525 bucket
[2024-05-05T07:47:51.331+0000] {gcs.py:557} INFO - File /opt/***/dags/data/2024-05-03_8.csv uploaded to pm25_raw/2024-05-03_8.csv in dw-projec-swu-ds525 bucket
[2024-05-05T07:47:51.389+0000] {gcs.py:557} INFO - File /opt/***/dags/data/2024-05-04_13.csv uploaded to pm25_raw/2024-05-04_13.csv in dw-projec-swu-ds525 bucket
[2024-05-05T07:47:51.449+0000] {gcs.py:557} INFO - File /opt/***/dags/data/2024-05-04_11.csv uploaded to pm25_raw/2024-05-04_11.csv in dw-projec-swu-ds525 bucket
[2024-05-05T07:47:51.449+0000] {taskinstance.py:441} INFO - ::group::Post task execution logs
[2024-05-05T07:47:51.462+0000] {taskinstance.py:1205} INFO - Marking task as SUCCESS. dag_id=sample, task_id=upload_to_gcs, execution_date=20240505T060912, start_date=20240505T074745, end_date=20240505T074751
[2024-05-05T07:47:51.509+0000] {local_task_job_runner.py:240} INFO - Task exited with return code 0
[2024-05-05T07:47:51.529+0000] {taskinstance.py:3482} INFO - 1 downstream tasks scheduled from follow-on schedule check
[2024-05-05T07:47:51.536+0000] {local_task_job_runner.py:222} INFO - ::endgroup::
