[2024-05-04T10:17:55.325+0000] {local_task_job_runner.py:120} INFO - ::group::Pre task execution logs
[2024-05-04T10:17:55.358+0000] {taskinstance.py:2073} INFO - Dependencies all met for dep_context=non-requeueable deps ti=<TaskInstance: sample.get_files manual__2024-05-04T10:17:51.645316+00:00 [queued]>
[2024-05-04T10:17:55.367+0000] {taskinstance.py:2073} INFO - Dependencies all met for dep_context=requeueable deps ti=<TaskInstance: sample.get_files manual__2024-05-04T10:17:51.645316+00:00 [queued]>
[2024-05-04T10:17:55.368+0000] {taskinstance.py:2303} INFO - Starting attempt 1 of 1
[2024-05-04T10:17:55.390+0000] {taskinstance.py:2327} INFO - Executing <Task(PythonOperator): get_files> on 2024-05-04 10:17:51.645316+00:00
[2024-05-04T10:17:55.419+0000] {logging_mixin.py:188} WARNING - /home/***/.local/lib/python3.12/site-packages/***/task/task_runner/standard_task_runner.py:61 DeprecationWarning: This process (pid=14728) is multi-threaded, use of fork() may lead to deadlocks in the child.
[2024-05-04T10:17:55.432+0000] {standard_task_runner.py:63} INFO - Started process 14820 to run task
[2024-05-04T10:17:55.423+0000] {standard_task_runner.py:90} INFO - Running: ['***', 'tasks', 'run', 'sample', 'get_files', 'manual__2024-05-04T10:17:51.645316+00:00', '--job-id', '15', '--raw', '--subdir', 'DAGS_FOLDER/my_dag.py', '--cfg-path', '/tmp/tmpntzymvae']
[2024-05-04T10:17:55.435+0000] {standard_task_runner.py:91} INFO - Job 15: Subtask get_files
[2024-05-04T10:17:55.517+0000] {task_command.py:426} INFO - Running <TaskInstance: sample.get_files manual__2024-05-04T10:17:51.645316+00:00 [running]> on host 5bc5768c5236
[2024-05-04T10:17:55.953+0000] {taskinstance.py:2644} INFO - Exporting env vars: AIRFLOW_CTX_DAG_OWNER='***' AIRFLOW_CTX_DAG_ID='sample' AIRFLOW_CTX_TASK_ID='get_files' AIRFLOW_CTX_EXECUTION_DATE='2024-05-04T10:17:51.645316+00:00' AIRFLOW_CTX_TRY_NUMBER='1' AIRFLOW_CTX_DAG_RUN_ID='manual__2024-05-04T10:17:51.645316+00:00'
[2024-05-04T10:17:55.955+0000] {taskinstance.py:430} INFO - ::endgroup::
[2024-05-04T10:17:56.267+0000] {logging_mixin.py:188} WARNING - /home/***/.local/lib/python3.12/site-packages/urllib3/connectionpool.py:1061 InsecureRequestWarning: Unverified HTTPS request is being made to host 'opendata.onde.go.th'. Adding certificate verification is strongly advised. See: https://urllib3.readthedocs.io/en/1.26.x/advanced-usage.html#ssl-warnings
[2024-05-04T10:17:59.673+0000] {logging_mixin.py:188} WARNING - /home/***/.local/lib/python3.12/site-packages/urllib3/connectionpool.py:1061 InsecureRequestWarning: Unverified HTTPS request is being made to host 'opendata.onde.go.th'. Adding certificate verification is strongly advised. See: https://urllib3.readthedocs.io/en/1.26.x/advanced-usage.html#ssl-warnings
[2024-05-04T10:18:01.329+0000] {logging_mixin.py:188} WARNING - /home/***/.local/lib/python3.12/site-packages/urllib3/connectionpool.py:1061 InsecureRequestWarning: Unverified HTTPS request is being made to host 'opendata.onde.go.th'. Adding certificate verification is strongly advised. See: https://urllib3.readthedocs.io/en/1.26.x/advanced-usage.html#ssl-warnings
[2024-05-04T10:18:01.558+0000] {logging_mixin.py:188} WARNING - /home/***/.local/lib/python3.12/site-packages/urllib3/connectionpool.py:1061 InsecureRequestWarning: Unverified HTTPS request is being made to host 'opendata.onde.go.th'. Adding certificate verification is strongly advised. See: https://urllib3.readthedocs.io/en/1.26.x/advanced-usage.html#ssl-warnings
[2024-05-04T10:18:01.784+0000] {logging_mixin.py:188} WARNING - /home/***/.local/lib/python3.12/site-packages/urllib3/connectionpool.py:1061 InsecureRequestWarning: Unverified HTTPS request is being made to host 'opendata.onde.go.th'. Adding certificate verification is strongly advised. See: https://urllib3.readthedocs.io/en/1.26.x/advanced-usage.html#ssl-warnings
[2024-05-04T10:18:02.012+0000] {logging_mixin.py:188} WARNING - /home/***/.local/lib/python3.12/site-packages/urllib3/connectionpool.py:1061 InsecureRequestWarning: Unverified HTTPS request is being made to host 'opendata.onde.go.th'. Adding certificate verification is strongly advised. See: https://urllib3.readthedocs.io/en/1.26.x/advanced-usage.html#ssl-warnings
[2024-05-04T10:18:02.270+0000] {logging_mixin.py:188} WARNING - /home/***/.local/lib/python3.12/site-packages/urllib3/connectionpool.py:1061 InsecureRequestWarning: Unverified HTTPS request is being made to host 'opendata.onde.go.th'. Adding certificate verification is strongly advised. See: https://urllib3.readthedocs.io/en/1.26.x/advanced-usage.html#ssl-warnings
[2024-05-04T10:18:02.528+0000] {logging_mixin.py:188} WARNING - /home/***/.local/lib/python3.12/site-packages/urllib3/connectionpool.py:1061 InsecureRequestWarning: Unverified HTTPS request is being made to host 'opendata.onde.go.th'. Adding certificate verification is strongly advised. See: https://urllib3.readthedocs.io/en/1.26.x/advanced-usage.html#ssl-warnings
[2024-05-04T10:18:02.769+0000] {logging_mixin.py:188} WARNING - /home/***/.local/lib/python3.12/site-packages/urllib3/connectionpool.py:1061 InsecureRequestWarning: Unverified HTTPS request is being made to host 'opendata.onde.go.th'. Adding certificate verification is strongly advised. See: https://urllib3.readthedocs.io/en/1.26.x/advanced-usage.html#ssl-warnings
[2024-05-04T10:18:03.082+0000] {logging_mixin.py:188} WARNING - /home/***/.local/lib/python3.12/site-packages/urllib3/connectionpool.py:1061 InsecureRequestWarning: Unverified HTTPS request is being made to host 'opendata.onde.go.th'. Adding certificate verification is strongly advised. See: https://urllib3.readthedocs.io/en/1.26.x/advanced-usage.html#ssl-warnings
[2024-05-04T10:18:03.333+0000] {logging_mixin.py:188} WARNING - /home/***/.local/lib/python3.12/site-packages/urllib3/connectionpool.py:1061 InsecureRequestWarning: Unverified HTTPS request is being made to host 'opendata.onde.go.th'. Adding certificate verification is strongly advised. See: https://urllib3.readthedocs.io/en/1.26.x/advanced-usage.html#ssl-warnings
[2024-05-04T10:18:03.913+0000] {logging_mixin.py:188} WARNING - /home/***/.local/lib/python3.12/site-packages/urllib3/connectionpool.py:1061 InsecureRequestWarning: Unverified HTTPS request is being made to host 'opendata.onde.go.th'. Adding certificate verification is strongly advised. See: https://urllib3.readthedocs.io/en/1.26.x/advanced-usage.html#ssl-warnings
[2024-05-04T10:18:04.269+0000] {logging_mixin.py:188} WARNING - /home/***/.local/lib/python3.12/site-packages/urllib3/connectionpool.py:1061 InsecureRequestWarning: Unverified HTTPS request is being made to host 'opendata.onde.go.th'. Adding certificate verification is strongly advised. See: https://urllib3.readthedocs.io/en/1.26.x/advanced-usage.html#ssl-warnings
[2024-05-04T10:18:04.491+0000] {logging_mixin.py:188} WARNING - /home/***/.local/lib/python3.12/site-packages/urllib3/connectionpool.py:1061 InsecureRequestWarning: Unverified HTTPS request is being made to host 'opendata.onde.go.th'. Adding certificate verification is strongly advised. See: https://urllib3.readthedocs.io/en/1.26.x/advanced-usage.html#ssl-warnings
[2024-05-04T10:18:04.862+0000] {logging_mixin.py:188} WARNING - /home/***/.local/lib/python3.12/site-packages/urllib3/connectionpool.py:1061 InsecureRequestWarning: Unverified HTTPS request is being made to host 'opendata.onde.go.th'. Adding certificate verification is strongly advised. See: https://urllib3.readthedocs.io/en/1.26.x/advanced-usage.html#ssl-warnings
[2024-05-04T10:18:05.089+0000] {logging_mixin.py:188} WARNING - /home/***/.local/lib/python3.12/site-packages/urllib3/connectionpool.py:1061 InsecureRequestWarning: Unverified HTTPS request is being made to host 'opendata.onde.go.th'. Adding certificate verification is strongly advised. See: https://urllib3.readthedocs.io/en/1.26.x/advanced-usage.html#ssl-warnings
[2024-05-04T10:18:05.317+0000] {logging_mixin.py:188} WARNING - /home/***/.local/lib/python3.12/site-packages/urllib3/connectionpool.py:1061 InsecureRequestWarning: Unverified HTTPS request is being made to host 'opendata.onde.go.th'. Adding certificate verification is strongly advised. See: https://urllib3.readthedocs.io/en/1.26.x/advanced-usage.html#ssl-warnings
[2024-05-04T10:18:05.542+0000] {logging_mixin.py:188} WARNING - /home/***/.local/lib/python3.12/site-packages/urllib3/connectionpool.py:1061 InsecureRequestWarning: Unverified HTTPS request is being made to host 'opendata.onde.go.th'. Adding certificate verification is strongly advised. See: https://urllib3.readthedocs.io/en/1.26.x/advanced-usage.html#ssl-warnings
[2024-05-04T10:18:05.786+0000] {logging_mixin.py:188} WARNING - /home/***/.local/lib/python3.12/site-packages/urllib3/connectionpool.py:1061 InsecureRequestWarning: Unverified HTTPS request is being made to host 'opendata.onde.go.th'. Adding certificate verification is strongly advised. See: https://urllib3.readthedocs.io/en/1.26.x/advanced-usage.html#ssl-warnings
[2024-05-04T10:18:06.078+0000] {logging_mixin.py:188} WARNING - /home/***/.local/lib/python3.12/site-packages/urllib3/connectionpool.py:1061 InsecureRequestWarning: Unverified HTTPS request is being made to host 'opendata.onde.go.th'. Adding certificate verification is strongly advised. See: https://urllib3.readthedocs.io/en/1.26.x/advanced-usage.html#ssl-warnings
[2024-05-04T10:18:06.387+0000] {logging_mixin.py:188} WARNING - /home/***/.local/lib/python3.12/site-packages/urllib3/connectionpool.py:1061 InsecureRequestWarning: Unverified HTTPS request is being made to host 'opendata.onde.go.th'. Adding certificate verification is strongly advised. See: https://urllib3.readthedocs.io/en/1.26.x/advanced-usage.html#ssl-warnings
[2024-05-04T10:18:06.613+0000] {logging_mixin.py:188} WARNING - /home/***/.local/lib/python3.12/site-packages/urllib3/connectionpool.py:1061 InsecureRequestWarning: Unverified HTTPS request is being made to host 'opendata.onde.go.th'. Adding certificate verification is strongly advised. See: https://urllib3.readthedocs.io/en/1.26.x/advanced-usage.html#ssl-warnings
[2024-05-04T10:18:06.972+0000] {logging_mixin.py:188} WARNING - /home/***/.local/lib/python3.12/site-packages/urllib3/connectionpool.py:1061 InsecureRequestWarning: Unverified HTTPS request is being made to host 'opendata.onde.go.th'. Adding certificate verification is strongly advised. See: https://urllib3.readthedocs.io/en/1.26.x/advanced-usage.html#ssl-warnings
[2024-05-04T10:18:07.217+0000] {logging_mixin.py:188} WARNING - /home/***/.local/lib/python3.12/site-packages/urllib3/connectionpool.py:1061 InsecureRequestWarning: Unverified HTTPS request is being made to host 'opendata.onde.go.th'. Adding certificate verification is strongly advised. See: https://urllib3.readthedocs.io/en/1.26.x/advanced-usage.html#ssl-warnings
[2024-05-04T10:18:07.454+0000] {logging_mixin.py:188} WARNING - /home/***/.local/lib/python3.12/site-packages/urllib3/connectionpool.py:1061 InsecureRequestWarning: Unverified HTTPS request is being made to host 'opendata.onde.go.th'. Adding certificate verification is strongly advised. See: https://urllib3.readthedocs.io/en/1.26.x/advanced-usage.html#ssl-warnings
[2024-05-04T10:18:07.569+0000] {python.py:237} INFO - Done. Returned value was: None
[2024-05-04T10:18:07.569+0000] {taskinstance.py:441} INFO - ::group::Post task execution logs
[2024-05-04T10:18:07.576+0000] {taskinstance.py:1205} INFO - Marking task as SUCCESS. dag_id=sample, task_id=get_files, execution_date=20240504T101751, start_date=20240504T101755, end_date=20240504T101807
[2024-05-04T10:18:07.645+0000] {local_task_job_runner.py:240} INFO - Task exited with return code 0
[2024-05-04T10:18:07.794+0000] {taskinstance.py:3482} INFO - 1 downstream tasks scheduled from follow-on schedule check
[2024-05-04T10:18:07.802+0000] {local_task_job_runner.py:222} INFO - ::endgroup::
